<?xml version="1.0" encoding="UTF-8"?>
<coverage generated="1754571532922" clover="3.2.0">
  <project timestamp="1754571532922" name="All files">
    <metrics statements="3627" coveredstatements="3565" conditionals="2260" coveredconditionals="2125" methods="388" coveredmethods="378" elements="6275" coveredelements="6068" complexity="0" loc="3627" ncloc="3627" packages="15" files="55" classes="55"/>
    <package name="src">
      <metrics statements="22" coveredstatements="22" conditionals="4" coveredconditionals="4" methods="4" coveredmethods="4"/>
      <file name="to-nodejs-view.ts" path="/Users/yasu/work/axentax-compiler/src/to-nodejs-view.ts">
        <metrics statements="22" coveredstatements="22" conditionals="4" coveredconditionals="4" methods="4" coveredmethods="4"/>
        <line num="61" count="1" type="stmt"/>
        <line num="64" count="6" type="stmt"/>
        <line num="66" count="6" type="stmt"/>
        <line num="67" count="6" type="stmt"/>
        <line num="74" count="6" type="stmt"/>
        <line num="80" count="6" type="stmt"/>
        <line num="81" count="18" type="stmt"/>
        <line num="84" count="6" type="stmt"/>
        <line num="93" count="18" type="stmt"/>
        <line num="94" count="18" type="stmt"/>
        <line num="95" count="18" type="stmt"/>
        <line num="96" count="17" type="stmt"/>
        <line num="98" count="17" type="cond" truecount="2" falsecount="0"/>
        <line num="100" count="16" type="stmt"/>
        <line num="101" count="16" type="stmt"/>
        <line num="102" count="16" type="stmt"/>
        <line num="104" count="16" type="stmt"/>
        <line num="105" count="16" type="stmt"/>
        <line num="107" count="96" type="cond" truecount="2" falsecount="0"/>
        <line num="112" count="16" type="stmt"/>
        <line num="114" count="16" type="stmt"/>
        <line num="121" count="18" type="stmt"/>
      </file>
    </package>
    <package name="src.conductor">
      <metrics statements="63" coveredstatements="63" conditionals="30" coveredconditionals="30" methods="14" coveredmethods="14"/>
      <file name="conductor.ts" path="/Users/yasu/work/axentax-compiler/src/conductor/conductor.ts">
        <metrics statements="48" coveredstatements="48" conditionals="26" coveredconditionals="26" methods="12" coveredmethods="12"/>
        <line num="1" count="24" type="stmt"/>
        <line num="4" count="24" type="stmt"/>
        <line num="5" count="24" type="stmt"/>
        <line num="7" count="24" type="stmt"/>
        <line num="8" count="24" type="stmt"/>
        <line num="11" count="24" type="stmt"/>
        <line num="82" count="24" type="stmt"/>
        <line num="113" count="2753" type="stmt"/>
        <line num="132" count="8259" type="stmt"/>
        <line num="162" count="2753" type="cond" truecount="2" falsecount="0"/>
        <line num="163" count="12" type="stmt"/>
        <line num="166" count="2753" type="stmt"/>
        <line num="198" count="2751" type="stmt"/>
        <line num="199" count="2751" type="stmt"/>
        <line num="203" count="2751" type="cond" truecount="2" falsecount="0"/>
        <line num="204" count="296" type="stmt"/>
        <line num="214" count="296" type="cond" truecount="2" falsecount="0"/>
        <line num="216" count="296" type="stmt"/>
        <line num="221" count="2455" type="stmt"/>
        <line num="222" count="2455" type="stmt"/>
        <line num="223" count="7365" type="stmt"/>
        <line num="225" count="35492" type="stmt"/>
        <line num="226" count="35492" type="stmt"/>
        <line num="227" count="35492" type="stmt"/>
        <line num="228" count="35492" type="stmt"/>
        <line num="232" count="2455" type="cond" truecount="2" falsecount="0"/>
        <line num="234" count="9" type="stmt"/>
        <line num="237" count="9" type="stmt"/>
        <line num="246" count="2446" type="cond" truecount="2" falsecount="0"/>
        <line num="249" count="2446" type="cond" truecount="2" falsecount="0"/>
        <line num="258" count="2446" type="stmt"/>
        <line num="297" count="2753" type="stmt"/>
        <line num="300" count="2753" type="stmt"/>
        <line num="301" count="2753" type="cond" truecount="2" falsecount="0"/>
        <line num="302" count="2745" type="stmt"/>
        <line num="305" count="2745" type="stmt"/>
        <line num="306" count="2745" type="cond" truecount="2" falsecount="0"/>
        <line num="309" count="2695" type="stmt"/>
        <line num="310" count="2695" type="cond" truecount="2" falsecount="0"/>
        <line num="313" count="2457" type="stmt"/>
        <line num="316" count="2457" type="stmt"/>
        <line num="337" count="2385" type="stmt"/>
        <line num="340" count="7155" type="stmt"/>
        <line num="355" count="2385" type="stmt"/>
        <line num="372" count="2753" type="stmt"/>
        <line num="374" count="9" type="stmt"/>
        <line num="392" count="2745" type="stmt"/>
        <line num="393" count="2" type="stmt"/>
      </file>
      <file name="settings.ts" path="/Users/yasu/work/axentax-compiler/src/conductor/settings.ts">
        <metrics statements="5" coveredstatements="5" conditionals="0" coveredconditionals="0" methods="0" coveredmethods="0"/>
        <line num="1" count="27" type="stmt"/>
        <line num="2" count="27" type="stmt"/>
        <line num="4" count="27" type="stmt"/>
        <line num="15" count="27" type="stmt"/>
        <line num="52" count="27" type="stmt"/>
      </file>
      <file name="utils.vers.ts" path="/Users/yasu/work/axentax-compiler/src/conductor/utils.vers.ts">
        <metrics statements="7" coveredstatements="7" conditionals="4" coveredconditionals="4" methods="2" coveredmethods="2"/>
        <line num="3" count="34" type="stmt"/>
        <line num="4" count="34" type="stmt"/>
        <line num="11" count="34" type="stmt"/>
        <line num="12" count="4" type="cond" truecount="2" falsecount="0"/>
        <line num="13" count="7" type="cond" truecount="2" falsecount="0"/>
        <line num="16" count="34" type="stmt"/>
        <line num="32" count="34" type="stmt"/>
      </file>
      <file name="version.ts" path="/Users/yasu/work/axentax-compiler/src/conductor/version.ts">
        <metrics statements="1" coveredstatements="1" conditionals="0" coveredconditionals="0" methods="0" coveredmethods="0"/>
        <line num="1" count="28" type="stmt"/>
      </file>
      <file name="x-var.ts" path="/Users/yasu/work/axentax-compiler/src/conductor/x-var.ts">
        <metrics statements="2" coveredstatements="2" conditionals="0" coveredconditionals="0" methods="0" coveredmethods="0"/>
        <line num="6" count="40" type="stmt"/>
        <line num="48" count="40" type="stmt"/>
      </file>
    </package>
    <package name="src.conductor.chord-to-fingering">
      <metrics statements="172" coveredstatements="172" conditionals="107" coveredconditionals="107" methods="38" coveredmethods="38"/>
      <file name="chord-to-fingering.ts" path="/Users/yasu/work/axentax-compiler/src/conductor/chord-to-fingering/chord-to-fingering.ts">
        <metrics statements="172" coveredstatements="172" conditionals="107" coveredconditionals="107" methods="38" coveredmethods="38"/>
        <line num="1" count="25" type="stmt"/>
        <line num="3" count="25" type="stmt"/>
        <line num="4" count="25" type="stmt"/>
        <line num="5" count="25" type="stmt"/>
        <line num="109" count="25" type="stmt"/>
        <line num="124" count="8596" type="stmt"/>
        <line num="127" count="8596" type="cond" truecount="2" falsecount="0"/>
        <line num="128" count="8596" type="cond" truecount="2" falsecount="0"/>
        <line num="129" count="8596" type="cond" truecount="2" falsecount="0"/>
        <line num="130" count="8596" type="cond" truecount="2" falsecount="0"/>
        <line num="131" count="80" type="stmt"/>
        <line num="132" count="371" type="stmt"/>
        <line num="137" count="8596" type="stmt"/>
        <line num="138" count="8596" type="cond" truecount="2" falsecount="0"/>
        <line num="139" count="12" type="stmt"/>
        <line num="143" count="8596" type="stmt"/>
        <line num="144" count="8596" type="cond" truecount="2" falsecount="0"/>
        <line num="145" count="39" type="stmt"/>
        <line num="151" count="8557" type="cond" truecount="2" falsecount="0"/>
        <line num="152" count="12" type="stmt"/>
        <line num="153" count="12" type="stmt"/>
        <line num="156" count="25901" type="stmt"/>
        <line num="159" count="8557" type="stmt"/>
        <line num="160" count="8557" type="stmt"/>
        <line num="161" count="25889" type="cond" truecount="2" falsecount="0"/>
        <line num="162" count="46" type="stmt"/>
        <line num="167" count="8557" type="stmt"/>
        <line num="168" count="8557" type="stmt"/>
        <line num="169" count="25889" type="cond" truecount="2" falsecount="0"/>
        <line num="172" count="8557" type="stmt"/>
        <line num="182" count="8557" type="stmt"/>
        <line num="185" count="8556" type="stmt"/>
        <line num="192" count="8556" type="stmt"/>
        <line num="206" count="8557" type="stmt"/>
        <line num="207" count="8557" type="stmt"/>
        <line num="208" count="51328" type="stmt"/>
        <line num="209" count="51328" type="stmt"/>
        <line num="210" count="51328" type="stmt"/>
        <line num="211" count="1283176" type="stmt"/>
        <line num="212" count="1283175" type="cond" truecount="2" falsecount="0"/>
        <line num="214" count="51327" type="stmt"/>
        <line num="216" count="8556" type="stmt"/>
        <line num="231" count="8556" type="stmt"/>
        <line num="233" count="8556" type="stmt"/>
        <line num="234" count="8556" type="stmt"/>
        <line num="237" count="8556" type="stmt"/>
        <line num="244" count="8556" type="stmt"/>
        <line num="247" count="25898" type="stmt"/>
        <line num="250" count="17333" type="stmt"/>
        <line num="253" count="8556" type="stmt"/>
        <line num="254" count="745715" type="stmt"/>
        <line num="255" count="436928" type="stmt"/>
        <line num="259" count="8556" type="stmt"/>
        <line num="260" count="70292" type="stmt"/>
        <line num="261" count="75709" type="stmt"/>
        <line num="265" count="8556" type="stmt"/>
        <line num="266" count="7429" type="stmt"/>
        <line num="277" count="8556" type="stmt"/>
        <line num="282" count="170135" type="stmt"/>
        <line num="285" count="170135" type="stmt"/>
        <line num="287" count="629961" type="stmt"/>
        <line num="289" count="170135" type="cond" truecount="2" falsecount="0"/>
        <line num="290" count="5578" type="cond" truecount="2" falsecount="0"/>
        <line num="291" count="1741" type="stmt"/>
        <line num="295" count="164557" type="stmt"/>
        <line num="299" count="170135" type="cond" truecount="7" falsecount="0"/>
        <line num="304" count="20" type="stmt"/>
        <line num="305" count="20" type="stmt"/>
        <line num="309" count="170135" type="cond" truecount="2" falsecount="0"/>
        <line num="310" count="7329" type="stmt"/>
        <line num="311" count="1837" type="stmt"/>
        <line num="312" count="1837" type="cond" truecount="2" falsecount="0"/>
        <line num="314" count="854" type="stmt"/>
        <line num="320" count="170135" type="cond" truecount="4" falsecount="0"/>
        <line num="321" count="309" type="cond" truecount="2" falsecount="0"/>
        <line num="322" count="223" type="stmt"/>
        <line num="327" count="170135" type="stmt"/>
        <line num="328" count="170135" type="stmt"/>
        <line num="330" count="170135" type="stmt"/>
        <line num="332" count="609513" type="cond" truecount="2" falsecount="0"/>
        <line num="338" count="551279" type="stmt"/>
        <line num="342" count="609513" type="cond" truecount="2" falsecount="0"/>
        <line num="343" count="70292" type="stmt"/>
        <line num="346" count="70292" type="stmt"/>
        <line num="349" count="70292" type="stmt"/>
        <line num="350" count="70292" type="cond" truecount="2" falsecount="0"/>
        <line num="352" count="937" type="stmt"/>
        <line num="355" count="70292" type="cond" truecount="4" falsecount="0"/>
        <line num="357" count="55654" type="cond" truecount="2" falsecount="0"/>
        <line num="358" count="437" type="stmt"/>
        <line num="362" count="55654" type="stmt"/>
        <line num="363" count="76487" type="stmt"/>
        <line num="364" count="172837" type="stmt"/>
        <line num="366" count="55654" type="cond" truecount="2" falsecount="0"/>
        <line num="367" count="55226" type="stmt"/>
        <line num="368" count="55226" type="stmt"/>
        <line num="369" count="75674" type="stmt"/>
        <line num="373" count="55226" type="stmt"/>
        <line num="380" count="554287" type="stmt"/>
        <line num="383" count="114909" type="stmt"/>
        <line num="397" count="8556" type="stmt"/>
        <line num="402" count="170135" type="stmt"/>
        <line num="403" count="170135" type="stmt"/>
        <line num="406" count="170135" type="cond" truecount="2" falsecount="0"/>
        <line num="407" count="6670" type="cond" truecount="2" falsecount="0"/>
        <line num="408" count="1627" type="stmt"/>
        <line num="413" count="170135" type="cond" truecount="2" falsecount="0"/>
        <line num="418" count="170135" type="stmt"/>
        <line num="431" count="8556" type="stmt"/>
        <line num="433" count="189116" type="stmt"/>
        <line num="436" count="189116" type="stmt"/>
        <line num="439" count="189116" type="stmt"/>
        <line num="440" count="660493" type="stmt"/>
        <line num="443" count="660493" type="stmt"/>
        <line num="444" count="660493" type="stmt"/>
        <line num="445" count="2642826" type="stmt"/>
        <line num="446" count="2642826" type="cond" truecount="2" falsecount="0"/>
        <line num="447" count="680661" type="stmt"/>
        <line num="450" count="660493" type="stmt"/>
        <line num="453" count="189116" type="stmt"/>
        <line num="454" count="189116" type="stmt"/>
        <line num="456" count="908866" type="stmt"/>
        <line num="457" count="265784" type="cond" truecount="4" falsecount="0"/>
        <line num="458" count="95649" type="stmt"/>
        <line num="460" count="170135" type="stmt"/>
        <line num="461" count="170135" type="stmt"/>
        <line num="467" count="189116" type="stmt"/>
        <line num="469" count="170135" type="stmt"/>
        <line num="472" count="170135" type="stmt"/>
        <line num="473" count="170135" type="stmt"/>
        <line num="474" count="170135" type="stmt"/>
        <line num="475" count="170135" type="stmt"/>
        <line num="476" count="170135" type="stmt"/>
        <line num="477" count="554287" type="cond" truecount="2" falsecount="0"/>
        <line num="478" count="554226" type="stmt"/>
        <line num="479" count="554226" type="stmt"/>
        <line num="483" count="170135" type="stmt"/>
        <line num="484" count="1020926" type="cond" truecount="6" falsecount="0"/>
        <line num="488" count="1020926" type="cond" truecount="2" falsecount="0"/>
        <line num="491" count="170135" type="stmt"/>
        <line num="500" count="8556" type="stmt"/>
        <line num="503" count="33986" type="stmt"/>
        <line num="504" count="33986" type="stmt"/>
        <line num="505" count="611748" type="stmt"/>
        <line num="506" count="611748" type="cond" truecount="4" falsecount="0"/>
        <line num="510" count="51993" type="cond" truecount="2" falsecount="0"/>
        <line num="514" count="51993" type="cond" truecount="4" falsecount="0"/>
        <line num="517" count="51993" type="stmt"/>
        <line num="518" count="189116" type="stmt"/>
        <line num="526" count="8556" type="cond" truecount="2" falsecount="0"/>
        <line num="527" count="8469" type="cond" truecount="2" falsecount="0"/>
        <line num="528" count="475410" type="stmt"/>
        <line num="530" count="487" type="stmt"/>
        <line num="533" count="500221" type="stmt"/>
        <line num="535" count="8556" type="stmt"/>
        <line num="543" count="8556" type="stmt"/>
        <line num="559" count="660493" type="stmt"/>
        <line num="561" count="189116" type="cond" truecount="2" falsecount="0"/>
        <line num="572" count="189089" type="stmt"/>
        <line num="573" count="978577" type="cond" truecount="2" falsecount="0"/>
        <line num="574" count="265784" type="stmt"/>
        <line num="575" count="265784" type="stmt"/>
        <line num="577" count="789488" type="stmt"/>
        <line num="580" count="189089" type="stmt"/>
        <line num="581" count="189089" type="stmt"/>
        <line num="582" count="189089" type="stmt"/>
        <line num="596" count="1837" type="cond" truecount="2" falsecount="0"/>
        <line num="597" count="1520" type="stmt"/>
        <line num="601" count="317" type="stmt"/>
        <line num="602" count="1346" type="cond" truecount="2" falsecount="0"/>
        <line num="603" count="107" type="stmt"/>
        <line num="608" count="210" type="stmt"/>
      </file>
    </package>
    <package name="src.conductor.compile-block">
      <metrics statements="878" coveredstatements="873" conditionals="617" coveredconditionals="585" methods="39" coveredmethods="39"/>
      <file name="compile-block.ts" path="/Users/yasu/work/axentax-compiler/src/conductor/compile-block/compile-block.ts">
        <metrics statements="69" coveredstatements="69" conditionals="47" coveredconditionals="47" methods="4" coveredmethods="4"/>
        <line num="1" count="24" type="stmt"/>
        <line num="3" count="24" type="stmt"/>
        <line num="5" count="24" type="stmt"/>
        <line num="7" count="24" type="stmt"/>
        <line num="8" count="24" type="stmt"/>
        <line num="9" count="24" type="stmt"/>
        <line num="45" count="24" type="stmt"/>
        <line num="66" count="2695" type="stmt"/>
        <line num="67" count="2695" type="cond" truecount="2" falsecount="0"/>
        <line num="71" count="2649" type="stmt"/>
        <line num="72" count="2649" type="cond" truecount="2" falsecount="0"/>
        <line num="75" count="2618" type="stmt"/>
        <line num="76" count="2618" type="cond" truecount="2" falsecount="0"/>
        <line num="79" count="2534" type="stmt"/>
        <line num="80" count="2534" type="cond" truecount="2" falsecount="0"/>
        <line num="98" count="2457" type="stmt"/>
        <line num="121" count="2695" type="stmt"/>
        <line num="124" count="2695" type="stmt"/>
        <line num="125" count="2695" type="stmt"/>
        <line num="128" count="38195" type="cond" truecount="2" falsecount="0"/>
        <line num="131" count="2979" type="stmt"/>
        <line num="132" count="2979" type="stmt"/>
        <line num="133" count="2979" type="cond" truecount="2" falsecount="0"/>
        <line num="137" count="2944" type="stmt"/>
        <line num="144" count="2944" type="stmt"/>
        <line num="147" count="2944" type="stmt"/>
        <line num="179" count="2944" type="stmt"/>
        <line num="181" count="2944" type="stmt"/>
        <line num="186" count="2660" type="cond" truecount="2" falsecount="0"/>
        <line num="187" count="8" type="stmt"/>
        <line num="189" count="2652" type="stmt"/>
        <line num="193" count="2652" type="stmt"/>
        <line num="194" count="5301" type="stmt"/>
        <line num="197" count="5301" type="stmt"/>
        <line num="203" count="5880" type="stmt"/>
        <line num="215" count="5301" type="stmt"/>
        <line num="218" count="1200" type="cond" truecount="2" falsecount="0"/>
        <line num="221" count="166" type="stmt"/>
        <line num="222" count="166" type="stmt"/>
        <line num="223" count="166" type="cond" truecount="2" falsecount="0"/>
        <line num="227" count="163" type="stmt"/>
        <line num="233" count="163" type="stmt"/>
        <line num="236" count="163" type="cond" truecount="2" falsecount="0"/>
        <line num="237" count="50" type="stmt"/>
        <line num="238" count="123" type="stmt"/>
        <line num="247" count="163" type="stmt"/>
        <line num="254" count="163" type="stmt"/>
        <line num="259" count="5298" type="stmt"/>
        <line num="260" count="5594" type="stmt"/>
        <line num="268" count="2649" type="stmt"/>
        <line num="277" count="3145" type="stmt"/>
        <line num="278" count="3145" type="stmt"/>
        <line num="281" count="5401" type="cond" truecount="2" falsecount="0"/>
        <line num="282" count="2652" type="stmt"/>
        <line num="283" count="2652" type="cond" truecount="2" falsecount="0"/>
        <line num="284" count="2649" type="stmt"/>
        <line num="288" count="2749" type="cond" truecount="2" falsecount="0"/>
        <line num="289" count="2681" type="cond" truecount="2" falsecount="0"/>
        <line num="290" count="3" type="stmt"/>
        <line num="294" count="2678" type="stmt"/>
        <line num="295" count="2678" type="cond" truecount="2" falsecount="0"/>
        <line num="296" count="2671" type="stmt"/>
        <line num="300" count="68" type="cond" truecount="2" falsecount="0"/>
        <line num="302" count="45" type="stmt"/>
        <line num="303" count="45" type="cond" truecount="2" falsecount="0"/>
        <line num="304" count="43" type="stmt"/>
        <line num="310" count="23" type="stmt"/>
        <line num="314" count="5363" type="stmt"/>
        <line num="317" count="3107" type="stmt"/>
      </file>
      <file name="mod-0-syntax.ts" path="/Users/yasu/work/axentax-compiler/src/conductor/compile-block/mod-0-syntax.ts">
        <metrics statements="205" coveredstatements="205" conditionals="129" coveredconditionals="129" methods="4" coveredmethods="4"/>
        <line num="1" count="24" type="stmt"/>
        <line num="2" count="24" type="stmt"/>
        <line num="4" count="24" type="stmt"/>
        <line num="5" count="24" type="stmt"/>
        <line num="21" count="24" type="stmt"/>
        <line num="41" count="2745" type="stmt"/>
        <line num="42" count="2745" type="stmt"/>
        <line num="43" count="2745" type="stmt"/>
        <line num="44" count="2745" type="stmt"/>
        <line num="45" count="2745" type="stmt"/>
        <line num="46" count="2745" type="stmt"/>
        <line num="47" count="2745" type="stmt"/>
        <line num="48" count="2745" type="stmt"/>
        <line num="49" count="2745" type="stmt"/>
        <line num="51" count="2745" type="stmt"/>
        <line num="52" count="2745" type="stmt"/>
        <line num="54" count="2745" type="stmt"/>
        <line num="55" count="2745" type="stmt"/>
        <line num="59" count="2745" type="stmt"/>
        <line num="60" count="2745" type="stmt"/>
        <line num="61" count="2745" type="stmt"/>
        <line num="64" count="2745" type="stmt"/>
        <line num="67" count="2745" type="stmt"/>
        <line num="68" count="2745" type="stmt"/>
        <line num="85" count="2745" type="cond" truecount="1" falsecount="0"/>
        <line num="86" count="49291" type="cond" truecount="2" falsecount="0"/>
        <line num="90" count="49291" type="stmt"/>
        <line num="93" count="49291" type="cond" truecount="2" falsecount="0"/>
        <line num="94" count="42596" type="stmt"/>
        <line num="96" count="42596" type="cond" truecount="2" falsecount="0"/>
        <line num="98" count="172" type="cond" truecount="2" falsecount="0"/>
        <line num="99" count="1" type="stmt"/>
        <line num="101" count="1" type="stmt"/>
        <line num="103" count="171" type="cond" truecount="2" falsecount="0"/>
        <line num="104" count="1" type="stmt"/>
        <line num="106" count="1" type="stmt"/>
        <line num="108" count="170" type="stmt"/>
        <line num="109" count="170" type="cond" truecount="2" falsecount="0"/>
        <line num="110" count="1" type="stmt"/>
        <line num="112" count="1" type="stmt"/>
        <line num="116" count="169" type="stmt"/>
        <line num="118" count="42424" type="cond" truecount="2" falsecount="0"/>
        <line num="120" count="4058" type="stmt"/>
        <line num="121" count="4058" type="cond" truecount="2" falsecount="0"/>
        <line num="123" count="4058" type="stmt"/>
        <line num="124" count="4058" type="stmt"/>
        <line num="126" count="38366" type="cond" truecount="2" falsecount="0"/>
        <line num="128" count="8531" type="cond" truecount="2" falsecount="0"/>
        <line num="130" count="3018" type="stmt"/>
        <line num="134" count="3018" type="stmt"/>
        <line num="136" count="3018" type="stmt"/>
        <line num="138" count="5513" type="stmt"/>
        <line num="141" count="29835" type="cond" truecount="2" falsecount="0"/>
        <line num="143" count="71" type="stmt"/>
        <line num="145" count="29764" type="cond" truecount="2" falsecount="0"/>
        <line num="147" count="46" type="stmt"/>
        <line num="148" count="46" type="stmt"/>
        <line num="150" count="46" type="stmt"/>
        <line num="152" count="29718" type="cond" truecount="2" falsecount="0"/>
        <line num="154" count="90" type="stmt"/>
        <line num="155" count="90" type="stmt"/>
        <line num="159" count="29628" type="stmt"/>
        <line num="160" count="29628" type="stmt"/>
        <line num="165" count="49288" type="cond" truecount="2" falsecount="0"/>
        <line num="167" count="26" type="stmt"/>
        <line num="169" count="49262" type="cond" truecount="4" falsecount="0"/>
        <line num="171" count="9571" type="stmt"/>
        <line num="172" count="9571" type="cond" truecount="2" falsecount="0"/>
        <line num="173" count="7" type="stmt"/>
        <line num="174" count="7" type="stmt"/>
        <line num="178" count="9564" type="cond" truecount="4" falsecount="0"/>
        <line num="183" count="9564" type="cond" truecount="2" falsecount="0"/>
        <line num="187" count="2" type="stmt"/>
        <line num="189" count="2" type="stmt"/>
        <line num="193" count="9562" type="stmt"/>
        <line num="196" count="9562" type="cond" truecount="2" falsecount="0"/>
        <line num="199" count="9562" type="cond" truecount="2" falsecount="0"/>
        <line num="202" count="9562" type="cond" truecount="2" falsecount="0"/>
        <line num="203" count="255" type="stmt"/>
        <line num="204" count="255" type="stmt"/>
        <line num="205" count="255" type="stmt"/>
        <line num="207" count="255" type="stmt"/>
        <line num="208" count="255" type="stmt"/>
        <line num="212" count="9562" type="stmt"/>
        <line num="228" count="9562" type="stmt"/>
        <line num="231" count="9562" type="stmt"/>
        <line num="232" count="9562" type="stmt"/>
        <line num="233" count="9562" type="stmt"/>
        <line num="234" count="9562" type="stmt"/>
        <line num="235" count="9562" type="stmt"/>
        <line num="236" count="9562" type="stmt"/>
        <line num="239" count="9562" type="cond" truecount="2" falsecount="0"/>
        <line num="240" count="9305" type="stmt"/>
        <line num="246" count="39691" type="cond" truecount="2" falsecount="0"/>
        <line num="254" count="18" type="stmt"/>
        <line num="257" count="18" type="stmt"/>
        <line num="261" count="39673" type="cond" truecount="2" falsecount="0"/>
        <line num="264" count="39673" type="stmt"/>
        <line num="265" count="39673" type="cond" truecount="2" falsecount="0"/>
        <line num="273" count="33022" type="stmt"/>
        <line num="284" count="33022" type="stmt"/>
        <line num="286" count="6651" type="cond" truecount="2" falsecount="0"/>
        <line num="288" count="3322" type="cond" truecount="2" falsecount="0"/>
        <line num="290" count="7" type="stmt"/>
        <line num="293" count="3315" type="stmt"/>
        <line num="294" count="3315" type="stmt"/>
        <line num="311" count="39666" type="stmt"/>
        <line num="339" count="49254" type="stmt"/>
        <line num="340" count="49254" type="stmt"/>
        <line num="341" count="49254" type="stmt"/>
        <line num="342" count="49254" type="stmt"/>
        <line num="346" count="2745" type="stmt"/>
        <line num="347" count="2745" type="stmt"/>
        <line num="348" count="160071" type="stmt"/>
        <line num="349" count="160071" type="cond" truecount="11" falsecount="0"/>
        <line num="351" count="3348" type="stmt"/>
        <line num="352" count="3348" type="stmt"/>
        <line num="354" count="209" type="stmt"/>
        <line num="358" count="3348" type="stmt"/>
        <line num="359" count="3348" type="cond" truecount="2" falsecount="0"/>
        <line num="360" count="3347" type="cond" truecount="2" falsecount="0"/>
        <line num="361" count="1" type="stmt"/>
        <line num="363" count="3347" type="stmt"/>
        <line num="364" count="3347" type="stmt"/>
        <line num="366" count="1" type="stmt"/>
        <line num="368" count="3348" type="stmt"/>
        <line num="369" count="3348" type="stmt"/>
        <line num="372" count="3324" type="cond" truecount="2" falsecount="0"/>
        <line num="373" count="3322" type="cond" truecount="2" falsecount="0"/>
        <line num="374" count="9" type="stmt"/>
        <line num="376" count="3322" type="stmt"/>
        <line num="377" count="3322" type="stmt"/>
        <line num="379" count="2" type="stmt"/>
        <line num="381" count="3324" type="stmt"/>
        <line num="382" count="3324" type="stmt"/>
        <line num="383" count="3324" type="cond" truecount="2" falsecount="0"/>
        <line num="385" count="3162" type="stmt"/>
        <line num="386" count="3162" type="stmt"/>
        <line num="387" count="162" type="cond" truecount="2" falsecount="0"/>
        <line num="388" count="7" type="stmt"/>
        <line num="391" count="3324" type="stmt"/>
        <line num="392" count="3324" type="stmt"/>
        <line num="395" count="1577" type="stmt"/>
        <line num="396" count="1577" type="stmt"/>
        <line num="397" count="1577" type="stmt"/>
        <line num="398" count="1577" type="stmt"/>
        <line num="401" count="1578" type="stmt"/>
        <line num="402" count="1578" type="stmt"/>
        <line num="403" count="1578" type="cond" truecount="2" falsecount="0"/>
        <line num="404" count="1504" type="stmt"/>
        <line num="405" count="74" type="cond" truecount="2" falsecount="0"/>
        <line num="406" count="2" type="stmt"/>
        <line num="409" count="1578" type="stmt"/>
        <line num="410" count="1578" type="stmt"/>
        <line num="413" count="4085" type="cond" truecount="2" falsecount="0"/>
        <line num="414" count="4070" type="cond" truecount="2" falsecount="0"/>
        <line num="415" count="3637" type="stmt"/>
        <line num="416" count="3637" type="stmt"/>
        <line num="418" count="433" type="stmt"/>
        <line num="421" count="4085" type="stmt"/>
        <line num="422" count="4085" type="stmt"/>
        <line num="425" count="5305" type="cond" truecount="2" falsecount="0"/>
        <line num="426" count="5132" type="cond" truecount="2" falsecount="0"/>
        <line num="427" count="570" type="stmt"/>
        <line num="429" count="5132" type="stmt"/>
        <line num="430" count="5132" type="stmt"/>
        <line num="432" count="173" type="stmt"/>
        <line num="434" count="5305" type="stmt"/>
        <line num="435" count="5305" type="stmt"/>
        <line num="436" count="5305" type="stmt"/>
        <line num="439" count="46084" type="cond" truecount="2" falsecount="0"/>
        <line num="440" count="44194" type="cond" truecount="2" falsecount="0"/>
        <line num="441" count="36846" type="stmt"/>
        <line num="443" count="7348" type="stmt"/>
        <line num="446" count="1890" type="stmt"/>
        <line num="448" count="46084" type="stmt"/>
        <line num="451" count="19" type="cond" truecount="2" falsecount="0"/>
        <line num="452" count="15" type="cond" truecount="2" falsecount="0"/>
        <line num="453" count="4" type="stmt"/>
        <line num="455" count="11" type="stmt"/>
        <line num="458" count="4" type="stmt"/>
        <line num="460" count="19" type="stmt"/>
        <line num="463" count="281" type="cond" truecount="2" falsecount="0"/>
        <line num="464" count="26" type="cond" truecount="2" falsecount="0"/>
        <line num="465" count="25" type="stmt"/>
        <line num="467" count="26" type="stmt"/>
        <line num="468" count="26" type="stmt"/>
        <line num="470" count="255" type="stmt"/>
        <line num="472" count="281" type="stmt"/>
        <line num="475" count="277" type="stmt"/>
        <line num="476" count="277" type="stmt"/>
        <line num="479" count="94193" type="stmt"/>
        <line num="483" count="160071" type="cond" truecount="2" falsecount="0"/>
        <line num="484" count="160026" type="stmt"/>
        <line num="485" count="160026" type="stmt"/>
        <line num="488" count="2700" type="cond" truecount="2" falsecount="0"/>
        <line num="489" count="4" type="stmt"/>
        <line num="490" count="4" type="stmt"/>
        <line num="493" count="2696" type="cond" truecount="2" falsecount="0"/>
        <line num="494" count="1" type="stmt"/>
        <line num="495" count="1" type="stmt"/>
        <line num="498" count="2695" type="stmt"/>
        <line num="501" count="2695" type="stmt"/>
        <line num="502" count="2695" type="stmt"/>
        <line num="504" count="2695" type="stmt"/>
      </file>
      <file name="mod-1-prefix.ts" path="/Users/yasu/work/axentax-compiler/src/conductor/compile-block/mod-1-prefix.ts">
        <metrics statements="54" coveredstatements="54" conditionals="43" coveredconditionals="43" methods="2" coveredmethods="2"/>
        <line num="1" count="24" type="stmt"/>
        <line num="2" count="24" type="stmt"/>
        <line num="11" count="24" type="stmt"/>
        <line num="24" count="2649" type="stmt"/>
        <line num="25" count="7886" type="stmt"/>
        <line num="27" count="39304" type="stmt"/>
        <line num="29" count="39304" type="cond" truecount="3" falsecount="0"/>
        <line num="32" count="45" type="cond" truecount="2" falsecount="0"/>
        <line num="34" count="45" type="cond" truecount="2" falsecount="0"/>
        <line num="35" count="4" type="stmt"/>
        <line num="39" count="41" type="stmt"/>
        <line num="42" count="41" type="stmt"/>
        <line num="45" count="29524" type="cond" truecount="2" falsecount="0"/>
        <line num="47" count="27917" type="cond" truecount="2" falsecount="0"/>
        <line num="49" count="27917" type="cond" truecount="2" falsecount="0"/>
        <line num="51" count="23" type="stmt"/>
        <line num="52" count="23" type="cond" truecount="2" falsecount="0"/>
        <line num="53" count="23" type="stmt"/>
        <line num="54" count="23" type="stmt"/>
        <line num="55" count="23" type="stmt"/>
        <line num="58" count="27917" type="cond" truecount="2" falsecount="0"/>
        <line num="59" count="18" type="stmt"/>
        <line num="63" count="27899" type="stmt"/>
        <line num="64" count="27899" type="cond" truecount="2" falsecount="0"/>
        <line num="68" count="1607" type="cond" truecount="2" falsecount="0"/>
        <line num="70" count="1607" type="stmt"/>
        <line num="71" count="1607" type="cond" truecount="2" falsecount="0"/>
        <line num="74" count="29497" type="stmt"/>
        <line num="78" count="90" type="cond" truecount="2" falsecount="0"/>
        <line num="79" count="90" type="stmt"/>
        <line num="87" count="2618" type="stmt"/>
        <line num="102" count="29637" type="stmt"/>
        <line num="106" count="29637" type="cond" truecount="2" falsecount="0"/>
        <line num="108" count="116" type="stmt"/>
        <line num="129" count="29633" type="cond" truecount="2" falsecount="0"/>
        <line num="131" count="313" type="stmt"/>
        <line num="132" count="313" type="stmt"/>
        <line num="133" count="313" type="stmt"/>
        <line num="135" count="313" type="stmt"/>
        <line num="139" count="29633" type="cond" truecount="2" falsecount="0"/>
        <line num="141" count="39" type="stmt"/>
        <line num="142" count="39" type="stmt"/>
        <line num="143" count="39" type="stmt"/>
        <line num="145" count="39" type="stmt"/>
        <line num="149" count="29633" type="cond" truecount="4" falsecount="0"/>
        <line num="151" count="84" type="stmt"/>
        <line num="170" count="29631" type="cond" truecount="2" falsecount="0"/>
        <line num="172" count="3" type="cond" truecount="2" falsecount="0"/>
        <line num="173" count="1" type="stmt"/>
        <line num="179" count="2" type="cond" truecount="4" falsecount="0"/>
        <line num="180" count="1" type="stmt"/>
        <line num="185" count="1" type="stmt"/>
        <line num="191" count="29628" type="stmt"/>
        <line num="193" count="29628" type="stmt"/>
      </file>
      <file name="mod-2-styles.ts" path="/Users/yasu/work/axentax-compiler/src/conductor/compile-block/mod-2-styles.ts">
        <metrics statements="249" coveredstatements="249" conditionals="174" coveredconditionals="160" methods="11" coveredmethods="11"/>
        <line num="1" count="24" type="stmt"/>
        <line num="2" count="24" type="stmt"/>
        <line num="4" count="24" type="stmt"/>
        <line num="5" count="24" type="stmt"/>
        <line num="6" count="24" type="stmt"/>
        <line num="7" count="24" type="stmt"/>
        <line num="8" count="24" type="stmt"/>
        <line num="9" count="24" type="stmt"/>
        <line num="13" count="24" type="stmt"/>
        <line num="18" count="2618" type="stmt"/>
        <line num="21" count="2618" type="stmt"/>
        <line num="24" count="7686" type="stmt"/>
        <line num="25" count="7686" type="cond" truecount="2" falsecount="0"/>
        <line num="28" count="7606" type="stmt"/>
        <line num="29" count="7606" type="cond" truecount="2" falsecount="0"/>
        <line num="34" count="7602" type="stmt"/>
        <line num="35" count="7602" type="cond" truecount="1" falsecount="1"/>
        <line num="38" count="7602" type="stmt"/>
        <line num="39" count="7602" type="cond" truecount="1" falsecount="1"/>
        <line num="43" count="2534" type="stmt"/>
        <line num="45" count="2534" type="stmt"/>
        <line num="54" count="7602" type="stmt"/>
        <line num="55" count="38981" type="stmt"/>
        <line num="57" count="38981" type="cond" truecount="2" falsecount="0"/>
        <line num="58" count="2987" type="stmt"/>
        <line num="61" count="35994" type="cond" truecount="4" falsecount="0"/>
        <line num="62" count="29659" type="stmt"/>
        <line num="65" count="29659" type="stmt"/>
        <line num="72" count="29659" type="stmt"/>
        <line num="73" count="29659" type="cond" truecount="1" falsecount="1"/>
        <line num="74" count="29659" type="cond" truecount="2" falsecount="0"/>
        <line num="76" count="505" type="stmt"/>
        <line num="82" count="7602" type="stmt"/>
        <line num="103" count="7606" type="stmt"/>
        <line num="105" count="7606" type="stmt"/>
        <line num="106" count="7606" type="stmt"/>
        <line num="107" count="7606" type="stmt"/>
        <line num="110" count="7606" type="stmt"/>
        <line num="113" count="7606" type="stmt"/>
        <line num="114" count="38834" type="stmt"/>
        <line num="115" count="38834" type="cond" truecount="6" falsecount="0"/>
        <line num="119" count="3139" type="stmt"/>
        <line num="120" count="238" type="stmt"/>
        <line num="121" count="238" type="stmt"/>
        <line num="135" count="3139" type="stmt"/>
        <line num="136" count="3139" type="cond" truecount="2" falsecount="0"/>
        <line num="139" count="3139" type="stmt"/>
        <line num="140" count="3139" type="stmt"/>
        <line num="144" count="3133" type="stmt"/>
        <line num="145" count="3133" type="stmt"/>
        <line num="148" count="2987" type="stmt"/>
        <line num="149" count="2987" type="cond" truecount="2" falsecount="0"/>
        <line num="150" count="2987" type="stmt"/>
        <line num="155" count="29506" type="stmt"/>
        <line num="156" count="29506" type="stmt"/>
        <line num="161" count="29506" type="stmt"/>
        <line num="162" count="30238" type="stmt"/>
        <line num="165" count="30238" type="stmt"/>
        <line num="166" count="1417" type="stmt"/>
        <line num="168" count="1417" type="stmt"/>
        <line num="169" count="1417" type="cond" truecount="2" falsecount="0"/>
        <line num="173" count="348" type="stmt"/>
        <line num="175" count="348" type="cond" truecount="2" falsecount="0"/>
        <line num="176" count="75" type="stmt"/>
        <line num="178" count="273" type="cond" truecount="2" falsecount="0"/>
        <line num="179" count="4" type="stmt"/>
        <line num="181" count="269" type="cond" truecount="1" falsecount="1"/>
        <line num="182" count="269" type="stmt"/>
        <line num="183" count="269" type="stmt"/>
        <line num="192" count="1069" type="stmt"/>
        <line num="193" count="1069" type="cond" truecount="2" falsecount="0"/>
        <line num="194" count="1069" type="stmt"/>
        <line num="198" count="1417" type="cond" truecount="4" falsecount="0"/>
        <line num="200" count="48" type="stmt"/>
        <line num="201" count="48" type="stmt"/>
        <line num="202" count="48" type="stmt"/>
        <line num="203" count="48" type="stmt"/>
        <line num="206" count="48" type="stmt"/>
        <line num="207" count="109" type="stmt"/>
        <line num="209" count="48" type="cond" truecount="2" falsecount="0"/>
        <line num="210" count="1" type="stmt"/>
        <line num="211" count="1" type="cond" truecount="2" falsecount="2"/>
        <line num="218" count="1369" type="stmt"/>
        <line num="219" count="1369" type="cond" truecount="2" falsecount="0"/>
        <line num="223" count="341" type="stmt"/>
        <line num="224" count="341" type="stmt"/>
        <line num="225" count="341" type="stmt"/>
        <line num="227" count="1369" type="stmt"/>
        <line num="235" count="29505" type="stmt"/>
        <line num="238" count="4259" type="stmt"/>
        <line num="239" count="4259" type="cond" truecount="2" falsecount="0"/>
        <line num="240" count="4259" type="stmt"/>
        <line num="243" count="4259" type="cond" truecount="2" falsecount="0"/>
        <line num="245" count="250" type="stmt"/>
        <line num="246" count="250" type="stmt"/>
        <line num="247" count="250" type="stmt"/>
        <line num="250" count="250" type="stmt"/>
        <line num="251" count="250" type="stmt"/>
        <line num="253" count="250" type="cond" truecount="2" falsecount="0"/>
        <line num="254" count="228" type="stmt"/>
        <line num="256" count="22" type="stmt"/>
        <line num="260" count="250" type="stmt"/>
        <line num="261" count="275" type="stmt"/>
        <line num="263" count="250" type="cond" truecount="2" falsecount="0"/>
        <line num="264" count="3" type="stmt"/>
        <line num="265" count="3" type="cond" truecount="2" falsecount="2"/>
        <line num="272" count="4009" type="stmt"/>
        <line num="273" count="4009" type="cond" truecount="2" falsecount="0"/>
        <line num="277" count="773" type="stmt"/>
        <line num="278" count="773" type="stmt"/>
        <line num="279" count="773" type="stmt"/>
        <line num="281" count="4009" type="stmt"/>
        <line num="287" count="29502" type="stmt"/>
        <line num="293" count="7602" type="stmt"/>
        <line num="295" count="7602" type="stmt"/>
        <line num="303" count="7686" type="stmt"/>
        <line num="304" count="7686" type="stmt"/>
        <line num="306" count="39089" type="cond" truecount="2" falsecount="0"/>
        <line num="307" count="3071" type="stmt"/>
        <line num="311" count="36018" type="cond" truecount="4" falsecount="0"/>
        <line num="312" count="4" type="stmt"/>
        <line num="316" count="36018" type="cond" truecount="2" falsecount="0"/>
        <line num="317" count="3382" type="stmt"/>
        <line num="318" count="3382" type="stmt"/>
        <line num="320" count="4585" type="stmt"/>
        <line num="322" count="4585" type="stmt"/>
        <line num="323" count="4585" type="stmt"/>
        <line num="326" count="4585" type="stmt"/>
        <line num="327" count="4585" type="cond" truecount="2" falsecount="0"/>
        <line num="328" count="4585" type="stmt"/>
        <line num="330" count="4585" type="cond" truecount="2" falsecount="0"/>
        <line num="332" count="2297" type="cond" truecount="11" falsecount="0"/>
        <line num="334" count="5" type="stmt"/>
        <line num="335" count="5" type="stmt"/>
        <line num="338" count="221" type="stmt"/>
        <line num="339" count="221" type="stmt"/>
        <line num="342" count="5" type="stmt"/>
        <line num="343" count="5" type="stmt"/>
        <line num="346" count="19" type="stmt"/>
        <line num="347" count="19" type="stmt"/>
        <line num="350" count="313" type="stmt"/>
        <line num="351" count="313" type="stmt"/>
        <line num="354" count="4" type="stmt"/>
        <line num="355" count="4" type="stmt"/>
        <line num="358" count="109" type="stmt"/>
        <line num="359" count="109" type="stmt"/>
        <line num="362" count="14" type="stmt"/>
        <line num="363" count="14" type="stmt"/>
        <line num="366" count="1" type="stmt"/>
        <line num="367" count="1" type="stmt"/>
        <line num="370" count="49" type="stmt"/>
        <line num="371" count="49" type="stmt"/>
        <line num="374" count="393" type="stmt"/>
        <line num="375" count="393" type="stmt"/>
        <line num="382" count="2297" type="cond" truecount="2" falsecount="0"/>
        <line num="385" count="1164" type="cond" truecount="2" falsecount="0"/>
        <line num="386" count="79" type="stmt"/>
        <line num="387" count="79" type="stmt"/>
        <line num="388" count="79" type="cond" truecount="1" falsecount="1"/>
        <line num="389" count="79" type="stmt"/>
        <line num="390" count="79" type="stmt"/>
        <line num="394" count="1085" type="cond" truecount="2" falsecount="0"/>
        <line num="395" count="262" type="stmt"/>
        <line num="396" count="262" type="cond" truecount="2" falsecount="0"/>
        <line num="397" count="234" type="stmt"/>
        <line num="400" count="234" type="stmt"/>
        <line num="404" count="823" type="cond" truecount="2" falsecount="0"/>
        <line num="405" count="19" type="stmt"/>
        <line num="406" count="19" type="stmt"/>
        <line num="407" count="19" type="cond" truecount="1" falsecount="1"/>
        <line num="408" count="19" type="stmt"/>
        <line num="415" count="19" type="stmt"/>
        <line num="419" count="804" type="cond" truecount="2" falsecount="0"/>
        <line num="420" count="8" type="stmt"/>
        <line num="421" count="8" type="cond" truecount="2" falsecount="0"/>
        <line num="422" count="7" type="stmt"/>
        <line num="423" count="7" type="stmt"/>
        <line num="428" count="796" type="cond" truecount="2" falsecount="0"/>
        <line num="429" count="4" type="stmt"/>
        <line num="430" count="4" type="cond" truecount="1" falsecount="1"/>
        <line num="431" count="4" type="stmt"/>
        <line num="432" count="4" type="stmt"/>
        <line num="435" count="792" type="cond" truecount="2" falsecount="0"/>
        <line num="436" count="7" type="stmt"/>
        <line num="437" count="7" type="cond" truecount="2" falsecount="0"/>
        <line num="438" count="6" type="stmt"/>
        <line num="439" count="6" type="stmt"/>
        <line num="443" count="785" type="cond" truecount="2" falsecount="0"/>
        <line num="444" count="146" type="stmt"/>
        <line num="445" count="146" type="cond" truecount="2" falsecount="0"/>
        <line num="446" count="144" type="stmt"/>
        <line num="455" count="144" type="stmt"/>
        <line num="468" count="639" type="cond" truecount="2" falsecount="0"/>
        <line num="469" count="19" type="stmt"/>
        <line num="470" count="19" type="cond" truecount="2" falsecount="0"/>
        <line num="471" count="16" type="stmt"/>
        <line num="472" count="16" type="stmt"/>
        <line num="476" count="620" type="cond" truecount="2" falsecount="0"/>
        <line num="477" count="19" type="stmt"/>
        <line num="478" count="19" type="cond" truecount="1" falsecount="1"/>
        <line num="479" count="19" type="stmt"/>
        <line num="480" count="19" type="stmt"/>
        <line num="484" count="601" type="cond" truecount="2" falsecount="0"/>
        <line num="485" count="62" type="stmt"/>
        <line num="486" count="62" type="cond" truecount="2" falsecount="0"/>
        <line num="487" count="61" type="stmt"/>
        <line num="488" count="61" type="stmt"/>
        <line num="492" count="539" type="cond" truecount="2" falsecount="0"/>
        <line num="493" count="6" type="stmt"/>
        <line num="494" count="6" type="cond" truecount="2" falsecount="0"/>
        <line num="495" count="5" type="stmt"/>
        <line num="496" count="5" type="stmt"/>
        <line num="500" count="533" type="cond" truecount="2" falsecount="0"/>
        <line num="502" count="201" type="cond" truecount="2" falsecount="0"/>
        <line num="503" count="1" type="stmt"/>
        <line num="508" count="200" type="stmt"/>
        <line num="510" count="200" type="cond" truecount="2" falsecount="0"/>
        <line num="511" count="198" type="stmt"/>
        <line num="512" count="198" type="stmt"/>
        <line num="516" count="332" type="cond" truecount="2" falsecount="0"/>
        <line num="517" count="99" type="stmt"/>
        <line num="518" count="99" type="cond" truecount="2" falsecount="0"/>
        <line num="519" count="98" type="stmt"/>
        <line num="520" count="98" type="stmt"/>
        <line num="524" count="233" type="cond" truecount="2" falsecount="0"/>
        <line num="525" count="42" type="stmt"/>
        <line num="526" count="42" type="cond" truecount="2" falsecount="0"/>
        <line num="527" count="38" type="stmt"/>
        <line num="528" count="38" type="stmt"/>
        <line num="532" count="191" type="cond" truecount="4" falsecount="0"/>
        <line num="533" count="4" type="stmt"/>
        <line num="534" count="4" type="stmt"/>
        <line num="538" count="187" type="cond" truecount="2" falsecount="0"/>
        <line num="539" count="10" type="stmt"/>
        <line num="541" count="10" type="cond" truecount="1" falsecount="1"/>
        <line num="542" count="10" type="stmt"/>
        <line num="543" count="10" type="stmt"/>
        <line num="547" count="177" type="cond" truecount="2" falsecount="0"/>
        <line num="548" count="105" type="stmt"/>
        <line num="549" count="105" type="cond" truecount="1" falsecount="1"/>
        <line num="550" count="105" type="stmt"/>
        <line num="551" count="105" type="stmt"/>
        <line num="561" count="72" type="cond" truecount="2" falsecount="0"/>
        <line num="562" count="39" type="stmt"/>
        <line num="563" count="39" type="cond" truecount="2" falsecount="0"/>
        <line num="564" count="37" type="stmt"/>
        <line num="565" count="37" type="stmt"/>
        <line num="568" count="33" type="stmt"/>
        <line num="576" count="7606" type="stmt"/>
      </file>
      <file name="mod-4-notes.ts" path="/Users/yasu/work/axentax-compiler/src/conductor/compile-block/mod-4-notes.ts">
        <metrics statements="174" coveredstatements="172" conditionals="122" coveredconditionals="111" methods="14" coveredmethods="14"/>
        <line num="1" count="24" type="stmt"/>
        <line num="3" count="24" type="stmt"/>
        <line num="5" count="24" type="stmt"/>
        <line num="6" count="24" type="stmt"/>
        <line num="7" count="24" type="stmt"/>
        <line num="8" count="24" type="stmt"/>
        <line num="9" count="24" type="stmt"/>
        <line num="11" count="24" type="stmt"/>
        <line num="12" count="24" type="stmt"/>
        <line num="13" count="24" type="stmt"/>
        <line num="15" count="24" type="stmt"/>
        <line num="25" count="24" type="stmt"/>
        <line num="30" count="2534" type="stmt"/>
        <line num="31" count="7460" type="stmt"/>
        <line num="34" count="7460" type="stmt"/>
        <line num="35" count="7460" type="cond" truecount="2" falsecount="0"/>
        <line num="38" count="7389" type="stmt"/>
        <line num="39" count="7389" type="cond" truecount="1" falsecount="1"/>
        <line num="42" count="7389" type="cond" truecount="3" falsecount="1"/>
        <line num="43" count="7389" type="stmt"/>
        <line num="44" count="7389" type="cond" truecount="1" falsecount="1"/>
        <line num="54" count="2463" type="stmt"/>
        <line num="55" count="7386" type="stmt"/>
        <line num="57" count="7386" type="stmt"/>
        <line num="58" count="7386" type="cond" truecount="2" falsecount="0"/>
        <line num="69" count="2461" type="stmt"/>
        <line num="70" count="2461" type="cond" truecount="2" falsecount="0"/>
        <line num="83" count="2457" type="stmt"/>
        <line num="87" count="7371" type="stmt"/>
        <line num="88" count="7371" type="cond" truecount="1" falsecount="1"/>
        <line num="93" count="7371" type="stmt"/>
        <line num="103" count="2457" type="stmt"/>
        <line num="113" count="2461" type="stmt"/>
        <line num="116" count="2461" type="stmt"/>
        <line num="120" count="2732" type="stmt"/>
        <line num="121" count="8192" type="stmt"/>
        <line num="124" count="8192" type="stmt"/>
        <line num="127" count="8192" type="cond" truecount="2" falsecount="0"/>
        <line num="129" count="30" type="stmt"/>
        <line num="130" count="30" type="stmt"/>
        <line num="132" count="30" type="cond" truecount="2" falsecount="0"/>
        <line num="133" count="4" type="cond" truecount="1" falsecount="1"/>
        <line num="134" count="4" type="stmt"/>
        <line num="145" count="8184" type="stmt"/>
        <line num="147" count="2728" type="cond" truecount="2" falsecount="0"/>
        <line num="150" count="271" type="stmt"/>
        <line num="153" count="271" type="stmt"/>
        <line num="156" count="813" type="stmt"/>
        <line num="165" count="813" type="cond" truecount="2" falsecount="0"/>
        <line num="170" count="472" type="stmt"/>
        <line num="176" count="813" type="stmt"/>
        <line num="177" count="813" type="stmt"/>
        <line num="178" count="813" type="stmt"/>
        <line num="190" count="2457" type="stmt"/>
        <line num="197" count="7386" type="stmt"/>
        <line num="198" count="7386" type="stmt"/>
        <line num="200" count="7386" type="stmt"/>
        <line num="208" count="7386" type="stmt"/>
        <line num="212" count="7386" type="stmt"/>
        <line num="213" count="41899" type="stmt"/>
        <line num="218" count="41899" type="cond" truecount="2" falsecount="0"/>
        <line num="220" count="2914" type="cond" truecount="2" falsecount="0"/>
        <line num="221" count="2754" type="cond" truecount="1" falsecount="1"/>
        <line num="222" count="2754" type="stmt"/>
        <line num="228" count="160" type="stmt"/>
        <line num="235" count="160" type="stmt"/>
        <line num="240" count="2914" type="stmt"/>
        <line num="249" count="2914" type="stmt"/>
        <line num="251" count="2914" type="stmt"/>
        <line num="257" count="38985" type="cond" truecount="2" falsecount="0"/>
        <line num="260" count="67" type="cond" truecount="2" falsecount="0"/>
        <line num="269" count="36" type="stmt"/>
        <line num="270" count="36" type="stmt"/>
        <line num="271" count="36" type="stmt"/>
        <line num="287" count="31" type="stmt"/>
        <line num="294" count="31" type="cond" truecount="2" falsecount="0"/>
        <line num="304" count="38918" type="cond" truecount="2" falsecount="0"/>
        <line num="307" count="32800" type="cond" truecount="4" falsecount="0"/>
        <line num="324" count="32800" type="cond" truecount="2" falsecount="0"/>
        <line num="328" count="32800" type="cond" truecount="3" falsecount="1"/>
        <line num="329" count="32800" type="cond" truecount="2" falsecount="0"/>
        <line num="335" count="32800" type="stmt"/>
        <line num="341" count="38983" type="cond" truecount="4" falsecount="0"/>
        <line num="347" count="2906" type="stmt"/>
        <line num="351" count="2906" type="stmt"/>
        <line num="354" count="2906" type="stmt"/>
        <line num="416" count="2906" type="stmt"/>
        <line num="442" count="7384" type="stmt"/>
        <line num="595" count="7371" type="stmt"/>
        <line num="597" count="7371" type="stmt"/>
        <line num="598" count="7371" type="stmt"/>
        <line num="601" count="7371" type="cond" truecount="2" falsecount="0"/>
        <line num="607" count="7371" type="stmt"/>
        <line num="608" count="32461" type="stmt"/>
        <line num="611" count="32461" type="stmt"/>
        <line num="616" count="32461" type="cond" truecount="4" falsecount="0"/>
        <line num="617" count="461" type="cond" truecount="2" falsecount="0"/>
        <line num="618" count="9" type="stmt"/>
        <line num="621" count="9" type="stmt"/>
        <line num="623" count="461" type="stmt"/>
        <line num="640" count="32461" type="cond" truecount="3" falsecount="2"/>
        <line num="641" count="0" type="stmt"/>
        <line num="642" count="0" type="stmt"/>
        <line num="647" count="7371" type="stmt"/>
        <line num="655" count="32800" type="stmt"/>
        <line num="656" count="32800" type="stmt"/>
        <line num="660" count="32800" type="stmt"/>
        <line num="662" count="32800" type="stmt"/>
        <line num="663" count="32800" type="cond" truecount="2" falsecount="0"/>
        <line num="664" count="3048" type="stmt"/>
        <line num="666" count="32800" type="stmt"/>
        <line num="667" count="32800" type="cond" truecount="2" falsecount="0"/>
        <line num="668" count="26" type="stmt"/>
        <line num="669" count="156" type="cond" truecount="2" falsecount="0"/>
        <line num="670" count="112" type="stmt"/>
        <line num="676" count="32800" type="stmt"/>
        <line num="685" count="32800" type="stmt"/>
        <line num="702" count="197028" type="cond" truecount="2" falsecount="0"/>
        <line num="724" count="32800" type="cond" truecount="4" falsecount="0"/>
        <line num="725" count="139" type="stmt"/>
        <line num="729" count="32800" type="stmt"/>
        <line num="732" count="32800" type="stmt"/>
        <line num="733" count="32800" type="stmt"/>
        <line num="736" count="32800" type="stmt"/>
        <line num="737" count="32800" type="stmt"/>
        <line num="749" count="7460" type="stmt"/>
        <line num="750" count="7460" type="stmt"/>
        <line num="751" count="7460" type="stmt"/>
        <line num="753" count="38899" type="stmt"/>
        <line num="755" count="38899" type="cond" truecount="3" falsecount="0"/>
        <line num="758" count="40" type="stmt"/>
        <line num="761" count="40" type="cond" truecount="2" falsecount="0"/>
        <line num="763" count="40" type="stmt"/>
        <line num="764" count="40" type="cond" truecount="2" falsecount="0"/>
        <line num="768" count="36" type="stmt"/>
        <line num="774" count="36" type="cond" truecount="2" falsecount="0"/>
        <line num="775" count="10" type="stmt"/>
        <line num="776" count="90" type="cond" truecount="1" falsecount="1"/>
        <line num="777" count="40" type="stmt"/>
        <line num="782" count="36" type="stmt"/>
        <line num="783" count="36" type="cond" truecount="1" falsecount="1"/>
        <line num="784" count="36" type="stmt"/>
        <line num="785" count="36" type="stmt"/>
        <line num="787" count="36" type="stmt"/>
        <line num="788" count="36" type="stmt"/>
        <line num="792" count="36" type="stmt"/>
        <line num="796" count="29608" type="stmt"/>
        <line num="798" count="29608" type="cond" truecount="2" falsecount="0"/>
        <line num="800" count="27793" type="stmt"/>
        <line num="801" count="27793" type="cond" truecount="2" falsecount="0"/>
        <line num="803" count="27779" type="cond" truecount="2" falsecount="0"/>
        <line num="805" count="127" type="stmt"/>
        <line num="806" count="127" type="stmt"/>
        <line num="807" count="127" type="cond" truecount="2" falsecount="0"/>
        <line num="808" count="104" type="stmt"/>
        <line num="813" count="27652" type="stmt"/>
        <line num="817" count="27652" type="cond" truecount="2" falsecount="0"/>
        <line num="818" count="59" type="stmt"/>
        <line num="819" count="640" type="cond" truecount="2" falsecount="0"/>
        <line num="820" count="259" type="stmt"/>
        <line num="825" count="27652" type="stmt"/>
        <line num="826" count="27652" type="cond" truecount="2" falsecount="0"/>
        <line num="827" count="27621" type="stmt"/>
        <line num="828" count="27621" type="stmt"/>
        <line num="830" count="27621" type="stmt"/>
        <line num="831" count="27621" type="stmt"/>
        <line num="836" count="1815" type="stmt"/>
        <line num="839" count="1815" type="cond" truecount="2" falsecount="0"/>
        <line num="840" count="1815" type="cond" truecount="2" falsecount="0"/>
        <line num="841" count="1793" type="stmt"/>
        <line num="842" count="1793" type="stmt"/>
        <line num="844" count="29541" type="stmt"/>
        <line num="847" count="9251" type="stmt"/>
        <line num="853" count="7389" type="stmt"/>
      </file>
      <file name="mod-7-flash.ts" path="/Users/yasu/work/axentax-compiler/src/conductor/compile-block/mod-7-flash.ts">
        <metrics statements="35" coveredstatements="35" conditionals="34" coveredconditionals="30" methods="1" coveredmethods="1"/>
        <line num="3" count="25" type="stmt"/>
        <line num="4" count="25" type="stmt"/>
        <line num="13" count="25" type="stmt"/>
        <line num="37" count="49" type="stmt"/>
        <line num="38" count="49" type="stmt"/>
        <line num="39" count="49" type="stmt"/>
        <line num="41" count="49" type="cond" truecount="2" falsecount="0"/>
        <line num="43" count="15" type="stmt"/>
        <line num="44" count="15" type="cond" truecount="1" falsecount="1"/>
        <line num="46" count="34" type="cond" truecount="2" falsecount="0"/>
        <line num="48" count="2" type="cond" truecount="2" falsecount="0"/>
        <line num="50" count="1" type="stmt"/>
        <line num="53" count="1" type="stmt"/>
        <line num="54" count="1" type="cond" truecount="1" falsecount="1"/>
        <line num="56" count="32" type="cond" truecount="2" falsecount="0"/>
        <line num="58" count="17" type="cond" truecount="2" falsecount="0"/>
        <line num="60" count="1" type="stmt"/>
        <line num="63" count="16" type="stmt"/>
        <line num="64" count="16" type="cond" truecount="1" falsecount="1"/>
        <line num="66" count="15" type="cond" truecount="2" falsecount="0"/>
        <line num="68" count="2" type="stmt"/>
        <line num="69" count="2" type="cond" truecount="2" falsecount="0"/>
        <line num="71" count="13" type="cond" truecount="2" falsecount="0"/>
        <line num="73" count="1" type="stmt"/>
        <line num="79" count="12" type="stmt"/>
        <line num="81" count="9" type="stmt"/>
        <line num="82" count="9" type="cond" truecount="2" falsecount="0"/>
        <line num="84" count="9" type="cond" truecount="4" falsecount="0"/>
        <line num="86" count="8" type="cond" truecount="4" falsecount="0"/>
        <line num="87" count="2" type="stmt"/>
        <line num="91" count="6" type="stmt"/>
        <line num="92" count="6" type="cond" truecount="1" falsecount="1"/>
        <line num="94" count="6" type="stmt"/>
        <line num="99" count="4" type="stmt"/>
        <line num="103" count="33" type="stmt"/>
      </file>
      <file name="mod-8-tick.ts" path="/Users/yasu/work/axentax-compiler/src/conductor/compile-block/mod-8-tick.ts">
        <metrics statements="92" coveredstatements="89" conditionals="68" coveredconditionals="65" methods="3" coveredmethods="3"/>
        <line num="3" count="25" type="stmt"/>
        <line num="6" count="25" type="stmt"/>
        <line num="12" count="7382" type="stmt"/>
        <line num="13" count="7382" type="stmt"/>
        <line num="15" count="8199" type="stmt"/>
        <line num="16" count="7382" type="stmt"/>
        <line num="18" count="7382" type="stmt"/>
        <line num="20" count="7382" type="stmt"/>
        <line num="23" count="44276" type="stmt"/>
        <line num="24" count="44276" type="stmt"/>
        <line num="25" count="44276" type="stmt"/>
        <line num="26" count="44276" type="stmt"/>
        <line num="32" count="44276" type="stmt"/>
        <line num="33" count="195498" type="stmt"/>
        <line num="38" count="195498" type="stmt"/>
        <line num="40" count="195498" type="cond" truecount="2" falsecount="0"/>
        <line num="41" count="2122" type="stmt"/>
        <line num="42" count="2122" type="stmt"/>
        <line num="46" count="2122" type="stmt"/>
        <line num="49" count="2122" type="cond" truecount="2" falsecount="0"/>
        <line num="50" count="2041" type="stmt"/>
        <line num="54" count="81" type="cond" truecount="1" falsecount="1"/>
        <line num="55" count="0" type="stmt"/>
        <line num="58" count="81" type="cond" truecount="2" falsecount="0"/>
        <line num="59" count="7" type="stmt"/>
        <line num="63" count="74" type="stmt"/>
        <line num="64" count="74" type="stmt"/>
        <line num="68" count="195498" type="cond" truecount="2" falsecount="0"/>
        <line num="69" count="195030" type="stmt"/>
        <line num="72" count="195030" type="cond" truecount="4" falsecount="0"/>
        <line num="73" count="125608" type="stmt"/>
        <line num="75" count="125608" type="cond" truecount="1" falsecount="1"/>
        <line num="78" count="0" type="stmt"/>
        <line num="80" count="125608" type="stmt"/>
        <line num="86" count="195030" type="stmt"/>
        <line num="87" count="195030" type="cond" truecount="2" falsecount="0"/>
        <line num="88" count="32449" type="stmt"/>
        <line num="93" count="195030" type="cond" truecount="2" falsecount="0"/>
        <line num="94" count="58" type="stmt"/>
        <line num="98" count="195030" type="cond" truecount="4" falsecount="0"/>
        <line num="99" count="187957" type="stmt"/>
        <line num="102" count="195030" type="cond" truecount="2" falsecount="0"/>
        <line num="104" count="195030" type="stmt"/>
        <line num="116" count="44276" type="stmt"/>
        <line num="117" count="44276" type="stmt"/>
        <line num="120" count="44276" type="stmt"/>
        <line num="122" count="44276" type="stmt"/>
        <line num="124" count="44276" type="stmt"/>
        <line num="127" count="44276" type="stmt"/>
        <line num="130" count="44276" type="stmt"/>
        <line num="131" count="195498" type="stmt"/>
        <line num="133" count="195498" type="cond" truecount="2" falsecount="0"/>
        <line num="134" count="17075" type="stmt"/>
        <line num="135" count="17075" type="stmt"/>
        <line num="139" count="195498" type="cond" truecount="2" falsecount="0"/>
        <line num="142" count="195030" type="stmt"/>
        <line num="145" count="195030" type="cond" truecount="4" falsecount="0"/>
        <line num="147" count="834" type="stmt"/>
        <line num="148" count="834" type="stmt"/>
        <line num="151" count="194196" type="cond" truecount="2" falsecount="0"/>
        <line num="153" count="14972" type="cond" truecount="4" falsecount="0"/>
        <line num="154" count="9713" type="stmt"/>
        <line num="155" count="9713" type="stmt"/>
        <line num="161" count="179224" type="cond" truecount="2" falsecount="0"/>
        <line num="163" count="170665" type="cond" truecount="4" falsecount="0"/>
        <line num="164" count="114346" type="stmt"/>
        <line num="165" count="114346" type="stmt"/>
        <line num="167" count="56319" type="stmt"/>
        <line num="168" count="56319" type="stmt"/>
        <line num="175" count="8559" type="cond" truecount="4" falsecount="0"/>
        <line num="176" count="1541" type="stmt"/>
        <line num="177" count="1541" type="stmt"/>
        <line num="182" count="7018" type="cond" truecount="2" falsecount="0"/>
        <line num="183" count="2" type="stmt"/>
        <line num="184" count="2" type="stmt"/>
        <line num="192" count="195030" type="stmt"/>
        <line num="194" count="195030" type="cond" truecount="1" falsecount="1"/>
        <line num="195" count="0" type="stmt"/>
        <line num="197" count="195030" type="stmt"/>
        <line num="200" count="195030" type="cond" truecount="2" falsecount="0"/>
        <line num="201" count="11160" type="cond" truecount="6" falsecount="0"/>
        <line num="202" count="2708" type="stmt"/>
        <line num="203" count="2708" type="cond" truecount="4" falsecount="0"/>
        <line num="205" count="32" type="stmt"/>
        <line num="207" count="2708" type="stmt"/>
        <line num="210" count="195030" type="stmt"/>
        <line num="213" count="195030" type="cond" truecount="2" falsecount="0"/>
        <line num="214" count="2768" type="stmt"/>
        <line num="215" count="2768" type="stmt"/>
        <line num="218" count="195030" type="stmt"/>
        <line num="219" count="195030" type="stmt"/>
        <line num="223" count="7382" type="stmt"/>
      </file>
    </package>
    <package name="src.conductor.compile-block.unfold-bullet">
      <metrics statements="92" coveredstatements="92" conditionals="67" coveredconditionals="65" methods="5" coveredmethods="5"/>
      <file name="bullet.ts" path="/Users/yasu/work/axentax-compiler/src/conductor/compile-block/unfold-bullet/bullet.ts">
        <metrics statements="92" coveredstatements="92" conditionals="67" coveredconditionals="65" methods="5" coveredmethods="5"/>
        <line num="1" count="25" type="stmt"/>
        <line num="3" count="25" type="stmt"/>
        <line num="5" count="25" type="stmt"/>
        <line num="13" count="25" type="stmt"/>
        <line num="28" count="7617" type="stmt"/>
        <line num="29" count="7617" type="stmt"/>
        <line num="30" count="7617" type="stmt"/>
        <line num="32" count="7617" type="stmt"/>
        <line num="33" count="38837" type="stmt"/>
        <line num="35" count="38837" type="cond" truecount="2" falsecount="0"/>
        <line num="37" count="103" type="stmt"/>
        <line num="45" count="103" type="cond" truecount="2" falsecount="0"/>
        <line num="47" count="97" type="stmt"/>
        <line num="50" count="38734" type="stmt"/>
        <line num="54" count="7611" type="stmt"/>
        <line num="56" count="7611" type="stmt"/>
        <line num="79" count="103" type="stmt"/>
        <line num="80" count="103" type="stmt"/>
        <line num="82" count="103" type="stmt"/>
        <line num="83" count="103" type="cond" truecount="2" falsecount="0"/>
        <line num="84" count="79" type="stmt"/>
        <line num="85" count="79" type="stmt"/>
        <line num="87" count="24" type="stmt"/>
        <line num="88" count="24" type="stmt"/>
        <line num="92" count="103" type="cond" truecount="2" falsecount="0"/>
        <line num="93" count="2" type="stmt"/>
        <line num="98" count="101" type="stmt"/>
        <line num="99" count="101" type="stmt"/>
        <line num="100" count="101" type="stmt"/>
        <line num="101" count="101" type="cond" truecount="1" falsecount="1"/>
        <line num="102" count="101" type="stmt"/>
        <line num="105" count="101" type="stmt"/>
        <line num="106" count="101" type="stmt"/>
        <line num="107" count="101" type="stmt"/>
        <line num="110" count="101" type="stmt"/>
        <line num="112" count="101" type="cond" truecount="4" falsecount="0"/>
        <line num="113" count="2" type="stmt"/>
        <line num="116" count="99" type="stmt"/>
        <line num="117" count="99" type="stmt"/>
        <line num="120" count="99" type="stmt"/>
        <line num="123" count="99" type="stmt"/>
        <line num="125" count="99" type="stmt"/>
        <line num="126" count="275" type="stmt"/>
        <line num="127" count="275" type="cond" truecount="2" falsecount="0"/>
        <line num="130" count="274" type="stmt"/>
        <line num="132" count="274" type="cond" truecount="2" falsecount="0"/>
        <line num="133" count="2" type="stmt"/>
        <line num="137" count="272" type="stmt"/>
        <line num="138" count="272" type="cond" truecount="2" falsecount="0"/>
        <line num="139" count="272" type="stmt"/>
        <line num="142" count="272" type="stmt"/>
        <line num="143" count="272" type="stmt"/>
        <line num="144" count="431" type="cond" truecount="1" falsecount="1"/>
        <line num="145" count="431" type="cond" truecount="11" falsecount="0"/>
        <line num="147" count="20" type="stmt"/>
        <line num="150" count="12" type="stmt"/>
        <line num="153" count="205" type="stmt"/>
        <line num="156" count="2" type="stmt"/>
        <line num="159" count="19" type="stmt"/>
        <line num="162" count="81" type="stmt"/>
        <line num="165" count="81" type="stmt"/>
        <line num="166" count="81" type="stmt"/>
        <line num="167" count="95" type="cond" truecount="2" falsecount="0"/>
        <line num="170" count="81" type="stmt"/>
        <line num="173" count="8" type="stmt"/>
        <line num="176" count="2" type="stmt"/>
        <line num="179" count="42" type="stmt"/>
        <line num="182" count="2" type="stmt"/>
        <line num="185" count="2" type="stmt"/>
        <line num="190" count="431" type="cond" truecount="2" falsecount="0"/>
        <line num="191" count="175" type="cond" truecount="4" falsecount="0"/>
        <line num="193" count="3" type="stmt"/>
        <line num="196" count="4" type="stmt"/>
        <line num="199" count="2" type="stmt"/>
        <line num="202" count="6" type="stmt"/>
        <line num="207" count="431" type="cond" truecount="2" falsecount="0"/>
        <line num="208" count="175" type="cond" truecount="1" falsecount="0"/>
        <line num="210" count="1" type="stmt"/>
        <line num="218" count="272" type="stmt"/>
        <line num="229" count="272" type="cond" truecount="2" falsecount="0"/>
        <line num="232" count="272" type="cond" truecount="2" falsecount="0"/>
        <line num="239" count="272" type="cond" truecount="7" falsecount="0"/>
        <line num="242" count="2" type="stmt"/>
        <line num="243" count="270" type="cond" truecount="2" falsecount="0"/>
        <line num="244" count="172" type="stmt"/>
        <line num="248" count="272" type="stmt"/>
        <line num="253" count="272" type="cond" truecount="2" falsecount="0"/>
        <line num="254" count="272" type="stmt"/>
        <line num="257" count="272" type="stmt"/>
        <line num="283" count="272" type="stmt"/>
        <line num="285" count="272" type="stmt"/>
        <line num="288" count="97" type="stmt"/>
      </file>
    </package>
    <package name="src.conductor.compile-block.unfold-mapped">
      <metrics statements="173" coveredstatements="169" conditionals="78" coveredconditionals="72" methods="33" coveredmethods="32"/>
      <file name="map-group.ts" path="/Users/yasu/work/axentax-compiler/src/conductor/compile-block/unfold-mapped/map-group.ts">
        <metrics statements="151" coveredstatements="147" conditionals="72" coveredconditionals="67" methods="31" coveredmethods="30"/>
        <line num="1" count="24" type="stmt"/>
        <line num="4" count="24" type="stmt"/>
        <line num="6" count="24" type="stmt"/>
        <line num="7" count="24" type="stmt"/>
        <line num="8" count="24" type="stmt"/>
        <line num="9" count="24" type="stmt"/>
        <line num="10" count="24" type="stmt"/>
        <line num="11" count="24" type="stmt"/>
        <line num="38" count="24" type="stmt"/>
        <line num="41" count="627" type="stmt"/>
        <line num="42" count="627" type="stmt"/>
        <line num="44" count="627" type="stmt"/>
        <line num="47" count="627" type="stmt"/>
        <line num="48" count="627" type="stmt"/>
        <line num="49" count="86149" type="stmt"/>
        <line num="50" count="86149" type="stmt"/>
        <line num="51" count="86149" type="stmt"/>
        <line num="54" count="86149" type="cond" truecount="2" falsecount="0"/>
        <line num="55" count="803" type="cond" truecount="2" falsecount="0"/>
        <line num="57" count="803" type="stmt"/>
        <line num="61" count="85346" type="cond" truecount="4" falsecount="0"/>
        <line num="63" count="264" type="stmt"/>
        <line num="67" count="627" type="cond" truecount="2" falsecount="0"/>
        <line num="71" count="323" type="stmt"/>
        <line num="72" count="323" type="stmt"/>
        <line num="73" count="323" type="stmt"/>
        <line num="75" count="803" type="cond" truecount="2" falsecount="0"/>
        <line num="76" count="803" type="stmt"/>
        <line num="78" count="803" type="cond" truecount="4" falsecount="0"/>
        <line num="80" count="332" type="stmt"/>
        <line num="83" count="471" type="cond" truecount="1" falsecount="1"/>
        <line num="84" count="0" type="stmt"/>
        <line num="87" count="471" type="stmt"/>
        <line num="90" count="803" type="stmt"/>
        <line num="91" count="803" type="stmt"/>
        <line num="94" count="323" type="stmt"/>
        <line num="97" count="323" type="stmt"/>
        <line num="98" count="323" type="stmt"/>
        <line num="101" count="323" type="stmt"/>
        <line num="103" count="332" type="cond" truecount="2" falsecount="0"/>
        <line num="104" count="332" type="stmt"/>
        <line num="106" count="332" type="stmt"/>
        <line num="107" count="332" type="stmt"/>
        <line num="108" count="803" type="stmt"/>
        <line num="109" count="803" type="stmt"/>
        <line num="110" count="803" type="stmt"/>
        <line num="114" count="332" type="stmt"/>
        <line num="116" count="332" type="stmt"/>
        <line num="118" count="332" type="stmt"/>
        <line num="119" count="1992" type="stmt"/>
        <line num="120" count="1992" type="stmt"/>
        <line num="122" count="332" type="stmt"/>
        <line num="132" count="323" type="stmt"/>
        <line num="133" count="367" type="stmt"/>
        <line num="134" count="323" type="cond" truecount="1" falsecount="1"/>
        <line num="138" count="323" type="stmt"/>
        <line num="139" count="332" type="stmt"/>
        <line num="143" count="323" type="stmt"/>
        <line num="145" count="1136" type="stmt"/>
        <line num="146" count="1189" type="stmt"/>
        <line num="147" count="3233" type="stmt"/>
        <line num="152" count="323" type="stmt"/>
        <line num="157" count="323" type="stmt"/>
        <line num="158" count="323" type="stmt"/>
        <line num="160" count="3233" type="cond" truecount="2" falsecount="0"/>
[...]
        <line num="525" count="3" type="stmt"/>
        <line num="526" count="3" type="stmt"/>
        <line num="528" count="26" type="stmt"/>
        <line num="531" count="26" type="stmt"/>
        <line num="532" count="312" type="cond" truecount="2" falsecount="0"/>
        <line num="533" count="312" type="stmt"/>
        <line num="534" count="26" type="stmt"/>
        <line num="536" count="26" type="stmt"/>
        <line num="543" count="30" type="stmt"/>
        <line num="544" count="159" type="stmt"/>
        <line num="546" count="159" type="cond" truecount="2" falsecount="0"/>
        <line num="547" count="2" type="stmt"/>
        <line num="565" count="157" type="stmt"/>
        <line num="569" count="157" type="stmt"/>
        <line num="570" count="308" type="stmt"/>
        <line num="573" count="308" type="stmt"/>
        <line num="574" count="308" type="stmt"/>
        <line num="578" count="308" type="stmt"/>
        <line num="579" count="308" type="cond" truecount="2" falsecount="0"/>
        <line num="581" count="178" type="stmt"/>
        <line num="586" count="308" type="stmt"/>
        <line num="587" count="308" type="cond" truecount="2" falsecount="0"/>
        <line num="588" count="35" type="stmt"/>
        <line num="593" count="308" type="stmt"/>
        <line num="594" count="308" type="cond" truecount="2" falsecount="0"/>
        <line num="595" count="12" type="stmt"/>
        <line num="600" count="308" type="cond" truecount="2" falsecount="0"/>
        <line num="601" count="101" type="stmt"/>
        <line num="602" count="101" type="stmt"/>
        <line num="603" count="108" type="stmt"/>
        <line num="604" count="108" type="cond" truecount="2" falsecount="0"/>
        <line num="605" count="25" type="stmt"/>
        <line num="607" count="83" type="cond" truecount="2" falsecount="0"/>
        <line num="608" count="79" type="stmt"/>
        <line num="611" count="4" type="stmt"/>
        <line num="619" count="304" type="cond" truecount="2" falsecount="0"/>
        <line num="620" count="12" type="cond" truecount="2" falsecount="0"/>
        <line num="621" count="12" type="stmt"/>
        <line num="623" count="12" type="cond" truecount="2" falsecount="0"/>
        <line num="624" count="1" type="stmt"/>
        <line num="629" count="11" type="stmt"/>
        <line num="630" count="260" type="stmt"/>
        <line num="635" count="260" type="stmt"/>
        <line num="638" count="292" type="cond" truecount="2" falsecount="0"/>
        <line num="639" count="35" type="stmt"/>
        <line num="640" count="35" type="stmt"/>
        <line num="641" count="35" type="stmt"/>
        <line num="643" count="35" type="cond" truecount="2" falsecount="0"/>
        <line num="644" count="1" type="stmt"/>
        <line num="649" count="34" type="cond" truecount="2" falsecount="0"/>
        <line num="650" count="1" type="stmt"/>
        <line num="655" count="33" type="stmt"/>
        <line num="656" count="33" type="stmt"/>
        <line num="657" count="212" type="stmt"/>
        <line num="662" count="212" type="stmt"/>
        <line num="663" count="212" type="stmt"/>
        <line num="666" count="257" type="cond" truecount="2" falsecount="0"/>
        <line num="667" count="178" type="stmt"/>
        <line num="668" count="178" type="stmt"/>
        <line num="669" count="178" type="cond" truecount="4" falsecount="0"/>
        <line num="670" count="178" type="cond" truecount="2" falsecount="0"/>
        <line num="672" count="178" type="cond" truecount="2" falsecount="0"/>
        <line num="673" count="1" type="stmt"/>
        <line num="678" count="177" type="cond" truecount="2" falsecount="0"/>
        <line num="680" count="1474" type="stmt"/>
        <line num="685" count="1474" type="stmt"/>
        <line num="690" count="79" type="stmt"/>
        <line num="695" count="79" type="stmt"/>
        <line num="700" count="149" type="stmt"/>
        <line num="706" count="30" type="stmt"/>
        <line num="708" count="54" type="stmt"/>
        <line num="710" count="349" type="cond" truecount="2" falsecount="0"/>
        <line num="711" count="54" type="cond" truecount="4" falsecount="0"/>
        <line num="712" count="5" type="stmt"/>
        <line num="713" count="60" type="stmt"/>
        <line num="718" count="49" type="cond" truecount="4" falsecount="0"/>
        <line num="719" count="3" type="stmt"/>
        <line num="723" count="316" type="stmt"/>
        <line num="727" count="46" type="stmt"/>
        <line num="729" count="46" type="stmt"/>
        <line num="730" count="267" type="cond" truecount="2" falsecount="0"/>
        <line num="731" count="1" type="stmt"/>
        <line num="738" count="45" type="stmt"/>
        <line num="744" count="30" type="stmt"/>
        <line num="746" count="2958" type="cond" truecount="2" falsecount="0"/>
        <line num="747" count="8" type="stmt"/>
        <line num="751" count="5900" type="stmt"/>
        <line num="753" count="2950" type="cond" truecount="2" falsecount="0"/>
        <line num="754" count="2" type="stmt"/>
        <line num="757" count="2948" type="cond" truecount="4" falsecount="0"/>
        <line num="758" count="11" type="stmt"/>
        <line num="761" count="2937" type="stmt"/>
        <line num="767" count="30" type="stmt"/>
        <line num="768" count="18" type="stmt"/>
        <line num="770" count="18" type="cond" truecount="2" falsecount="0"/>
        <line num="771" count="3" type="stmt"/>
        <line num="774" count="15" type="cond" truecount="2" falsecount="0"/>
        <line num="775" count="10" type="stmt"/>
        <line num="776" count="10" type="cond" truecount="2" falsecount="0"/>
        <line num="777" count="9" type="stmt"/>
        <line num="779" count="5" type="stmt"/>
        <line num="783" count="9" type="cond" truecount="2" falsecount="0"/>
        <line num="784" count="2" type="stmt"/>
        <line num="788" count="7" type="cond" truecount="2" falsecount="0"/>
        <line num="789" count="1" type="stmt"/>
        <line num="793" count="6" type="stmt"/>
        <line num="803" count="30" type="stmt"/>
        <line num="805" count="218" type="stmt"/>
        <line num="806" count="218" type="stmt"/>
        <line num="807" count="218" type="stmt"/>
        <line num="808" count="218" type="stmt"/>
        <line num="810" count="218" type="stmt"/>
        <line num="813" count="218" type="stmt"/>
        <line num="814" count="218" type="stmt"/>
        <line num="815" count="218" type="stmt"/>
        <line num="816" count="218" type="stmt"/>
        <line num="818" count="1562" type="cond" truecount="2" falsecount="0"/>
        <line num="820" count="7" type="cond" truecount="4" falsecount="0"/>
        <line num="822" count="2" type="stmt"/>
        <line num="823" count="2" type="stmt"/>
        <line num="824" count="2" type="stmt"/>
        <line num="827" count="7" type="stmt"/>
        <line num="828" count="7" type="stmt"/>
        <line num="829" count="7" type="stmt"/>
        <line num="832" count="1555" type="stmt"/>
        <line num="834" count="1555" type="cond" truecount="2" falsecount="0"/>
        <line num="835" count="71" type="stmt"/>
        <line num="836" count="71" type="stmt"/>
        <line num="839" count="1484" type="cond" truecount="2" falsecount="0"/>
        <line num="840" count="3" type="stmt"/>
        <line num="844" count="1481" type="cond" truecount="4" falsecount="0"/>
        <line num="845" count="1" type="stmt"/>
        <line num="850" count="1480" type="cond" truecount="2" falsecount="0"/>
        <line num="852" count="74" type="cond" truecount="2" falsecount="0"/>
        <line num="853" count="1" type="stmt"/>
        <line num="857" count="73" type="cond" truecount="2" falsecount="0"/>
        <line num="859" count="21" type="stmt"/>
        <line num="860" count="21" type="stmt"/>
        <line num="861" count="21" type="stmt"/>
        <line num="864" count="73" type="stmt"/>
        <line num="865" count="73" type="stmt"/>
        <line num="868" count="1406" type="cond" truecount="2" falsecount="0"/>
        <line num="869" count="72" type="cond" truecount="2" falsecount="0"/>
        <line num="870" count="1" type="stmt"/>
        <line num="874" count="71" type="cond" truecount="4" falsecount="0"/>
        <line num="875" count="1" type="stmt"/>
        <line num="879" count="70" type="stmt"/>
        <line num="882" count="70" type="stmt"/>
        <line num="883" count="70" type="stmt"/>
        <line num="884" count="70" type="stmt"/>
        <line num="885" count="70" type="stmt"/>
        <line num="889" count="1334" type="cond" truecount="2" falsecount="0"/>
        <line num="890" count="298" type="stmt"/>
        <line num="891" count="298" type="stmt"/>
        <line num="892" count="298" type="stmt"/>
        <line num="893" count="298" type="stmt"/>
        <line num="898" count="1036" type="cond" truecount="2" falsecount="0"/>
        <line num="900" count="104" type="stmt"/>
        <line num="901" count="104" type="stmt"/>
        <line num="907" count="932" type="cond" truecount="2" falsecount="0"/>
        <line num="915" count="253" type="stmt"/>
        <line num="916" count="253" type="stmt"/>
        <line num="921" count="679" type="stmt"/>
        <line num="923" count="679" type="stmt"/>
        <line num="924" count="679" type="stmt"/>
        <line num="925" count="679" type="stmt"/>
        <line num="926" count="679" type="stmt"/>
        <line num="931" count="211" type="cond" truecount="2" falsecount="0"/>
        <line num="933" count="203" type="stmt"/>
        <line num="937" count="211" type="stmt"/>
        <line num="944" count="30" type="stmt"/>
        <line num="946" count="209" type="cond" truecount="2" falsecount="0"/>
        <line num="947" count="2" type="stmt"/>
        <line num="951" count="207" type="stmt"/>
        <line num="952" count="207" type="cond" truecount="2" falsecount="0"/>
        <line num="954" count="205" type="stmt"/>
        <line num="955" count="205" type="stmt"/>
        <line num="958" count="205" type="stmt"/>
        <line num="959" count="1245" type="stmt"/>
        <line num="960" count="205" type="stmt"/>
        <line num="961" count="967" type="stmt"/>
        <line num="963" count="967" type="stmt"/>
        <line num="972" count="967" type="stmt"/>
        <line num="973" count="967" type="cond" truecount="2" falsecount="0"/>
        <line num="974" count="296" type="stmt"/>
        <line num="975" count="671" type="cond" truecount="2" falsecount="0"/>
        <line num="976" count="3" type="stmt"/>
        <line num="977" count="3" type="stmt"/>
        <line num="978" count="668" type="cond" truecount="2" falsecount="0"/>
        <line num="979" count="5" type="stmt"/>
        <line num="980" count="5" type="stmt"/>
        <line num="981" count="663" type="cond" truecount="2" falsecount="0"/>
        <line num="982" count="662" type="stmt"/>
        <line num="983" count="748" type="stmt"/>
        <line num="988" count="1" type="stmt"/>
        <line num="992" count="966" type="stmt"/>
        <line num="993" count="966" type="cond" truecount="2" falsecount="0"/>
        <line num="994" count="239" type="cond" truecount="2" falsecount="0"/>
        <line num="995" count="1" type="stmt"/>
        <line num="998" count="238" type="stmt"/>
        <line num="1012" count="965" type="stmt"/>
        <line num="1013" count="965" type="cond" truecount="2" falsecount="0"/>
        <line num="1014" count="156" type="stmt"/>
        <line num="1018" count="965" type="stmt"/>
        <line num="1019" count="965" type="stmt"/>
        <line num="1021" count="965" type="stmt"/>
        <line num="1025" count="203" type="stmt"/>
        <line num="1032" count="30" type="stmt"/>
        <line num="1033" count="56" type="stmt"/>
        <line num="1035" count="56" type="cond" truecount="2" falsecount="0"/>
        <line num="1036" count="28" type="stmt"/>
        <line num="1037" count="28" type="stmt"/>
        <line num="1038" count="30" type="cond" truecount="2" falsecount="0"/>
        <line num="1040" count="17" type="stmt"/>
        <line num="1041" count="17" type="cond" truecount="4" falsecount="0"/>
        <line num="1042" count="1" type="stmt"/>
        <line num="1045" count="16" type="stmt"/>
        <line num="1047" count="13" type="cond" truecount="2" falsecount="0"/>
        <line num="1049" count="6" type="stmt"/>
        <line num="1050" count="6" type="cond" truecount="2" falsecount="0"/>
        <line num="1051" count="5" type="stmt"/>
        <line num="1053" count="7" type="stmt"/>
        <line num="1059" count="47" type="cond" truecount="4" falsecount="0"/>
        <line num="1060" count="1" type="stmt"/>
        <line num="1064" count="46" type="cond" truecount="4" falsecount="0"/>
        <line num="1065" count="1" type="stmt"/>
        <line num="1069" count="45" type="cond" truecount="2" falsecount="0"/>
        <line num="1070" count="45" type="cond" truecount="2" falsecount="0"/>
        <line num="1071" count="45" type="stmt"/>
        <line num="1238" count="30" type="stmt"/>
        <line num="1239" count="104" type="stmt"/>
        <line num="1241" count="104" type="stmt"/>
        <line num="1244" count="104" type="stmt"/>
        <line num="1246" count="100" type="cond" truecount="2" falsecount="0"/>
        <line num="1247" count="76" type="stmt"/>
        <line num="1248" count="76" type="cond" truecount="2" falsecount="0"/>
        <line num="1249" count="75" type="stmt"/>
        <line num="1252" count="24" type="cond" truecount="2" falsecount="0"/>
        <line num="1253" count="1" type="stmt"/>
        <line num="1256" count="23" type="cond" truecount="2" falsecount="0"/>
        <line num="1257" count="19" type="stmt"/>
        <line num="1262" count="4" type="stmt"/>
        <line num="1268" count="99" type="stmt"/>
        <line num="1274" count="30" type="stmt"/>
        <line num="1275" count="94" type="stmt"/>
        <line num="1277" count="94" type="stmt"/>
        <line num="1279" count="94" type="stmt"/>
        <line num="1280" count="184" type="stmt"/>
        <line num="1281" count="184" type="cond" truecount="2" falsecount="0"/>
        <line num="1282" count="90" type="stmt"/>
        <line num="1284" count="94" type="cond" truecount="2" falsecount="0"/>
        <line num="1285" count="85" type="stmt"/>
        <line num="1286" count="85" type="stmt"/>
        <line num="1288" count="9" type="cond" truecount="2" falsecount="0"/>
        <line num="1290" count="4" type="cond" truecount="2" falsecount="0"/>
        <line num="1291" count="1" type="stmt"/>
        <line num="1296" count="3" type="cond" truecount="2" falsecount="0"/>
        <line num="1297" count="1" type="stmt"/>
        <line num="1302" count="2" type="stmt"/>
        <line num="1303" count="24" type="cond" truecount="2" falsecount="0"/>
        <line num="1306" count="5" type="stmt"/>
        <line num="1312" count="87" type="cond" truecount="2" falsecount="0"/>
        <line num="1313" count="3" type="stmt"/>
        <line num="1318" count="84" type="cond" truecount="2" falsecount="0"/>
        <line num="1319" count="1" type="stmt"/>
        <line num="1325" count="83" type="stmt"/>
        <line num="1331" count="30" type="stmt"/>
        <line num="1332" count="94" type="stmt"/>
        <line num="1334" count="94" type="stmt"/>
        <line num="1336" count="94" type="stmt"/>
        <line num="1339" count="70" type="cond" truecount="2" falsecount="0"/>
        <line num="1340" count="15" type="stmt"/>
        <line num="1341" count="15" type="cond" truecount="2" falsecount="0"/>
        <line num="1342" count="14" type="stmt"/>
        <line num="1343" count="14" type="stmt"/>
        <line num="1347" count="55" type="stmt"/>
        <line num="1348" count="55" type="cond" truecount="2" falsecount="0"/>
        <line num="1349" count="8" type="stmt"/>
        <line num="1350" count="8" type="cond" truecount="2" falsecount="0"/>
        <line num="1351" count="2" type="stmt"/>
        <line num="1353" count="8" type="stmt"/>
        <line num="1357" count="47" type="stmt"/>
        <line num="1358" count="47" type="cond" truecount="2" falsecount="0"/>
        <line num="1359" count="31" type="stmt"/>
        <line num="1360" count="31" type="cond" truecount="2" falsecount="0"/>
        <line num="1361" count="31" type="cond" truecount="2" falsecount="0"/>
        <line num="1362" count="31" type="stmt"/>
        <line num="1366" count="16" type="cond" truecount="2" falsecount="0"/>
        <line num="1367" count="10" type="stmt"/>
        <line num="1368" count="10" type="stmt"/>
        <line num="1372" count="6" type="cond" truecount="2" falsecount="0"/>
        <line num="1373" count="1" type="stmt"/>
        <line num="1374" count="1" type="stmt"/>
        <line num="1378" count="5" type="stmt"/>
        <line num="1383" count="88" type="cond" truecount="2" falsecount="0"/>
        <line num="1387" count="88" type="cond" truecount="2" falsecount="0"/>
        <line num="1389" count="74" type="cond" truecount="2" falsecount="0"/>
        <line num="1391" count="74" type="cond" truecount="2" falsecount="0"/>
        <line num="1394" count="88" type="cond" truecount="2" falsecount="0"/>
        <line num="1396" count="88" type="cond" truecount="2" falsecount="0"/>
        <line num="1397" count="19" type="stmt"/>
        <line num="1401" count="88" type="cond" truecount="4" falsecount="0"/>
        <line num="1402" count="3" type="stmt"/>
        <line num="1406" count="88" type="stmt"/>
        <line num="1412" count="30" type="stmt"/>
        <line num="1424" count="16" type="stmt"/>
        <line num="1425" count="52" type="stmt"/>
        <line num="1426" count="52" type="cond" truecount="4" falsecount="0"/>
        <line num="1429" count="49" type="cond" truecount="6" falsecount="0"/>
        <line num="1430" count="3" type="stmt"/>
        <line num="1433" count="13" type="cond" truecount="2" falsecount="0"/>
        <line num="1434" count="1" type="stmt"/>
        <line num="1439" count="12" type="stmt"/>
        <line num="1445" count="30" type="stmt"/>
        <line num="1446" count="51" type="stmt"/>
        <line num="1448" count="51" type="cond" truecount="4" falsecount="0"/>
        <line num="1449" count="9" type="stmt"/>
        <line num="1451" count="42" type="cond" truecount="2" falsecount="0"/>
      </file>
      <file name="mod-suffix-validation.ts" path="/Users/yasu/work/axentax-compiler/src/conductor/validation/mod-suffix-validation.ts">
        <metrics statements="19" coveredstatements="19" conditionals="10" coveredconditionals="10" methods="1" coveredmethods="1"/>
        <line num="1" count="25" type="stmt"/>
        <line num="3" count="25" type="stmt"/>
        <line num="4" count="25" type="stmt"/>
        <line num="19" count="25" type="stmt"/>
        <line num="20" count="29884" type="stmt"/>
        <line num="22" count="29884" type="stmt"/>
        <line num="23" count="29884" type="cond" truecount="2" falsecount="0"/>
        <line num="24" count="728" type="cond" truecount="2" falsecount="0"/>
        <line num="25" count="1" type="stmt"/>
        <line num="29" count="727" type="stmt"/>
        <line num="30" count="727" type="cond" truecount="2" falsecount="0"/>
        <line num="31" count="12" type="stmt"/>
        <line num="34" count="727" type="stmt"/>
        <line num="35" count="727" type="cond" truecount="2" falsecount="0"/>
        <line num="37" count="727" type="stmt"/>
        <line num="38" count="727" type="cond" truecount="2" falsecount="0"/>
        <line num="40" count="727" type="stmt"/>
        <line num="42" count="727" type="stmt"/>
        <line num="45" count="29883" type="stmt"/>
      </file>
    </package>
  </project>
</coverage>
