{"/Users/yasu/work/axentax-compiler/src/to-nodejs-view.ts": {"path":"/Users/yasu/work/axentax-compiler/src/to-nodejs-view.ts","statementMap":{"0":{"start":{"line":64,"column":26},"end":{"line":64,"column":33}},"1":{"start":{"line":66,"column":33},"end":{"line":72,"column":6}},"2":{"start":{"line":67,"column":6},"end":{"line":71,"column":null}},"3":{"start":{"line":74,"column":29},"end":{"line":78,"column":20}},"4":{"start":{"line":80,"column":4},"end":{"line":82,"column":5}},"5":{"start":{"line":80,"column":22},"end":{"line":80,"column":23}},"6":{"start":{"line":81,"column":6},"end":{"line":81,"column":37}},"7":{"start":{"line":84,"column":4},"end":{"line":84,"column":16}},"8":{"start":{"line":61,"column":0},"end":{"line":61,"column":13}},"9":{"start":{"line":93,"column":16},"end":{"line":93,"column":33}},"10":{"start":{"line":94,"column":31},"end":{"line":94,"column":33}},"11":{"start":{"line":95,"column":2},"end":{"line":119,"column":3}},"12":{"start":{"line":95,"column":16},"end":{"line":95,"column":17}},"13":{"start":{"line":96,"column":15},"end":{"line":96,"column":35}},"14":{"start":{"line":98,"column":4},"end":{"line":118,"column":5}},"15":{"start":{"line":100,"column":33},"end":{"line":100,"column":47}},"16":{"start":{"line":101,"column":6},"end":{"line":101,"column":22}},"17":{"start":{"line":102,"column":6},"end":{"line":102,"column":34}},"18":{"start":{"line":104,"column":6},"end":{"line":104,"column":32}},"19":{"start":{"line":105,"column":6},"end":{"line":105,"column":47}},"20":{"start":{"line":107,"column":31},"end":{"line":107,"column":103}},"21":{"start":{"line":107,"column":75},"end":{"line":107,"column":101}},"22":{"start":{"line":112,"column":6},"end":{"line":112,"column":36}},"23":{"start":{"line":114,"column":6},"end":{"line":117,"column":null}},"24":{"start":{"line":121,"column":2},"end":{"line":121,"column":31}}},"fnMap":{"0":{"name":"(anonymous_0)","decl":{"start":{"line":63,"column":2},"end":{"line":63,"column":8}},"loc":{"start":{"line":63,"column":36},"end":{"line":85,"column":3}}},"1":{"name":"(anonymous_1)","decl":{"start":{"line":66,"column":61},"end":{"line":66,"column":63}},"loc":{"start":{"line":66,"column":66},"end":{"line":72,"column":5}}},"2":{"name":"getView","decl":{"start":{"line":92,"column":9},"end":{"line":92,"column":16}},"loc":{"start":{"line":92,"column":73},"end":{"line":122,"column":1}}},"3":{"name":"(anonymous_3)","decl":{"start":{"line":107,"column":69},"end":{"line":107,"column":71}},"loc":{"start":{"line":107,"column":75},"end":{"line":107,"column":101}}}},"branchMap":{"0":{"loc":{"start":{"line":98,"column":4},"end":{"line":118,"column":5}},"type":"if","locations":[{"start":{"line":98,"column":4},"end":{"line":118,"column":5}},{"start":{},"end":{}}]},"1":{"loc":{"start":{"line":107,"column":75},"end":{"line":107,"column":101}},"type":"cond-expr","locations":[{"start":{"line":107,"column":94},"end":{"line":107,"column":96}},{"start":{"line":107,"column":99},"end":{"line":107,"column":101}}]}},"s":{"0":6,"1":6,"2":6,"3":6,"4":6,"5":6,"6":18,"7":6,"8":1,"9":18,"10":18,"11":18,"12":18,"13":17,"14":17,"15":16,"16":16,"17":16,"18":16,"19":16,"20":16,"21":96,"22":16,"23":16,"24":18},"f":{"0":6,"1":6,"2":18,"3":96},"b":{"0":[16,1],"1":[55,41]}}
,"/Users/yasu/work/axentax-compiler/src/conductor/conductor.ts": {"path":"/Users/yasu/work/axentax-compiler/src/conductor/conductor.ts","statementMap":{"0":{"start":{"line":1,"column":0},"end":{"line":1,"column":83}},"1":{"start":{"line":4,"column":0},"end":{"line":4,"column":62}},"2":{"start":{"line":5,"column":0},"end":{"line":5,"column":69}},"3":{"start":{"line":7,"column":0},"end":{"line":7,"column":57}},"4":{"start":{"line":8,"column":0},"end":{"line":8,"column":61}},"5":{"start":{"line":11,"column":0},"end":{"line":11,"column":58}},"6":{"start":{"line":113,"column":29},"end":{"line":159,"column":null}},"7":{"start":{"line":132,"column":8},"end":{"line":149,"column":null}},"8":{"start":{"line":162,"column":4},"end":{"line":164,"column":5}},"9":{"start":{"line":163,"column":6},"end":{"line":163,"column":37}},"10":{"start":{"line":166,"column":4},"end":{"line":166,"column":25}},"11":{"start":{"line":198,"column":22},"end":{"line":198,"column":42}},"12":{"start":{"line":199,"column":22},"end":{"line":199,"column":96}},"13":{"start":{"line":203,"column":4},"end":{"line":267,"column":5}},"14":{"start":{"line":204,"column":32},"end":{"line":213,"column":8}},"15":{"start":{"line":214,"column":6},"end":{"line":214,"column":50}},"16":{"start":{"line":214,"column":27},"end":{"line":214,"column":50}},"17":{"start":{"line":216,"column":6},"end":{"line":216,"column":17}},"18":{"start":{"line":221,"column":6},"end":{"line":221,"column":38}},"19":{"start":{"line":222,"column":6},"end":{"line":230,"column":9}},"20":{"start":{"line":223,"column":8},"end":{"line":229,"column":null}},"21":{"start":{"line":225,"column":10},"end":{"line":225,"column":43}},"22":{"start":{"line":226,"column":10},"end":{"line":226,"column":43}},"23":{"start":{"line":227,"column":10},"end":{"line":227,"column":46}},"24":{"start":{"line":228,"column":10},"end":{"line":228,"column":52}},"25":{"start":{"line":232,"column":6},"end":{"line":266,"column":7}},"26":{"start":{"line":234,"column":8},"end":{"line":234,"column":34}},"27":{"start":{"line":237,"column":8},"end":{"line":242,"column":10}},"28":{"start":{"line":246,"column":21},"end":{"line":246,"column":71}},"29":{"start":{"line":249,"column":8},"end":{"line":256,"column":9}},"30":{"start":{"line":258,"column":8},"end":{"line":265,"column":10}},"31":{"start":{"line":82,"column":0},"end":{"line":82,"column":13}},"32":{"start":{"line":297,"column":2},"end":{"line":297,"column":37}},"33":{"start":{"line":300,"column":14},"end":{"line":300,"column":52}},"34":{"start":{"line":301,"column":2},"end":{"line":301,"column":29}},"35":{"start":{"line":301,"column":18},"end":{"line":301,"column":29}},"36":{"start":{"line":302,"column":2},"end":{"line":302,"column":29}},"37":{"start":{"line":305,"column":27},"end":{"line":305,"column":48}},"38":{"start":{"line":306,"column":2},"end":{"line":306,"column":55}},"39":{"start":{"line":306,"column":31},"end":{"line":306,"column":55}},"40":{"start":{"line":309,"column":14},"end":{"line":309,"column":66}},"41":{"start":{"line":310,"column":2},"end":{"line":310,"column":29}},"42":{"start":{"line":310,"column":18},"end":{"line":310,"column":29}},"43":{"start":{"line":313,"column":19},"end":{"line":313,"column":48}},"44":{"start":{"line":316,"column":2},"end":{"line":316,"column":30}},"45":{"start":{"line":337,"column":15},"end":{"line":354,"column":4}},"46":{"start":{"line":340,"column":6},"end":{"line":350,"column":null}},"47":{"start":{"line":355,"column":2},"end":{"line":355,"column":14}},"48":{"start":{"line":372,"column":2},"end":{"line":375,"column":33}},"49":{"start":{"line":374,"column":48},"end":{"line":374,"column":76}},"50":{"start":{"line":392,"column":2},"end":{"line":393,"column":80}},"51":{"start":{"line":393,"column":50},"end":{"line":393,"column":78}}},"fnMap":{"0":{"name":"(anonymous_0)","decl":{"start":{"line":104,"column":2},"end":{"line":104,"column":8}},"loc":{"start":{"line":109,"column":24},"end":{"line":167,"column":3}}},"1":{"name":"(anonymous_1)","decl":{"start":{"line":131,"column":31},"end":{"line":131,"column":37}},"loc":{"start":{"line":131,"column":40},"end":{"line":150,"column":7}}},"2":{"name":"(anonymous_2)","decl":{"start":{"line":189,"column":9},"end":{"line":189,"column":15}},"loc":{"start":{"line":195,"column":20},"end":{"line":268,"column":3}}},"3":{"name":"(anonymous_3)","decl":{"start":{"line":222,"column":38},"end":{"line":222,"column":40}},"loc":{"start":{"line":222,"column":43},"end":{"line":230,"column":7}}},"4":{"name":"(anonymous_4)","decl":{"start":{"line":223,"column":30},"end":{"line":223,"column":32}},"loc":{"start":{"line":223,"column":35},"end":{"line":229,"column":9}}},"5":{"name":"core","decl":{"start":{"line":294,"column":9},"end":{"line":294,"column":13}},"loc":{"start":{"line":294,"column":30},"end":{"line":317,"column":1}}},"6":{"name":"toMidi","decl":{"start":{"line":336,"column":9},"end":{"line":336,"column":15}},"loc":{"start":{"line":336,"column":32},"end":{"line":356,"column":1}}},"7":{"name":"(anonymous_7)","decl":{"start":{"line":339,"column":18},"end":{"line":339,"column":24}},"loc":{"start":{"line":339,"column":27},"end":{"line":351,"column":5}}},"8":{"name":"removeUnnecessaryInitials","decl":{"start":{"line":371,"column":9},"end":{"line":371,"column":34}},"loc":{"start":{"line":371,"column":51},"end":{"line":376,"column":1}}},"9":{"name":"(anonymous_9)","decl":{"start":{"line":374,"column":37},"end":{"line":374,"column":38}},"loc":{"start":{"line":374,"column":48},"end":{"line":374,"column":76}}},"10":{"name":"removeBeforeStart","decl":{"start":{"line":391,"column":9},"end":{"line":391,"column":26}},"loc":{"start":{"line":391,"column":43},"end":{"line":394,"column":1}}},"11":{"name":"(anonymous_11)","decl":{"start":{"line":393,"column":39},"end":{"line":393,"column":40}},"loc":{"start":{"line":393,"column":50},"end":{"line":393,"column":78}}}},"branchMap":{"0":{"loc":{"start":{"line":162,"column":4},"end":{"line":164,"column":5}},"type":"if","locations":[{"start":{"line":162,"column":4},"end":{"line":164,"column":5}},{"start":{},"end":{}}]},"1":{"loc":{"start":{"line":203,"column":4},"end":{"line":267,"column":5}},"type":"if","locations":[{"start":{"line":203,"column":4},"end":{"line":267,"column":5}},{"start":{"line":218,"column":11},"end":{"line":267,"column":5}}]},"2":{"loc":{"start":{"line":205,"column":12},"end":{"line":205,"column":35}},"type":"cond-expr","locations":[{"start":{"line":205,"column":30},"end":{"line":205,"column":31}},{"start":{"line":205,"column":34},"end":{"line":205,"column":35}}]},"3":{"loc":{"start":{"line":214,"column":6},"end":{"line":214,"column":50}},"type":"if","locations":[{"start":{"line":214,"column":6},"end":{"line":214,"column":50}},{"start":{},"end":{}}]},"4":{"loc":{"start":{"line":232,"column":6},"end":{"line":266,"column":7}},"type":"if","locations":[{"start":{"line":232,"column":6},"end":{"line":266,"column":7}},{"start":{"line":244,"column":13},"end":{"line":266,"column":7}}]},"5":{"loc":{"start":{"line":246,"column":21},"end":{"line":246,"column":71}},"type":"cond-expr","locations":[{"start":{"line":246,"column":36},"end":{"line":246,"column":57}},{"start":{"line":246,"column":60},"end":{"line":246,"column":71}}]},"6":{"loc":{"start":{"line":249,"column":12},"end":{"line":249,"column":31}},"type":"binary-expr","locations":[{"start":{"line":249,"column":12},"end":{"line":249,"column":16}},{"start":{"line":249,"column":20},"end":{"line":249,"column":31}}]},"7":{"loc":{"start":{"line":262,"column":16},"end":{"line":262,"column":55}},"type":"cond-expr","locations":[{"start":{"line":262,"column":23},"end":{"line":262,"column":48}},{"start":{"line":262,"column":51},"end":{"line":262,"column":55}}]},"8":{"loc":{"start":{"line":301,"column":2},"end":{"line":301,"column":29}},"type":"if","locations":[{"start":{"line":301,"column":2},"end":{"line":301,"column":29}},{"start":{},"end":{}}]},"9":{"loc":{"start":{"line":306,"column":2},"end":{"line":306,"column":55}},"type":"if","locations":[{"start":{"line":306,"column":2},"end":{"line":306,"column":55}},{"start":{},"end":{}}]},"10":{"loc":{"start":{"line":310,"column":2},"end":{"line":310,"column":29}},"type":"if","locations":[{"start":{"line":310,"column":2},"end":{"line":310,"column":29}},{"start":{},"end":{}}]},"11":{"loc":{"start":{"line":345,"column":13},"end":{"line":347,"column":15}},"type":"cond-expr","locations":[{"start":{"line":346,"column":12},"end":{"line":346,"column":49}},{"start":{"line":347,"column":12},"end":{"line":347,"column":15}}]},"12":{"loc":{"start":{"line":345,"column":13},"end":{"line":345,"column":84}},"type":"binary-expr","locations":[{"start":{"line":345,"column":13},"end":{"line":345,"column":55}},{"start":{"line":345,"column":59},"end":{"line":345,"column":84}}]}},"s":{"0":24,"1":24,"2":24,"3":24,"4":24,"5":24,"6":2753,"7":8259,"8":2753,"9":12,"10":2753,"11":2751,"12":2751,"13":2751,"14":296,"15":296,"16":294,"17":296,"18":2455,"19":2455,"20":7365,"21":35492,"22":35492,"23":35492,"24":35492,"25":2455,"26":9,"27":9,"28":2446,"29":2446,"30":2446,"31":24,"32":2753,"33":2753,"34":2753,"35":8,"36":2745,"37":2745,"38":2745,"39":50,"40":2695,"41":2695,"42":238,"43":2457,"44":2457,"45":2385,"46":7155,"47":2385,"48":2753,"49":9,"50":2745,"51":2},"f":{"0":2753,"1":8259,"2":2751,"3":7365,"4":35492,"5":2753,"6":2385,"7":7155,"8":2753,"9":9,"10":2745,"11":2},"b":{"0":[12,2741],"1":[296,2455],"2":[294,2],"3":[294,2],"4":[9,2446],"5":[2385,61],"6":[2446,2385],"7":[2385,61],"8":[8,2745],"9":[50,2695],"10":[238,2457],"11":[7152,3],"12":[7155,7155]}}
,"/Users/yasu/work/axentax-compiler/src/conductor/settings.ts": {"path":"/Users/yasu/work/axentax-compiler/src/conductor/settings.ts","statementMap":{"0":{"start":{"line":1,"column":0},"end":{"line":1,"column":40}},"1":{"start":{"line":2,"column":0},"end":{"line":2,"column":70}},"2":{"start":{"line":4,"column":0},"end":{"line":4,"column":91}},"3":{"start":{"line":15,"column":13},"end":{"line":41,"column":2}},"4":{"start":{"line":52,"column":13},"end":{"line":152,"column":null}}},"fnMap":{},"branchMap":{},"s":{"0":27,"1":27,"2":27,"3":27,"4":27},"f":{},"b":{}}
,"/Users/yasu/work/axentax-compiler/src/conductor/utils.vers.ts": {"path":"/Users/yasu/work/axentax-compiler/src/conductor/utils.vers.ts","statementMap":{"0":{"start":{"line":11,"column":0},"end":{"line":11,"column":16}},"1":{"start":{"line":3,"column":13},"end":{"line":3,"column":30}},"2":{"start":{"line":4,"column":13},"end":{"line":4,"column":32}},"3":{"start":{"line":12,"column":2},"end":{"line":12,"column":35}},"4":{"start":{"line":12,"column":25},"end":{"line":12,"column":35}},"5":{"start":{"line":13,"column":2},"end":{"line":13,"column":null}},"6":{"start":{"line":13,"column":22},"end":{"line":13,"column":58}},"7":{"start":{"line":16,"column":13},"end":{"line":29,"column":2}},"8":{"start":{"line":32,"column":13},"end":{"line":131,"column":4}}},"fnMap":{"0":{"name":"easyX","decl":{"start":{"line":11,"column":16},"end":{"line":11,"column":21}},"loc":{"start":{"line":11,"column":44},"end":{"line":14,"column":1}}},"1":{"name":"(anonymous_1)","decl":{"start":{"line":13,"column":17},"end":{"line":13,"column":18}},"loc":{"start":{"line":13,"column":22},"end":{"line":13,"column":58}}}},"branchMap":{"0":{"loc":{"start":{"line":12,"column":2},"end":{"line":12,"column":35}},"type":"if","locations":[{"start":{"line":12,"column":2},"end":{"line":12,"column":35}},{"start":{},"end":{}}]},"1":{"loc":{"start":{"line":13,"column":22},"end":{"line":13,"column":58}},"type":"cond-expr","locations":[{"start":{"line":13,"column":40},"end":{"line":13,"column":42}},{"start":{"line":13,"column":45},"end":{"line":13,"column":58}}]}},"s":{"0":34,"1":34,"2":34,"3":4,"4":1,"5":3,"6":7,"7":34,"8":34},"f":{"0":4,"1":7},"b":{"0":[1,3],"1":[1,6]}}
,"/Users/yasu/work/axentax-compiler/src/conductor/version.ts": {"path":"/Users/yasu/work/axentax-compiler/src/conductor/version.ts","statementMap":{"0":{"start":{"line":1,"column":13},"end":{"line":1,"column":33}}},"fnMap":{},"branchMap":{},"s":{"0":28},"f":{},"b":{}}
,"/Users/yasu/work/axentax-compiler/src/conductor/x-var.ts": {"path":"/Users/yasu/work/axentax-compiler/src/conductor/x-var.ts","statementMap":{"0":{"start":{"line":6,"column":13},"end":{"line":43,"column":null}},"1":{"start":{"line":48,"column":13},"end":{"line":60,"column":2}}},"fnMap":{},"branchMap":{},"s":{"0":40,"1":40},"f":{},"b":{}}
,"/Users/yasu/work/axentax-compiler/src/conductor/chord-to-fingering/chord-to-fingering.ts": {"path":"/Users/yasu/work/axentax-compiler/src/conductor/chord-to-fingering/chord-to-fingering.ts","statementMap":{"0":{"start":{"line":1,"column":0},"end":{"line":1,"column":40}},"1":{"start":{"line":3,"column":0},"end":{"line":3,"column":42}},"2":{"start":{"line":4,"column":0},"end":{"line":4,"column":39}},"3":{"start":{"line":5,"column":0},"end":{"line":5,"column":43}},"4":{"start":{"line":124,"column":4},"end":{"line":124,"column":48}},"5":{"start":{"line":127,"column":4},"end":{"line":127,"column":52}},"6":{"start":{"line":127,"column":29},"end":{"line":127,"column":52}},"7":{"start":{"line":128,"column":4},"end":{"line":128,"column":67}},"8":{"start":{"line":128,"column":36},"end":{"line":128,"column":67}},"9":{"start":{"line":129,"column":4},"end":{"line":129,"column":62}},"10":{"start":{"line":129,"column":34},"end":{"line":129,"column":62}},"11":{"start":{"line":130,"column":4},"end":{"line":134,"column":5}},"12":{"start":{"line":131,"column":6},"end":{"line":133,"column":16}},"13":{"start":{"line":132,"column":8},"end":{"line":132,"column":21}},"14":{"start":{"line":137,"column":37},"end":{"line":137,"column":41}},"15":{"start":{"line":138,"column":4},"end":{"line":140,"column":5}},"16":{"start":{"line":139,"column":6},"end":{"line":139,"column":null}},"17":{"start":{"line":143,"column":21},"end":{"line":143,"column":40}},"18":{"start":{"line":144,"column":4},"end":{"line":146,"column":5}},"19":{"start":{"line":145,"column":6},"end":{"line":145,"column":18}},"20":{"start":{"line":151,"column":4},"end":{"line":154,"column":5}},"21":{"start":{"line":152,"column":6},"end":{"line":152,"column":42}},"22":{"start":{"line":153,"column":6},"end":{"line":153,"column":35}},"23":{"start":{"line":156,"column":18},"end":{"line":156,"column":77}},"24":{"start":{"line":156,"column":42},"end":{"line":156,"column":76}},"25":{"start":{"line":159,"column":31},"end":{"line":159,"column":33}},"26":{"start":{"line":160,"column":4},"end":{"line":164,"column":7}},"27":{"start":{"line":161,"column":6},"end":{"line":163,"column":7}},"28":{"start":{"line":162,"column":8},"end":{"line":162,"column":32}},"29":{"start":{"line":167,"column":23},"end":{"line":167,"column":27}},"30":{"start":{"line":168,"column":4},"end":{"line":170,"column":7}},"31":{"start":{"line":169,"column":6},"end":{"line":169,"column":55}},"32":{"start":{"line":169,"column":22},"end":{"line":169,"column":55}},"33":{"start":{"line":172,"column":21},"end":{"line":179,"column":18}},"34":{"start":{"line":182,"column":4},"end":{"line":182,"column":39}},"35":{"start":{"line":185,"column":35},"end":{"line":185,"column":62}},"36":{"start":{"line":192,"column":4},"end":{"line":192,"column":34}},"37":{"start":{"line":109,"column":0},"end":{"line":109,"column":13}},"38":{"start":{"line":206,"column":30},"end":{"line":206,"column":32}},"39":{"start":{"line":207,"column":2},"end":{"line":215,"column":3}},"40":{"start":{"line":207,"column":16},"end":{"line":207,"column":33}},"41":{"start":{"line":208,"column":17},"end":{"line":208,"column":38}},"42":{"start":{"line":209,"column":33},"end":{"line":209,"column":35}},"43":{"start":{"line":210,"column":4},"end":{"line":213,"column":5}},"44":{"start":{"line":210,"column":18},"end":{"line":210,"column":19}},"45":{"start":{"line":211,"column":22},"end":{"line":211,"column":38}},"46":{"start":{"line":212,"column":6},"end":{"line":212,"column":null}},"47":{"start":{"line":214,"column":4},"end":{"line":214,"column":null}},"48":{"start":{"line":216,"column":2},"end":{"line":216,"column":26}},"49":{"start":{"line":231,"column":53},"end":{"line":231,"column":55}},"50":{"start":{"line":233,"column":27},"end":{"line":233,"column":44}},"51":{"start":{"line":234,"column":25},"end":{"line":234,"column":77}},"52":{"start":{"line":237,"column":16},"end":{"line":241,"column":7}},"53":{"start":{"line":244,"column":50},"end":{"line":244,"column":52}},"54":{"start":{"line":247,"column":30},"end":{"line":247,"column":66}},"55":{"start":{"line":247,"column":51},"end":{"line":247,"column":65}},"56":{"start":{"line":250,"column":38},"end":{"line":250,"column":92}},"57":{"start":{"line":250,"column":70},"end":{"line":250,"column":91}},"58":{"start":{"line":253,"column":42},"end":{"line":256,"column":3}},"59":{"start":{"line":254,"column":17},"end":{"line":254,"column":60}},"60":{"start":{"line":254,"column":52},"end":{"line":254,"column":57}},"61":{"start":{"line":255,"column":4},"end":{"line":255,"column":68}},"62":{"start":{"line":255,"column":46},"end":{"line":255,"column":66}},"63":{"start":{"line":259,"column":53},"end":{"line":262,"column":3}},"64":{"start":{"line":260,"column":18},"end":{"line":260,"column":43}},"65":{"start":{"line":261,"column":4},"end":{"line":261,"column":77}},"66":{"start":{"line":261,"column":54},"end":{"line":261,"column":75}},"67":{"start":{"line":265,"column":39},"end":{"line":267,"column":3}},"68":{"start":{"line":266,"column":4},"end":{"line":266,"column":67}},"69":{"start":{"line":266,"column":39},"end":{"line":266,"column":65}},"70":{"start":{"line":277,"column":22},"end":{"line":384,"column":3}},"71":{"start":{"line":282,"column":16},"end":{"line":282,"column":17}},"72":{"start":{"line":285,"column":18},"end":{"line":285,"column":19}},"73":{"start":{"line":287,"column":21},"end":{"line":287,"column":66}},"74":{"start":{"line":287,"column":57},"end":{"line":287,"column":64}},"75":{"start":{"line":289,"column":4},"end":{"line":296,"column":5}},"76":{"start":{"line":290,"column":6},"end":{"line":293,"column":7}},"77":{"start":{"line":291,"column":8},"end":{"line":291,"column":27}},"78":{"start":{"line":295,"column":6},"end":{"line":295,"column":25}},"79":{"start":{"line":299,"column":4},"end":{"line":306,"column":5}},"80":{"start":{"line":304,"column":6},"end":{"line":304,"column":56}},"81":{"start":{"line":305,"column":6},"end":{"line":305,"column":63}},"82":{"start":{"line":309,"column":4},"end":{"line":317,"column":5}},"83":{"start":{"line":310,"column":25},"end":{"line":310,"column":79}},"84":{"start":{"line":310,"column":69},"end":{"line":310,"column":77}},"85":{"start":{"line":311,"column":26},"end":{"line":311,"column":94}},"86":{"start":{"line":312,"column":6},"end":{"line":316,"column":7}},"87":{"start":{"line":314,"column":8},"end":{"line":314,"column":19}},"88":{"start":{"line":320,"column":4},"end":{"line":324,"column":5}},"89":{"start":{"line":321,"column":6},"end":{"line":323,"column":7}},"90":{"start":{"line":322,"column":8},"end":{"line":322,"column":19}},"91":{"start":{"line":327,"column":21},"end":{"line":327,"column":22}},"92":{"start":{"line":328,"column":32},"end":{"line":328,"column":34}},"93":{"start":{"line":330,"column":4},"end":{"line":381,"column":5}},"94":{"start":{"line":330,"column":18},"end":{"line":330,"column":42}},"95":{"start":{"line":332,"column":6},"end":{"line":339,"column":7}},"96":{"start":{"line":338,"column":8},"end":{"line":338,"column":21}},"97":{"start":{"line":342,"column":6},"end":{"line":378,"column":7}},"98":{"start":{"line":343,"column":8},"end":{"line":343,"column":19}},"99":{"start":{"line":346,"column":28},"end":{"line":346,"column":83}},"100":{"start":{"line":349,"column":39},"end":{"line":349,"column":43}},"101":{"start":{"line":350,"column":8},"end":{"line":353,"column":9}},"102":{"start":{"line":352,"column":10},"end":{"line":352,"column":84}},"103":{"start":{"line":352,"column":75},"end":{"line":352,"column":82}},"104":{"start":{"line":355,"column":8},"end":{"line":377,"column":9}},"105":{"start":{"line":357,"column":10},"end":{"line":359,"column":11}},"106":{"start":{"line":358,"column":12},"end":{"line":358,"column":null}},"107":{"start":{"line":362,"column":33},"end":{"line":362,"column":63}},"108":{"start":{"line":363,"column":10},"end":{"line":363,"column":66}},"109":{"start":{"line":363,"column":24},"end":{"line":363,"column":26}},"110":{"start":{"line":363,"column":43},"end":{"line":363,"column":66}},"111":{"start":{"line":364,"column":23},"end":{"line":364,"column":81}},"112":{"start":{"line":364,"column":47},"end":{"line":364,"column":70}},"113":{"start":{"line":366,"column":10},"end":{"line":376,"column":11}},"114":{"start":{"line":367,"column":12},"end":{"line":367,"column":36}},"115":{"start":{"line":368,"column":12},"end":{"line":371,"column":13}},"116":{"start":{"line":368,"column":26},"end":{"line":368,"column":28}},"117":{"start":{"line":369,"column":14},"end":{"line":369,"column":36}},"118":{"start":{"line":373,"column":12},"end":{"line":373,"column":23}},"119":{"start":{"line":380,"column":6},"end":{"line":380,"column":46}},"120":{"start":{"line":383,"column":4},"end":{"line":383,"column":27}},"121":{"start":{"line":397,"column":21},"end":{"line":419,"column":3}},"122":{"start":{"line":402,"column":33},"end":{"line":402,"column":91}},"123":{"start":{"line":403,"column":16},"end":{"line":403,"column":28}},"124":{"start":{"line":406,"column":4},"end":{"line":410,"column":5}},"125":{"start":{"line":407,"column":6},"end":{"line":409,"column":7}},"126":{"start":{"line":407,"column":53},"end":{"line":407,"column":61}},"127":{"start":{"line":408,"column":8},"end":{"line":408,"column":19}},"128":{"start":{"line":413,"column":4},"end":{"line":416,"column":5}},"129":{"start":{"line":418,"column":4},"end":{"line":418,"column":25}},"130":{"start":{"line":431,"column":21},"end":{"line":494,"column":3}},"131":{"start":{"line":433,"column":52},"end":{"line":433,"column":54}},"132":{"start":{"line":436,"column":24},"end":{"line":436,"column":25}},"133":{"start":{"line":439,"column":4},"end":{"line":451,"column":5}},"134":{"start":{"line":439,"column":18},"end":{"line":439,"column":29}},"135":{"start":{"line":440,"column":48},"end":{"line":440,"column":50}},"136":{"start":{"line":443,"column":18},"end":{"line":443,"column":41}},"137":{"start":{"line":444,"column":6},"end":{"line":449,"column":7}},"138":{"start":{"line":444,"column":20},"end":{"line":444,"column":35}},"139":{"start":{"line":445,"column":20},"end":{"line":445,"column":45}},"140":{"start":{"line":446,"column":8},"end":{"line":448,"column":9}},"141":{"start":{"line":447,"column":10},"end":{"line":447,"column":64}},"142":{"start":{"line":450,"column":6},"end":{"line":450,"column":null}},"143":{"start":{"line":453,"column":23},"end":{"line":453,"column":77}},"144":{"start":{"line":454,"column":24},"end":{"line":463,"column":null}},"145":{"start":{"line":456,"column":21},"end":{"line":456,"column":68}},"146":{"start":{"line":456,"column":34},"end":{"line":456,"column":57}},"147":{"start":{"line":457,"column":8},"end":{"line":462,"column":9}},"148":{"start":{"line":458,"column":10},"end":{"line":458,"column":null}},"149":{"start":{"line":460,"column":10},"end":{"line":460,"column":34}},"150":{"start":{"line":461,"column":10},"end":{"line":461,"column":null}},"151":{"start":{"line":467,"column":4},"end":{"line":492,"column":7}},"152":{"start":{"line":469,"column":28},"end":{"line":469,"column":74}},"153":{"start":{"line":472,"column":18},"end":{"line":472,"column":71}},"154":{"start":{"line":473,"column":6},"end":{"line":473,"column":43}},"155":{"start":{"line":474,"column":20},"end":{"line":474,"column":78}},"156":{"start":{"line":475,"column":6},"end":{"line":475,"column":40}},"157":{"start":{"line":476,"column":6},"end":{"line":481,"column":null}},"158":{"start":{"line":477,"column":8},"end":{"line":480,"column":9}},"159":{"start":{"line":478,"column":10},"end":{"line":478,"column":null}},"160":{"start":{"line":479,"column":10},"end":{"line":479,"column":null}},"161":{"start":{"line":483,"column":24},"end":{"line":490,"column":null}},"162":{"start":{"line":484,"column":60},"end":{"line":484,"column":83}},"163":{"start":{"line":488,"column":26},"end":{"line":488,"column":50}},"164":{"start":{"line":491,"column":6},"end":{"line":491,"column":42}},"165":{"start":{"line":500,"column":2},"end":{"line":523,"column":3}},"166":{"start":{"line":500,"column":20},"end":{"line":500,"column":36}},"167":{"start":{"line":503,"column":16},"end":{"line":503,"column":52}},"168":{"start":{"line":504,"column":4},"end":{"line":521,"column":5}},"169":{"start":{"line":504,"column":22},"end":{"line":504,"column":23}},"170":{"start":{"line":505,"column":22},"end":{"line":505,"column":55}},"171":{"start":{"line":506,"column":6},"end":{"line":506,"column":53}},"172":{"start":{"line":506,"column":44},"end":{"line":506,"column":53}},"173":{"start":{"line":510,"column":33},"end":{"line":512,"column":24}},"174":{"start":{"line":514,"column":33},"end":{"line":514,"column":117}},"175":{"start":{"line":517,"column":6},"end":{"line":519,"column":7}},"176":{"start":{"line":517,"column":29},"end":{"line":517,"column":47}},"177":{"start":{"line":518,"column":8},"end":{"line":518,"column":48}},"178":{"start":{"line":526,"column":2},"end":{"line":532,"column":3}},"179":{"start":{"line":527,"column":4},"end":{"line":531,"column":5}},"180":{"start":{"line":528,"column":6},"end":{"line":528,"column":null}},"181":{"start":{"line":528,"column":41},"end":{"line":528,"column":74}},"182":{"start":{"line":530,"column":6},"end":{"line":530,"column":null}},"183":{"start":{"line":530,"column":41},"end":{"line":530,"column":74}},"184":{"start":{"line":533,"column":2},"end":{"line":533,"column":null}},"185":{"start":{"line":533,"column":37},"end":{"line":533,"column":54}},"186":{"start":{"line":535,"column":57},"end":{"line":541,"column":null}},"187":{"start":{"line":543,"column":2},"end":{"line":543,"column":32}},"188":{"start":{"line":559,"column":24},"end":{"line":559,"column":63}},"189":{"start":{"line":559,"column":46},"end":{"line":559,"column":62}},"190":{"start":{"line":561,"column":2},"end":{"line":564,"column":3}},"191":{"start":{"line":572,"column":18},"end":{"line":578,"column":3}},"192":{"start":{"line":573,"column":4},"end":{"line":576,"column":5}},"193":{"start":{"line":574,"column":6},"end":{"line":574,"column":29}},"194":{"start":{"line":575,"column":6},"end":{"line":575,"column":13}},"195":{"start":{"line":577,"column":4},"end":{"line":577,"column":78}},"196":{"start":{"line":577,"column":41},"end":{"line":577,"column":76}},"197":{"start":{"line":580,"column":35},"end":{"line":580,"column":37}},"198":{"start":{"line":581,"column":2},"end":{"line":581,"column":17}},"199":{"start":{"line":582,"column":2},"end":{"line":582,"column":16}},"200":{"start":{"line":596,"column":2},"end":{"line":598,"column":3}},"201":{"start":{"line":597,"column":4},"end":{"line":597,"column":17}},"202":{"start":{"line":601,"column":2},"end":{"line":605,"column":3}},"203":{"start":{"line":601,"column":15},"end":{"line":601,"column":16}},"204":{"start":{"line":602,"column":4},"end":{"line":604,"column":5}},"205":{"start":{"line":603,"column":6},"end":{"line":603,"column":19}},"206":{"start":{"line":608,"column":2},"end":{"line":608,"column":14}}},"fnMap":{"0":{"name":"(anonymous_6)","decl":{"start":{"line":122,"column":2},"end":{"line":122,"column":8}},"loc":{"start":{"line":122,"column":86},"end":{"line":193,"column":3}}},"1":{"name":"(anonymous_7)","decl":{"start":{"line":131,"column":60},"end":{"line":131,"column":61}},"loc":{"start":{"line":131,"column":64},"end":{"line":133,"column":7}}},"2":{"name":"(anonymous_8)","decl":{"start":{"line":156,"column":37},"end":{"line":156,"column":38}},"loc":{"start":{"line":156,"column":42},"end":{"line":156,"column":76}}},"3":{"name":"(anonymous_9)","decl":{"start":{"line":160,"column":31},"end":{"line":160,"column":32}},"loc":{"start":{"line":160,"column":40},"end":{"line":164,"column":5}}},"4":{"name":"(anonymous_10)","decl":{"start":{"line":168,"column":31},"end":{"line":168,"column":32}},"loc":{"start":{"line":168,"column":40},"end":{"line":170,"column":5}}},"5":{"name":"createBasicBoard","decl":{"start":{"line":205,"column":9},"end":{"line":205,"column":25}},"loc":{"start":{"line":205,"column":54},"end":{"line":217,"column":1}}},"6":{"name":"searchAll","decl":{"start":{"line":229,"column":9},"end":{"line":229,"column":18}},"loc":{"start":{"line":229,"column":47},"end":{"line":544,"column":1}}},"7":{"name":"(anonymous_13)","decl":{"start":{"line":247,"column":46},"end":{"line":247,"column":47}},"loc":{"start":{"line":247,"column":51},"end":{"line":247,"column":65}}},"8":{"name":"(anonymous_14)","decl":{"start":{"line":250,"column":65},"end":{"line":250,"column":66}},"loc":{"start":{"line":250,"column":70},"end":{"line":250,"column":91}}},"9":{"name":"(anonymous_15)","decl":{"start":{"line":253,"column":42},"end":{"line":253,"column":43}},"loc":{"start":{"line":253,"column":69},"end":{"line":256,"column":3}}},"10":{"name":"(anonymous_16)","decl":{"start":{"line":254,"column":47},"end":{"line":254,"column":48}},"loc":{"start":{"line":254,"column":52},"end":{"line":254,"column":57}}},"11":{"name":"(anonymous_17)","decl":{"start":{"line":255,"column":37},"end":{"line":255,"column":42}},"loc":{"start":{"line":255,"column":46},"end":{"line":255,"column":66}}},"12":{"name":"(anonymous_18)","decl":{"start":{"line":259,"column":53},"end":{"line":259,"column":54}},"loc":{"start":{"line":259,"column":70},"end":{"line":262,"column":3}}},"13":{"name":"(anonymous_19)","decl":{"start":{"line":261,"column":45},"end":{"line":261,"column":50}},"loc":{"start":{"line":261,"column":54},"end":{"line":261,"column":75}}},"14":{"name":"(anonymous_20)","decl":{"start":{"line":265,"column":39},"end":{"line":265,"column":40}},"loc":{"start":{"line":265,"column":88},"end":{"line":267,"column":3}}},"15":{"name":"(anonymous_21)","decl":{"start":{"line":266,"column":30},"end":{"line":266,"column":35}},"loc":{"start":{"line":266,"column":39},"end":{"line":266,"column":65}}},"16":{"name":"(anonymous_22)","decl":{"start":{"line":277,"column":22},"end":{"line":277,"column":null}},"loc":{"start":{"line":279,"column":24},"end":{"line":384,"column":3}}},"17":{"name":"(anonymous_23)","decl":{"start":{"line":287,"column":51},"end":{"line":287,"column":53}},"loc":{"start":{"line":287,"column":57},"end":{"line":287,"column":64}}},"18":{"name":"(anonymous_24)","decl":{"start":{"line":310,"column":64},"end":{"line":310,"column":65}},"loc":{"start":{"line":310,"column":69},"end":{"line":310,"column":77}}},"19":{"name":"(anonymous_25)","decl":{"start":{"line":352,"column":70},"end":{"line":352,"column":71}},"loc":{"start":{"line":352,"column":75},"end":{"line":352,"column":82}}},"20":{"name":"(anonymous_26)","decl":{"start":{"line":364,"column":42},"end":{"line":364,"column":43}},"loc":{"start":{"line":364,"column":47},"end":{"line":364,"column":70}}},"21":{"name":"(anonymous_27)","decl":{"start":{"line":397,"column":21},"end":{"line":397,"column":null}},"loc":{"start":{"line":399,"column":24},"end":{"line":419,"column":3}}},"22":{"name":"(anonymous_28)","decl":{"start":{"line":407,"column":48},"end":{"line":407,"column":49}},"loc":{"start":{"line":407,"column":53},"end":{"line":407,"column":61}}},"23":{"name":"(anonymous_29)","decl":{"start":{"line":431,"column":21},"end":{"line":431,"column":22}},"loc":{"start":{"line":431,"column":97},"end":{"line":494,"column":3}}},"24":{"name":"(anonymous_30)","decl":{"start":{"line":455,"column":6},"end":{"line":455,"column":9}},"loc":{"start":{"line":455,"column":12},"end":{"line":463,"column":7}}},"25":{"name":"(anonymous_31)","decl":{"start":{"line":456,"column":29},"end":{"line":456,"column":30}},"loc":{"start":{"line":456,"column":34},"end":{"line":456,"column":57}}},"26":{"name":"(anonymous_32)","decl":{"start":{"line":467,"column":24},"end":{"line":467,"column":26}},"loc":{"start":{"line":467,"column":29},"end":{"line":492,"column":5}}},"27":{"name":"(anonymous_33)","decl":{"start":{"line":476,"column":17},"end":{"line":476,"column":18}},"loc":{"start":{"line":476,"column":21},"end":{"line":481,"column":7}}},"28":{"name":"(anonymous_34)","decl":{"start":{"line":484,"column":46},"end":{"line":484,"column":47}},"loc":{"start":{"line":484,"column":60},"end":{"line":484,"column":83}}},"29":{"name":"(anonymous_35)","decl":{"start":{"line":488,"column":21},"end":{"line":488,"column":22}},"loc":{"start":{"line":488,"column":26},"end":{"line":488,"column":50}}},"30":{"name":"(anonymous_36)","decl":{"start":{"line":528,"column":31},"end":{"line":528,"column":32}},"loc":{"start":{"line":528,"column":41},"end":{"line":528,"column":74}}},"31":{"name":"(anonymous_37)","decl":{"start":{"line":530,"column":31},"end":{"line":530,"column":32}},"loc":{"start":{"line":530,"column":41},"end":{"line":530,"column":74}}},"32":{"name":"(anonymous_38)","decl":{"start":{"line":533,"column":27},"end":{"line":533,"column":28}},"loc":{"start":{"line":533,"column":37},"end":{"line":533,"column":54}}},"33":{"name":"findAllCombinationsFretLocation","decl":{"start":{"line":555,"column":9},"end":{"line":555,"column":40}},"loc":{"start":{"line":555,"column":64},"end":{"line":583,"column":1}}},"34":{"name":"(anonymous_40)","decl":{"start":{"line":559,"column":37},"end":{"line":559,"column":42}},"loc":{"start":{"line":559,"column":46},"end":{"line":559,"column":62}}},"35":{"name":"(anonymous_41)","decl":{"start":{"line":572,"column":18},"end":{"line":572,"column":19}},"loc":{"start":{"line":572,"column":64},"end":{"line":578,"column":3}}},"36":{"name":"(anonymous_42)","decl":{"start":{"line":577,"column":33},"end":{"line":577,"column":37}},"loc":{"start":{"line":577,"column":41},"end":{"line":577,"column":76}}},"37":{"name":"arraysAreEqual","decl":{"start":{"line":594,"column":9},"end":{"line":594,"column":23}},"loc":{"start":{"line":594,"column":54},"end":{"line":609,"column":1}}}},"branchMap":{"0":{"loc":{"start":{"line":122,"column":50},"end":{"line":122,"column":86}},"type":"default-arg","locations":[{"start":{"line":122,"column":84},"end":{"line":122,"column":86}}]},"1":{"loc":{"start":{"line":127,"column":4},"end":{"line":127,"column":52}},"type":"if","locations":[{"start":{"line":127,"column":4},"end":{"line":127,"column":52}},{"start":{},"end":{}}]},"2":{"loc":{"start":{"line":128,"column":4},"end":{"line":128,"column":67}},"type":"if","locations":[{"start":{"line":128,"column":4},"end":{"line":128,"column":67}},{"start":{},"end":{}}]},"3":{"loc":{"start":{"line":129,"column":4},"end":{"line":129,"column":62}},"type":"if","locations":[{"start":{"line":129,"column":4},"end":{"line":129,"column":62}},{"start":{},"end":{}}]},"4":{"loc":{"start":{"line":130,"column":4},"end":{"line":134,"column":5}},"type":"if","locations":[{"start":{"line":130,"column":4},"end":{"line":134,"column":5}},{"start":{},"end":{}}]},"5":{"loc":{"start":{"line":138,"column":4},"end":{"line":140,"column":5}},"type":"if","locations":[{"start":{"line":138,"column":4},"end":{"line":140,"column":5}},{"start":{},"end":{}}]},"6":{"loc":{"start":{"line":144,"column":4},"end":{"line":146,"column":5}},"type":"if","locations":[{"start":{"line":144,"column":4},"end":{"line":146,"column":5}},{"start":{},"end":{}}]},"7":{"loc":{"start":{"line":151,"column":4},"end":{"line":154,"column":5}},"type":"if","locations":[{"start":{"line":151,"column":4},"end":{"line":154,"column":5}},{"start":{},"end":{}}]},"8":{"loc":{"start":{"line":161,"column":6},"end":{"line":163,"column":7}},"type":"if","locations":[{"start":{"line":161,"column":6},"end":{"line":163,"column":7}},{"start":{},"end":{}}]},"9":{"loc":{"start":{"line":169,"column":6},"end":{"line":169,"column":55}},"type":"if","locations":[{"start":{"line":169,"column":6},"end":{"line":169,"column":55}},{"start":{},"end":{}}]},"10":{"loc":{"start":{"line":212,"column":15},"end":{"line":212,"column":70}},"type":"cond-expr","locations":[{"start":{"line":212,"column":50},"end":{"line":212,"column":63}},{"start":{"line":212,"column":66},"end":{"line":212,"column":70}}]},"11":{"loc":{"start":{"line":238,"column":4},"end":{"line":240,"column":34}},"type":"cond-expr","locations":[{"start":{"line":239,"column":8},"end":{"line":239,"column":9}},{"start":{"line":240,"column":8},"end":{"line":240,"column":34}}]},"12":{"loc":{"start":{"line":238,"column":4},"end":{"line":238,"column":69}},"type":"binary-expr","locations":[{"start":{"line":238,"column":4},"end":{"line":238,"column":34}},{"start":{"line":238,"column":38},"end":{"line":238,"column":69}}]},"13":{"loc":{"start":{"line":289,"column":4},"end":{"line":296,"column":5}},"type":"if","locations":[{"start":{"line":289,"column":4},"end":{"line":296,"column":5}},{"start":{"line":294,"column":11},"end":{"line":296,"column":5}}]},"14":{"loc":{"start":{"line":290,"column":6},"end":{"line":293,"column":7}},"type":"if","locations":[{"start":{"line":290,"column":6},"end":{"line":293,"column":7}},{"start":{},"end":{}}]},"15":{"loc":{"start":{"line":299,"column":4},"end":{"line":306,"column":5}},"type":"if","locations":[{"start":{"line":299,"column":4},"end":{"line":306,"column":5}},{"start":{},"end":{}}]},"16":{"loc":{"start":{"line":299,"column":8},"end":{"line":302,"column":94}},"type":"binary-expr","locations":[{"start":{"line":299,"column":8},"end":{"line":299,"column":42}},{"start":{"line":299,"column":46},"end":{"line":299,"column":65}},{"start":{"line":300,"column":9},"end":{"line":300,"column":72}},{"start":{"line":301,"column":9},"end":{"line":301,"column":65}},{"start":{"line":302,"column":9},"end":{"line":302,"column":94}}]},"17":{"loc":{"start":{"line":309,"column":4},"end":{"line":317,"column":5}},"type":"if","locations":[{"start":{"line":309,"column":4},"end":{"line":317,"column":5}},{"start":{},"end":{}}]},"18":{"loc":{"start":{"line":312,"column":6},"end":{"line":316,"column":7}},"type":"if","locations":[{"start":{"line":312,"column":6},"end":{"line":316,"column":7}},{"start":{},"end":{}}]},"19":{"loc":{"start":{"line":320,"column":4},"end":{"line":324,"column":5}},"type":"if","locations":[{"start":{"line":320,"column":4},"end":{"line":324,"column":5}},{"start":{},"end":{}}]},"20":{"loc":{"start":{"line":320,"column":8},"end":{"line":320,"column":70}},"type":"binary-expr","locations":[{"start":{"line":320,"column":8},"end":{"line":320,"column":44}},{"start":{"line":320,"column":48},"end":{"line":320,"column":70}}]},"21":{"loc":{"start":{"line":321,"column":6},"end":{"line":323,"column":7}},"type":"if","locations":[{"start":{"line":321,"column":6},"end":{"line":323,"column":7}},{"start":{},"end":{}}]},"22":{"loc":{"start":{"line":332,"column":6},"end":{"line":339,"column":7}},"type":"if","locations":[{"start":{"line":332,"column":6},"end":{"line":339,"column":7}},{"start":{},"end":{}}]},"23":{"loc":{"start":{"line":334,"column":8},"end":{"line":336,"column":78}},"type":"binary-expr","locations":[{"start":{"line":334,"column":8},"end":{"line":334,"column":33}},{"start":{"line":336,"column":12},"end":{"line":336,"column":39}},{"start":{"line":336,"column":43},"end":{"line":336,"column":77}}]},"24":{"loc":{"start":{"line":342,"column":6},"end":{"line":378,"column":7}},"type":"if","locations":[{"start":{"line":342,"column":6},"end":{"line":378,"column":7}},{"start":{},"end":{}}]},"25":{"loc":{"start":{"line":350,"column":8},"end":{"line":353,"column":9}},"type":"if","locations":[{"start":{"line":350,"column":8},"end":{"line":353,"column":9}},{"start":{},"end":{}}]},"26":{"loc":{"start":{"line":355,"column":8},"end":{"line":377,"column":9}},"type":"if","locations":[{"start":{"line":355,"column":8},"end":{"line":377,"column":9}},{"start":{},"end":{}}]},"27":{"loc":{"start":{"line":355,"column":12},"end":{"line":355,"column":61}},"type":"binary-expr","locations":[{"start":{"line":355,"column":12},"end":{"line":355,"column":23}},{"start":{"line":355,"column":27},"end":{"line":355,"column":61}}]},"28":{"loc":{"start":{"line":357,"column":10},"end":{"line":359,"column":11}},"type":"if","locations":[{"start":{"line":357,"column":10},"end":{"line":359,"column":11}},{"start":{},"end":{}}]},"29":{"loc":{"start":{"line":366,"column":10},"end":{"line":376,"column":11}},"type":"if","locations":[{"start":{"line":366,"column":10},"end":{"line":376,"column":11}},{"start":{},"end":{}}]},"30":{"loc":{"start":{"line":406,"column":4},"end":{"line":410,"column":5}},"type":"if","locations":[{"start":{"line":406,"column":4},"end":{"line":410,"column":5}},{"start":{},"end":{}}]},"31":{"loc":{"start":{"line":407,"column":6},"end":{"line":409,"column":7}},"type":"if","locations":[{"start":{"line":407,"column":6},"end":{"line":409,"column":7}},{"start":{},"end":{}}]},"32":{"loc":{"start":{"line":413,"column":4},"end":{"line":416,"column":5}},"type":"if","locations":[{"start":{"line":413,"column":4},"end":{"line":416,"column":5}},{"start":{},"end":{}}]},"33":{"loc":{"start":{"line":446,"column":8},"end":{"line":448,"column":9}},"type":"if","locations":[{"start":{"line":446,"column":8},"end":{"line":448,"column":9}},{"start":{},"end":{}}]},"34":{"loc":{"start":{"line":457,"column":8},"end":{"line":462,"column":9}},"type":"if","locations":[{"start":{"line":457,"column":8},"end":{"line":462,"column":9}},{"start":{"line":459,"column":15},"end":{"line":462,"column":9}}]},"35":{"loc":{"start":{"line":457,"column":12},"end":{"line":457,"column":69}},"type":"binary-expr","locations":[{"start":{"line":457,"column":12},"end":{"line":457,"column":28}},{"start":{"line":457,"column":32},"end":{"line":457,"column":69}}]},"36":{"loc":{"start":{"line":477,"column":8},"end":{"line":480,"column":9}},"type":"if","locations":[{"start":{"line":477,"column":8},"end":{"line":480,"column":9}},{"start":{},"end":{}}]},"37":{"loc":{"start":{"line":484,"column":35},"end":{"line":484,"column":92}},"type":"binary-expr","locations":[{"start":{"line":484,"column":35},"end":{"line":484,"column":87}},{"start":{"line":484,"column":91},"end":{"line":484,"column":92}}]},"38":{"loc":{"start":{"line":484,"column":61},"end":{"line":484,"column":69}},"type":"binary-expr","locations":[{"start":{"line":484,"column":61},"end":{"line":484,"column":64}},{"start":{"line":484,"column":68},"end":{"line":484,"column":69}}]},"39":{"loc":{"start":{"line":484,"column":74},"end":{"line":484,"column":82}},"type":"binary-expr","locations":[{"start":{"line":484,"column":74},"end":{"line":484,"column":77}},{"start":{"line":484,"column":81},"end":{"line":484,"column":82}}]},"40":{"loc":{"start":{"line":488,"column":26},"end":{"line":488,"column":50}},"type":"cond-expr","locations":[{"start":{"line":488,"column":44},"end":{"line":488,"column":45}},{"start":{"line":488,"column":48},"end":{"line":488,"column":50}}]},"41":{"loc":{"start":{"line":506,"column":6},"end":{"line":506,"column":53}},"type":"if","locations":[{"start":{"line":506,"column":6},"end":{"line":506,"column":53}},{"start":{},"end":{}}]},"42":{"loc":{"start":{"line":506,"column":10},"end":{"line":506,"column":42}},"type":"binary-expr","locations":[{"start":{"line":506,"column":10},"end":{"line":506,"column":18}},{"start":{"line":506,"column":22},"end":{"line":506,"column":42}}]},"43":{"loc":{"start":{"line":510,"column":33},"end":{"line":512,"column":24}},"type":"cond-expr","locations":[{"start":{"line":511,"column":10},"end":{"line":511,"column":11}},{"start":{"line":512,"column":10},"end":{"line":512,"column":24}}]},"44":{"loc":{"start":{"line":514,"column":33},"end":{"line":514,"column":117}},"type":"cond-expr","locations":[{"start":{"line":514,"column":80},"end":{"line":514,"column":108}},{"start":{"line":514,"column":111},"end":{"line":514,"column":117}}]},"45":{"loc":{"start":{"line":514,"column":33},"end":{"line":514,"column":77}},"type":"binary-expr","locations":[{"start":{"line":514,"column":33},"end":{"line":514,"column":45}},{"start":{"line":514,"column":49},"end":{"line":514,"column":77}}]},"46":{"loc":{"start":{"line":526,"column":2},"end":{"line":532,"column":3}},"type":"if","locations":[{"start":{"line":526,"column":2},"end":{"line":532,"column":3}},{"start":{},"end":{}}]},"47":{"loc":{"start":{"line":527,"column":4},"end":{"line":531,"column":5}},"type":"if","locations":[{"start":{"line":527,"column":4},"end":{"line":531,"column":5}},{"start":{"line":529,"column":11},"end":{"line":531,"column":5}}]},"48":{"loc":{"start":{"line":561,"column":2},"end":{"line":564,"column":3}},"type":"if","locations":[{"start":{"line":561,"column":2},"end":{"line":564,"column":3}},{"start":{},"end":{}}]},"49":{"loc":{"start":{"line":573,"column":4},"end":{"line":576,"column":5}},"type":"if","locations":[{"start":{"line":573,"column":4},"end":{"line":576,"column":5}},{"start":{},"end":{}}]},"50":{"loc":{"start":{"line":596,"column":2},"end":{"line":598,"column":3}},"type":"if","locations":[{"start":{"line":596,"column":2},"end":{"line":598,"column":3}},{"start":{},"end":{}}]},"51":{"loc":{"start":{"line":602,"column":4},"end":{"line":604,"column":5}},"type":"if","locations":[{"start":{"line":602,"column":4},"end":{"line":604,"column":5}},{"start":{},"end":{}}]}},"s":{"0":25,"1":25,"2":25,"3":25,"4":8596,"5":8596,"6":8554,"7":8596,"8":8557,"9":8596,"10":8555,"11":8596,"12":80,"13":371,"14":8596,"15":8596,"16":12,"17":8596,"18":8596,"19":39,"20":8557,"21":12,"22":12,"23":8557,"24":25901,"25":8557,"26":8557,"27":25889,"28":46,"29":8557,"30":8557,"31":25889,"32":8354,"33":8557,"34":8557,"35":8556,"36":8556,"37":25,"38":8557,"39":8557,"40":8557,"41":51328,"42":51328,"43":51328,"44":51328,"45":1283176,"46":1283175,"47":51327,"48":8556,"49":8556,"50":8556,"51":8556,"52":8556,"53":8556,"54":8556,"55":25898,"56":8556,"57":17333,"58":8556,"59":219908,"60":745715,"61":219908,"62":436928,"63":8556,"64":70292,"65":70292,"66":75709,"67":8556,"68":1837,"69":7429,"70":8556,"71":170135,"72":170135,"73":170135,"74":629961,"75":170135,"76":5578,"77":1741,"78":164557,"79":170135,"80":20,"81":20,"82":170135,"83":1837,"84":7329,"85":1837,"86":1837,"87":854,"88":170135,"89":309,"90":223,"91":170135,"92":170135,"93":170135,"94":170135,"95":609513,"96":551279,"97":609513,"98":70292,"99":70292,"100":70292,"101":70292,"102":766,"103":937,"104":70292,"105":55654,"106":437,"107":55654,"108":55654,"109":55654,"110":76487,"111":55654,"112":172837,"113":55654,"114":55226,"115":55226,"116":55226,"117":75674,"118":55226,"119":554287,"120":114909,"121":8556,"122":170135,"123":170135,"124":170135,"125":1837,"126":6670,"127":1627,"128":170135,"129":170135,"130":8556,"131":189116,"132":189116,"133":189116,"134":189116,"135":660493,"136":660493,"137":660493,"138":660493,"139":2642826,"140":2642826,"141":680661,"142":660493,"143":189116,"144":189116,"145":265784,"146":908866,"147":265784,"148":95649,"149":170135,"150":170135,"151":189116,"152":170135,"153":170135,"154":170135,"155":170135,"156":170135,"157":170135,"158":554287,"159":554226,"160":554226,"161":170135,"162":1020926,"163":1020926,"164":170135,"165":8556,"166":8556,"167":33986,"168":33986,"169":33986,"170":611748,"171":611748,"172":559755,"173":51993,"174":51993,"175":51993,"176":51993,"177":189116,"178":8556,"179":8469,"180":8464,"181":475410,"182":5,"183":487,"184":8556,"185":500221,"186":8556,"187":8556,"188":189116,"189":660493,"190":189116,"191":189089,"192":978577,"193":265784,"194":265784,"195":712793,"196":789488,"197":189089,"198":189089,"199":189089,"200":1837,"201":1520,"202":317,"203":317,"204":1346,"205":107,"206":210},"f":{"0":8596,"1":371,"2":25901,"3":25889,"4":25889,"5":8557,"6":8556,"7":25898,"8":17333,"9":219908,"10":745715,"11":436928,"12":70292,"13":75709,"14":1837,"15":7429,"16":170135,"17":629961,"18":7329,"19":937,"20":172837,"21":170135,"22":6670,"23":189116,"24":265784,"25":908866,"26":170135,"27":554287,"28":1020926,"29":1020926,"30":475410,"31":487,"32":500221,"33":189116,"34":660493,"35":978577,"36":789488,"37":1837},"b":{"0":[59],"1":[8554,42],"2":[8557,39],"3":[8555,41],"4":[80,8516],"5":[12,8584],"6":[39,8557],"7":[12,8545],"8":[46,25843],"9":[8354,17535],"10":[332459,950716],"11":[8,8548],"12":[8556,8550],"13":[5578,164557],"14":[1741,3837],"15":[20,170115],"16":[170135,295,254,34,22],"17":[1837,168298],"18":[854,983],"19":[309,169826],"20":[170135,168296],"21":[223,86],"22":[551279,58234],"23":[609513,149728,149718],"24":[70292,539221],"25":[766,69526],"26":[55654,14638],"27":[70292,68399],"28":[437,55217],"29":[55226,428],"30":[1837,168298],"31":[1627,210],"32":[23442,146693],"33":[680661,1962165],"34":[95649,170135],"35":[265784,219908],"36":[554226,61],"37":[170135,6],"38":[1020926,261718],"39":[1020926,330884],"40":[724361,296565],"41":[559755,51993],"42":[611748,161890],"43":[8446,43547],"44":[2,51991],"45":[51993,4348],"46":[8469,87],"47":[8464,5],"48":[27,189089],"49":[265784,712793],"50":[1520,317],"51":[107,1239]}}
,"/Users/yasu/work/axentax-compiler/src/conductor/compile-block/compile-block.ts": {"path":"/Users/yasu/work/axentax-compiler/src/conductor/compile-block/compile-block.ts","statementMap":{"0":{"start":{"line":1,"column":0},"end":{"line":1,"column":96}},"1":{"start":{"line":3,"column":0},"end":{"line":3,"column":67}},"2":{"start":{"line":5,"column":0},"end":{"line":5,"column":77}},"3":{"start":{"line":7,"column":0},"end":{"line":7,"column":43}},"4":{"start":{"line":8,"column":0},"end":{"line":8,"column":42}},"5":{"start":{"line":9,"column":0},"end":{"line":9,"column":40}},"6":{"start":{"line":66,"column":29},"end":{"line":66,"column":68}},"7":{"start":{"line":67,"column":4},"end":{"line":67,"column":57}},"8":{"start":{"line":67,"column":33},"end":{"line":67,"column":57}},"9":{"start":{"line":71,"column":22},"end":{"line":71,"column":57}},"10":{"start":{"line":72,"column":4},"end":{"line":72,"column":43}},"11":{"start":{"line":72,"column":26},"end":{"line":72,"column":43}},"12":{"start":{"line":75,"column":19},"end":{"line":75,"column":62}},"13":{"start":{"line":76,"column":4},"end":{"line":76,"column":37}},"14":{"start":{"line":76,"column":23},"end":{"line":76,"column":37}},"15":{"start":{"line":79,"column":23},"end":{"line":79,"column":65}},"16":{"start":{"line":80,"column":4},"end":{"line":80,"column":45}},"17":{"start":{"line":80,"column":27},"end":{"line":80,"column":45}},"18":{"start":{"line":98,"column":4},"end":{"line":98,"column":27}},"19":{"start":{"line":45,"column":0},"end":{"line":45,"column":13}},"20":{"start":{"line":121,"column":39},"end":{"line":121,"column":41}},"21":{"start":{"line":124,"column":11},"end":{"line":124,"column":12}},"22":{"start":{"line":125,"column":2},"end":{"line":183,"column":3}},"23":{"start":{"line":128,"column":4},"end":{"line":182,"column":5}},"24":{"start":{"line":131,"column":20},"end":{"line":131,"column":40}},"25":{"start":{"line":132,"column":34},"end":{"line":132,"column":66}},"26":{"start":{"line":133,"column":6},"end":{"line":133,"column":65}},"27":{"start":{"line":133,"column":38},"end":{"line":133,"column":65}},"28":{"start":{"line":137,"column":19},"end":{"line":137,"column":39}},"29":{"start":{"line":144,"column":6},"end":{"line":144,"column":36}},"30":{"start":{"line":147,"column":28},"end":{"line":173,"column":8}},"31":{"start":{"line":179,"column":6},"end":{"line":179,"column":null}},"32":{"start":{"line":181,"column":6},"end":{"line":181,"column":11}},"33":{"start":{"line":186,"column":2},"end":{"line":188,"column":3}},"34":{"start":{"line":187,"column":4},"end":{"line":187,"column":84}},"35":{"start":{"line":189,"column":2},"end":{"line":189,"column":64}},"36":{"start":{"line":193,"column":2},"end":{"line":266,"column":3}},"37":{"start":{"line":193,"column":21},"end":{"line":193,"column":22}},"38":{"start":{"line":194,"column":20},"end":{"line":194,"column":22}},"39":{"start":{"line":197,"column":31},"end":{"line":213,"column":5}},"40":{"start":{"line":203,"column":6},"end":{"line":212,"column":9}},"41":{"start":{"line":215,"column":4},"end":{"line":256,"column":5}},"42":{"start":{"line":218,"column":6},"end":{"line":255,"column":7}},"43":{"start":{"line":221,"column":22},"end":{"line":221,"column":42}},"44":{"start":{"line":222,"column":36},"end":{"line":222,"column":74}},"45":{"start":{"line":223,"column":8},"end":{"line":223,"column":67}},"46":{"start":{"line":223,"column":40},"end":{"line":223,"column":67}},"47":{"start":{"line":227,"column":21},"end":{"line":227,"column":41}},"48":{"start":{"line":233,"column":8},"end":{"line":233,"column":38}},"49":{"start":{"line":236,"column":8},"end":{"line":245,"column":9}},"50":{"start":{"line":237,"column":10},"end":{"line":244,"column":11}},"51":{"start":{"line":237,"column":33},"end":{"line":237,"column":46}},"52":{"start":{"line":238,"column":12},"end":{"line":243,"column":14}},"53":{"start":{"line":247,"column":8},"end":{"line":252,"column":10}},"54":{"start":{"line":254,"column":8},"end":{"line":254,"column":58}},"55":{"start":{"line":259,"column":4},"end":{"line":265,"column":5}},"56":{"start":{"line":259,"column":27},"end":{"line":259,"column":40}},"57":{"start":{"line":260,"column":6},"end":{"line":264,"column":16}},"58":{"start":{"line":268,"column":2},"end":{"line":268,"column":25}},"59":{"start":{"line":277,"column":11},"end":{"line":277,"column":12}},"60":{"start":{"line":278,"column":2},"end":{"line":315,"column":3}},"61":{"start":{"line":281,"column":4},"end":{"line":312,"column":5}},"62":{"start":{"line":282,"column":20},"end":{"line":282,"column":112}},"63":{"start":{"line":283,"column":6},"end":{"line":283,"column":37}},"64":{"start":{"line":283,"column":24},"end":{"line":283,"column":37}},"65":{"start":{"line":284,"column":6},"end":{"line":284,"column":47}},"66":{"start":{"line":288,"column":9},"end":{"line":312,"column":5}},"67":{"start":{"line":289,"column":6},"end":{"line":292,"column":7}},"68":{"start":{"line":290,"column":8},"end":{"line":291,"column":74}},"69":{"start":{"line":294,"column":21},"end":{"line":294,"column":113}},"70":{"start":{"line":295,"column":6},"end":{"line":295,"column":39}},"71":{"start":{"line":295,"column":25},"end":{"line":295,"column":39}},"72":{"start":{"line":296,"column":6},"end":{"line":296,"column":29}},"73":{"start":{"line":300,"column":9},"end":{"line":312,"column":5}},"74":{"start":{"line":302,"column":17},"end":{"line":302,"column":106}},"75":{"start":{"line":303,"column":6},"end":{"line":303,"column":31}},"76":{"start":{"line":303,"column":21},"end":{"line":303,"column":31}},"77":{"start":{"line":304,"column":6},"end":{"line":304,"column":28}},"78":{"start":{"line":310,"column":6},"end":{"line":311,"column":45}},"79":{"start":{"line":314,"column":4},"end":{"line":314,"column":9}},"80":{"start":{"line":317,"column":2},"end":{"line":317,"column":25}}},"fnMap":{"0":{"name":"(anonymous_6)","decl":{"start":{"line":63,"column":2},"end":{"line":63,"column":8}},"loc":{"start":{"line":63,"column":71},"end":{"line":99,"column":3}}},"1":{"name":"initBlockObj","decl":{"start":{"line":119,"column":9},"end":{"line":119,"column":21}},"loc":{"start":{"line":119,"column":75},"end":{"line":269,"column":1}}},"2":{"name":"(anonymous_8)","decl":{"start":{"line":197,"column":31},"end":{"line":197,"column":null}},"loc":{"start":{"line":202,"column":8},"end":{"line":213,"column":5}}},"3":{"name":"parseRegionProps","decl":{"start":{"line":275,"column":9},"end":{"line":275,"column":25}},"loc":{"start":{"line":275,"column":88},"end":{"line":318,"column":1}}}},"branchMap":{"0":{"loc":{"start":{"line":67,"column":4},"end":{"line":67,"column":57}},"type":"if","locations":[{"start":{"line":67,"column":4},"end":{"line":67,"column":57}},{"start":{},"end":{}}]},"1":{"loc":{"start":{"line":72,"column":4},"end":{"line":72,"column":43}},"type":"if","locations":[{"start":{"line":72,"column":4},"end":{"line":72,"column":43}},{"start":{},"end":{}}]},"2":{"loc":{"start":{"line":76,"column":4},"end":{"line":76,"column":37}},"type":"if","locations":[{"start":{"line":76,"column":4},"end":{"line":76,"column":37}},{"start":{},"end":{}}]},"3":{"loc":{"start":{"line":80,"column":4},"end":{"line":80,"column":45}},"type":"if","locations":[{"start":{"line":80,"column":4},"end":{"line":80,"column":45}},{"start":{},"end":{}}]},"4":{"loc":{"start":{"line":128,"column":4},"end":{"line":182,"column":5}},"type":"if","locations":[{"start":{"line":128,"column":4},"end":{"line":182,"column":5}},{"start":{},"end":{}}]},"5":{"loc":{"start":{"line":133,"column":6},"end":{"line":133,"column":65}},"type":"if","locations":[{"start":{"line":133,"column":6},"end":{"line":133,"column":65}},{"start":{},"end":{}}]},"6":{"loc":{"start":{"line":150,"column":16},"end":{"line":150,"column":75}},"type":"cond-expr","locations":[{"start":{"line":150,"column":31},"end":{"line":150,"column":43}},{"start":{"line":150,"column":46},"end":{"line":150,"column":75}}]},"7":{"loc":{"start":{"line":153,"column":13},"end":{"line":157,"column":16}},"type":"cond-expr","locations":[{"start":{"line":154,"column":12},"end":{"line":154,"column":21}},{"start":{"line":155,"column":12},"end":{"line":157,"column":16}}]},"8":{"loc":{"start":{"line":155,"column":12},"end":{"line":157,"column":16}},"type":"cond-expr","locations":[{"start":{"line":156,"column":14},"end":{"line":156,"column":40}},{"start":{"line":157,"column":14},"end":{"line":157,"column":16}}]},"9":{"loc":{"start":{"line":159,"column":19},"end":{"line":159,"column":83}},"type":"cond-expr","locations":[{"start":{"line":159,"column":37},"end":{"line":159,"column":52}},{"start":{"line":159,"column":55},"end":{"line":159,"column":83}}]},"10":{"loc":{"start":{"line":186,"column":2},"end":{"line":188,"column":3}},"type":"if","locations":[{"start":{"line":186,"column":2},"end":{"line":188,"column":3}},{"start":{},"end":{}}]},"11":{"loc":{"start":{"line":218,"column":6},"end":{"line":255,"column":7}},"type":"if","locations":[{"start":{"line":218,"column":6},"end":{"line":255,"column":7}},{"start":{},"end":{}}]},"12":{"loc":{"start":{"line":223,"column":8},"end":{"line":223,"column":67}},"type":"if","locations":[{"start":{"line":223,"column":8},"end":{"line":223,"column":67}},{"start":{},"end":{}}]},"13":{"loc":{"start":{"line":236,"column":8},"end":{"line":245,"column":9}},"type":"if","locations":[{"start":{"line":236,"column":8},"end":{"line":245,"column":9}},{"start":{},"end":{}}]},"14":{"loc":{"start":{"line":250,"column":10},"end":{"line":250,"column":69}},"type":"cond-expr","locations":[{"start":{"line":250,"column":25},"end":{"line":250,"column":37}},{"start":{"line":250,"column":40},"end":{"line":250,"column":69}}]},"15":{"loc":{"start":{"line":251,"column":10},"end":{"line":251,"column":74}},"type":"cond-expr","locations":[{"start":{"line":251,"column":28},"end":{"line":251,"column":43}},{"start":{"line":251,"column":46},"end":{"line":251,"column":74}}]},"16":{"loc":{"start":{"line":275,"column":74},"end":{"line":275,"column":88}},"type":"default-arg","locations":[{"start":{"line":275,"column":83},"end":{"line":275,"column":88}}]},"17":{"loc":{"start":{"line":281,"column":4},"end":{"line":312,"column":5}},"type":"if","locations":[{"start":{"line":281,"column":4},"end":{"line":312,"column":5}},{"start":{"line":288,"column":9},"end":{"line":312,"column":5}}]},"18":{"loc":{"start":{"line":283,"column":6},"end":{"line":283,"column":37}},"type":"if","locations":[{"start":{"line":283,"column":6},"end":{"line":283,"column":37}},{"start":{},"end":{}}]},"19":{"loc":{"start":{"line":288,"column":9},"end":{"line":312,"column":5}},"type":"if","locations":[{"start":{"line":288,"column":9},"end":{"line":312,"column":5}},{"start":{"line":300,"column":9},"end":{"line":312,"column":5}}]},"20":{"loc":{"start":{"line":289,"column":6},"end":{"line":292,"column":7}},"type":"if","locations":[{"start":{"line":289,"column":6},"end":{"line":292,"column":7}},{"start":{},"end":{}}]},"21":{"loc":{"start":{"line":295,"column":6},"end":{"line":295,"column":39}},"type":"if","locations":[{"start":{"line":295,"column":6},"end":{"line":295,"column":39}},{"start":{},"end":{}}]},"22":{"loc":{"start":{"line":300,"column":9},"end":{"line":312,"column":5}},"type":"if","locations":[{"start":{"line":300,"column":9},"end":{"line":312,"column":5}},{"start":{"line":308,"column":9},"end":{"line":312,"column":5}}]},"23":{"loc":{"start":{"line":303,"column":6},"end":{"line":303,"column":31}},"type":"if","locations":[{"start":{"line":303,"column":6},"end":{"line":303,"column":31}},{"start":{},"end":{}}]}},"s":{"0":24,"1":24,"2":24,"3":24,"4":24,"5":24,"6":2695,"7":2695,"8":46,"9":2649,"10":2649,"11":31,"12":2618,"13":2618,"14":84,"15":2534,"16":2534,"17":77,"18":2457,"19":24,"20":2695,"21":2695,"22":2695,"23":38195,"24":2979,"25":2979,"26":2979,"27":35,"28":2944,"29":2944,"30":2944,"31":2944,"32":2944,"33":2660,"34":8,"35":2652,"36":2652,"37":2652,"38":5301,"39":5301,"40":5880,"41":5301,"42":1200,"43":166,"44":166,"45":166,"46":3,"47":163,"48":163,"49":163,"50":50,"51":50,"52":123,"53":163,"54":163,"55":5298,"56":5298,"57":5594,"58":2649,"59":3145,"60":3145,"61":5401,"62":2652,"63":2652,"64":3,"65":2649,"66":2749,"67":2681,"68":3,"69":2678,"70":2678,"71":7,"72":2671,"73":68,"74":45,"75":45,"76":2,"77":43,"78":23,"79":5363,"80":3107},"f":{"0":2695,"1":2695,"2":5880,"3":3145},"b":{"0":[46,2649],"1":[31,2618],"2":[84,2534],"3":[77,2457],"4":[2979,35216],"5":[35,2944],"6":[30,2914],"7":[2655,289],"8":[86,203],"9":[2631,313],"10":[8,2652],"11":[166,1034],"12":[3,163],"13":[50,113],"14":[13,150],"15":[13,150],"16":[2979],"17":[2652,2749],"18":[3,2649],"19":[2681,68],"20":[3,2678],"21":[7,2671],"22":[45,23],"23":[2,43]}}
,"/Users/yasu/work/axentax-compiler/src/conductor/compile-block/mod-0-syntax.ts": {"path":"/Users/yasu/work/axentax-compiler/src/conductor/compile-block/mod-0-syntax.ts","statementMap":{"0":{"start":{"line":1,"column":0},"end":{"line":1,"column":39}},"1":{"start":{"line":2,"column":0},"end":{"line":2,"column":67}},"2":{"start":{"line":4,"column":0},"end":{"line":4,"column":90}},"3":{"start":{"line":5,"column":0},"end":{"line":5,"column":88}},"4":{"start":{"line":41,"column":16},"end":{"line":41,"column":18}},"5":{"start":{"line":42,"column":12},"end":{"line":42,"column":13}},"6":{"start":{"line":43,"column":19},"end":{"line":43,"column":20}},"7":{"start":{"line":44,"column":18},"end":{"line":44,"column":19}},"8":{"start":{"line":45,"column":21},"end":{"line":45,"column":22}},"9":{"start":{"line":46,"column":20},"end":{"line":46,"column":21}},"10":{"start":{"line":47,"column":21},"end":{"line":47,"column":22}},"11":{"start":{"line":48,"column":21},"end":{"line":48,"column":22}},"12":{"start":{"line":49,"column":22},"end":{"line":49,"column":24}},"13":{"start":{"line":51,"column":17},"end":{"line":51,"column":18}},"14":{"start":{"line":52,"column":35},"end":{"line":52,"column":36}},"15":{"start":{"line":54,"column":45},"end":{"line":54,"column":54}},"16":{"start":{"line":55,"column":45},"end":{"line":55,"column":57}},"17":{"start":{"line":59,"column":55},"end":{"line":59,"column":57}},"18":{"start":{"line":60,"column":102},"end":{"line":60,"column":104}},"19":{"start":{"line":61,"column":23},"end":{"line":61,"column":24}},"20":{"start":{"line":64,"column":45},"end":{"line":64,"column":47}},"21":{"start":{"line":67,"column":60},"end":{"line":67,"column":62}},"22":{"start":{"line":68,"column":60},"end":{"line":68,"column":62}},"23":{"start":{"line":85,"column":19},"end":{"line":343,"column":5}},"24":{"start":{"line":86,"column":25},"end":{"line":88,"column":31}},"25":{"start":{"line":90,"column":32},"end":{"line":90,"column":37}},"26":{"start":{"line":93,"column":6},"end":{"line":162,"column":7}},"27":{"start":{"line":94,"column":25},"end":{"line":94,"column":33}},"28":{"start":{"line":96,"column":8},"end":{"line":161,"column":9}},"29":{"start":{"line":98,"column":10},"end":{"line":102,"column":11}},"30":{"start":{"line":99,"column":12},"end":{"line":100,"column":110}},"31":{"start":{"line":101,"column":12},"end":{"line":101,"column":19}},"32":{"start":{"line":103,"column":10},"end":{"line":107,"column":11}},"33":{"start":{"line":104,"column":12},"end":{"line":105,"column":71}},"34":{"start":{"line":106,"column":12},"end":{"line":106,"column":19}},"35":{"start":{"line":108,"column":10},"end":{"line":108,"column":48}},"36":{"start":{"line":109,"column":10},"end":{"line":113,"column":11}},"37":{"start":{"line":110,"column":12},"end":{"line":111,"column":93}},"38":{"start":{"line":112,"column":12},"end":{"line":112,"column":19}},"39":{"start":{"line":116,"column":10},"end":{"line":116,"column":41}},"40":{"start":{"line":118,"column":15},"end":{"line":161,"column":9}},"41":{"start":{"line":120,"column":24},"end":{"line":120,"column":108}},"42":{"start":{"line":121,"column":10},"end":{"line":121,"column":48}},"43":{"start":{"line":121,"column":28},"end":{"line":121,"column":48}},"44":{"start":{"line":123,"column":10},"end":{"line":123,"column":43}},"45":{"start":{"line":124,"column":10},"end":{"line":124,"column":35}},"46":{"start":{"line":126,"column":15},"end":{"line":161,"column":9}},"47":{"start":{"line":128,"column":10},"end":{"line":139,"column":11}},"48":{"start":{"line":130,"column":26},"end":{"line":130,"column":109}},"49":{"start":{"line":134,"column":12},"end":{"line":134,"column":26}},"50":{"start":{"line":136,"column":12},"end":{"line":136,"column":43}},"51":{"start":{"line":138,"column":12},"end":{"line":138,"column":42}},"52":{"start":{"line":141,"column":15},"end":{"line":161,"column":9}},"53":{"start":{"line":143,"column":10},"end":{"line":143,"column":35}},"54":{"start":{"line":145,"column":15},"end":{"line":161,"column":9}},"55":{"start":{"line":147,"column":10},"end":{"line":147,"column":40}},"56":{"start":{"line":148,"column":10},"end":{"line":148,"column":55}},"57":{"start":{"line":150,"column":10},"end":{"line":150,"column":37}},"58":{"start":{"line":152,"column":15},"end":{"line":161,"column":9}},"59":{"start":{"line":154,"column":10},"end":{"line":154,"column":36}},"60":{"start":{"line":155,"column":10},"end":{"line":155,"column":37}},"61":{"start":{"line":159,"column":10},"end":{"line":159,"column":34}},"62":{"start":{"line":160,"column":10},"end":{"line":160,"column":37}},"63":{"start":{"line":165,"column":6},"end":{"line":337,"column":7}},"64":{"start":{"line":167,"column":8},"end":{"line":167,"column":82}},"65":{"start":{"line":169,"column":13},"end":{"line":337,"column":7}},"66":{"start":{"line":171,"column":22},"end":{"line":171,"column":110}},"67":{"start":{"line":172,"column":8},"end":{"line":175,"column":9}},"68":{"start":{"line":173,"column":10},"end":{"line":173,"column":30}},"69":{"start":{"line":174,"column":10},"end":{"line":174,"column":17}},"70":{"start":{"line":178,"column":26},"end":{"line":180,"column":18}},"71":{"start":{"line":183,"column":8},"end":{"line":190,"column":9}},"72":{"start":{"line":187,"column":10},"end":{"line":188,"column":69}},"73":{"start":{"line":189,"column":10},"end":{"line":189,"column":17}},"74":{"start":{"line":193,"column":30},"end":{"line":193,"column":89}},"75":{"start":{"line":196,"column":25},"end":{"line":196,"column":62}},"76":{"start":{"line":199,"column":37},"end":{"line":199,"column":71}},"77":{"start":{"line":202,"column":8},"end":{"line":209,"column":9}},"78":{"start":{"line":203,"column":10},"end":{"line":203,"column":85}},"79":{"start":{"line":204,"column":10},"end":{"line":204,"column":96}},"80":{"start":{"line":205,"column":10},"end":{"line":205,"column":119}},"81":{"start":{"line":207,"column":10},"end":{"line":207,"column":85}},"82":{"start":{"line":208,"column":10},"end":{"line":208,"column":84}},"83":{"start":{"line":212,"column":29},"end":{"line":227,"column":10}},"84":{"start":{"line":228,"column":8},"end":{"line":228,"column":44}},"85":{"start":{"line":231,"column":8},"end":{"line":231,"column":44}},"86":{"start":{"line":232,"column":8},"end":{"line":232,"column":41}},"87":{"start":{"line":233,"column":8},"end":{"line":233,"column":52}},"88":{"start":{"line":234,"column":8},"end":{"line":234,"column":75}},"89":{"start":{"line":235,"column":8},"end":{"line":235,"column":41}},"90":{"start":{"line":236,"column":8},"end":{"line":236,"column":40}},"91":{"start":{"line":239,"column":8},"end":{"line":241,"column":9}},"92":{"start":{"line":240,"column":10},"end":{"line":240,"column":null}},"93":{"start":{"line":246,"column":8},"end":{"line":258,"column":9}},"94":{"start":{"line":254,"column":10},"end":{"line":256,"column":37}},"95":{"start":{"line":257,"column":10},"end":{"line":257,"column":17}},"96":{"start":{"line":261,"column":25},"end":{"line":261,"column":62}},"97":{"start":{"line":264,"column":53},"end":{"line":264,"column":62}},"98":{"start":{"line":265,"column":8},"end":{"line":309,"column":9}},"99":{"start":{"line":273,"column":10},"end":{"line":283,"column":12}},"100":{"start":{"line":284,"column":10},"end":{"line":284,"column":46}},"101":{"start":{"line":286,"column":15},"end":{"line":309,"column":9}},"102":{"start":{"line":288,"column":10},"end":{"line":291,"column":11}},"103":{"start":{"line":290,"column":12},"end":{"line":290,"column":18}},"104":{"start":{"line":293,"column":29},"end":{"line":293,"column":78}},"105":{"start":{"line":294,"column":10},"end":{"line":308,"column":null}},"106":{"start":{"line":311,"column":8},"end":{"line":336,"column":11}},"107":{"start":{"line":339,"column":6},"end":{"line":339,"column":26}},"108":{"start":{"line":340,"column":6},"end":{"line":340,"column":28}},"109":{"start":{"line":341,"column":6},"end":{"line":341,"column":23}},"110":{"start":{"line":342,"column":6},"end":{"line":342,"column":17}},"111":{"start":{"line":346,"column":16},"end":{"line":346,"column":37}},"112":{"start":{"line":347,"column":4},"end":{"line":486,"column":5}},"113":{"start":{"line":348,"column":19},"end":{"line":348,"column":59}},"114":{"start":{"line":349,"column":6},"end":{"line":481,"column":7}},"115":{"start":{"line":351,"column":10},"end":{"line":351,"column":68}},"116":{"start":{"line":352,"column":10},"end":{"line":357,"column":13}},"117":{"start":{"line":354,"column":52},"end":{"line":354,"column":56}},"118":{"start":{"line":358,"column":10},"end":{"line":358,"column":25}},"119":{"start":{"line":359,"column":10},"end":{"line":367,"column":11}},"120":{"start":{"line":360,"column":12},"end":{"line":362,"column":13}},"121":{"start":{"line":361,"column":14},"end":{"line":361,"column":23}},"122":{"start":{"line":363,"column":12},"end":{"line":363,"column":24}},"123":{"start":{"line":364,"column":12},"end":{"line":364,"column":50}},"124":{"start":{"line":366,"column":12},"end":{"line":366,"column":null}},"125":{"start":{"line":368,"column":10},"end":{"line":368,"column":23}},"126":{"start":{"line":369,"column":10},"end":{"line":369,"column":16}},"127":{"start":{"line":372,"column":10},"end":{"line":380,"column":11}},"128":{"start":{"line":373,"column":12},"end":{"line":375,"column":13}},"129":{"start":{"line":374,"column":14},"end":{"line":374,"column":23}},"130":{"start":{"line":376,"column":12},"end":{"line":376,"column":24}},"131":{"start":{"line":377,"column":12},"end":{"line":377,"column":50}},"132":{"start":{"line":379,"column":12},"end":{"line":379,"column":null}},"133":{"start":{"line":381,"column":10},"end":{"line":381,"column":35}},"134":{"start":{"line":382,"column":10},"end":{"line":382,"column":23}},"135":{"start":{"line":383,"column":10},"end":{"line":390,"column":11}},"136":{"start":{"line":385,"column":12},"end":{"line":385,"column":46}},"137":{"start":{"line":386,"column":12},"end":{"line":386,"column":23}},"138":{"start":{"line":387,"column":17},"end":{"line":390,"column":11}},"139":{"start":{"line":388,"column":12},"end":{"line":389,"column":68}},"140":{"start":{"line":391,"column":10},"end":{"line":391,"column":31}},"141":{"start":{"line":392,"column":10},"end":{"line":392,"column":16}},"142":{"start":{"line":395,"column":10},"end":{"line":395,"column":68}},"143":{"start":{"line":396,"column":10},"end":{"line":396,"column":24}},"144":{"start":{"line":397,"column":10},"end":{"line":397,"column":23}},"145":{"start":{"line":398,"column":10},"end":{"line":398,"column":16}},"146":{"start":{"line":401,"column":10},"end":{"line":401,"column":24}},"147":{"start":{"line":402,"column":10},"end":{"line":402,"column":23}},"148":{"start":{"line":403,"column":10},"end":{"line":408,"column":11}},"149":{"start":{"line":404,"column":12},"end":{"line":404,"column":21}},"150":{"start":{"line":405,"column":17},"end":{"line":408,"column":11}},"151":{"start":{"line":406,"column":12},"end":{"line":407,"column":68}},"152":{"start":{"line":409,"column":10},"end":{"line":409,"column":31}},"153":{"start":{"line":410,"column":10},"end":{"line":410,"column":16}},"154":{"start":{"line":413,"column":10},"end":{"line":420,"column":11}},"155":{"start":{"line":414,"column":12},"end":{"line":419,"column":13}},"156":{"start":{"line":415,"column":14},"end":{"line":415,"column":23}},"157":{"start":{"line":416,"column":14},"end":{"line":416,"column":26}},"158":{"start":{"line":418,"column":14},"end":{"line":418,"column":38}},"159":{"start":{"line":421,"column":10},"end":{"line":421,"column":24}},"160":{"start":{"line":422,"column":10},"end":{"line":422,"column":16}},"161":{"start":{"line":425,"column":10},"end":{"line":433,"column":11}},"162":{"start":{"line":426,"column":12},"end":{"line":428,"column":13}},"163":{"start":{"line":427,"column":14},"end":{"line":427,"column":23}},"164":{"start":{"line":429,"column":12},"end":{"line":429,"column":25}},"165":{"start":{"line":430,"column":12},"end":{"line":430,"column":26}},"166":{"start":{"line":432,"column":12},"end":{"line":432,"column":26}},"167":{"start":{"line":434,"column":10},"end":{"line":434,"column":22}},"168":{"start":{"line":435,"column":10},"end":{"line":435,"column":21}},"169":{"start":{"line":436,"column":10},"end":{"line":436,"column":16}},"170":{"start":{"line":439,"column":10},"end":{"line":447,"column":11}},"171":{"start":{"line":440,"column":12},"end":{"line":444,"column":13}},"172":{"start":{"line":441,"column":14},"end":{"line":441,"column":23}},"173":{"start":{"line":443,"column":14},"end":{"line":443,"column":26}},"174":{"start":{"line":446,"column":12},"end":{"line":446,"column":26}},"175":{"start":{"line":448,"column":10},"end":{"line":448,"column":16}},"176":{"start":{"line":451,"column":10},"end":{"line":459,"column":11}},"177":{"start":{"line":452,"column":12},"end":{"line":456,"column":13}},"178":{"start":{"line":453,"column":14},"end":{"line":453,"column":23}},"179":{"start":{"line":455,"column":14},"end":{"line":455,"column":26}},"180":{"start":{"line":458,"column":12},"end":{"line":458,"column":26}},"181":{"start":{"line":460,"column":10},"end":{"line":460,"column":16}},"182":{"start":{"line":463,"column":10},"end":{"line":471,"column":11}},"183":{"start":{"line":464,"column":12},"end":{"line":466,"column":13}},"184":{"start":{"line":465,"column":14},"end":{"line":465,"column":23}},"185":{"start":{"line":467,"column":12},"end":{"line":467,"column":24}},"186":{"start":{"line":468,"column":12},"end":{"line":468,"column":38}},"187":{"start":{"line":470,"column":12},"end":{"line":470,"column":25}},"188":{"start":{"line":472,"column":10},"end":{"line":472,"column":16}},"189":{"start":{"line":475,"column":10},"end":{"line":475,"column":24}},"190":{"start":{"line":476,"column":10},"end":{"line":476,"column":16}},"191":{"start":{"line":479,"column":10},"end":{"line":479,"column":24}},"192":{"start":{"line":483,"column":6},"end":{"line":483,"column":42}},"193":{"start":{"line":483,"column":23},"end":{"line":483,"column":42}},"194":{"start":{"line":484,"column":6},"end":{"line":484,"column":16}},"195":{"start":{"line":485,"column":6},"end":{"line":485,"column":10}},"196":{"start":{"line":488,"column":4},"end":{"line":491,"column":5}},"197":{"start":{"line":489,"column":27},"end":{"line":489,"column":68}},"198":{"start":{"line":490,"column":6},"end":{"line":490,"column":119}},"199":{"start":{"line":493,"column":4},"end":{"line":496,"column":5}},"200":{"start":{"line":494,"column":27},"end":{"line":494,"column":68}},"201":{"start":{"line":495,"column":6},"end":{"line":495,"column":116}},"202":{"start":{"line":498,"column":4},"end":{"line":498,"column":48}},"203":{"start":{"line":501,"column":4},"end":{"line":501,"column":54}},"204":{"start":{"line":501,"column":41},"end":{"line":501,"column":52}},"205":{"start":{"line":502,"column":4},"end":{"line":502,"column":58}},"206":{"start":{"line":504,"column":4},"end":{"line":504,"column":37}},"207":{"start":{"line":21,"column":0},"end":{"line":21,"column":13}}},"fnMap":{"0":{"name":"(anonymous_6)","decl":{"start":{"line":40,"column":2},"end":{"line":40,"column":8}},"loc":{"start":{"line":40,"column":28},"end":{"line":505,"column":3}}},"1":{"name":"(anonymous_7)","decl":{"start":{"line":85,"column":19},"end":{"line":85,"column":20}},"loc":{"start":{"line":85,"column":65},"end":{"line":343,"column":5}}},"2":{"name":"(anonymous_8)","decl":{"start":{"line":354,"column":47},"end":{"line":354,"column":48}
[...]
cations":[{"start":{"line":1059,"column":2},"end":{"line":1062,"column":3}},{"start":{},"end":{}}]},"144":{"loc":{"start":{"line":1059,"column":6},"end":{"line":1059,"column":51}},"type":"binary-expr","locations":[{"start":{"line":1059,"column":6},"end":{"line":1059,"column":22}},{"start":{"line":1059,"column":26},"end":{"line":1059,"column":51}}]},"145":{"loc":{"start":{"line":1064,"column":2},"end":{"line":1067,"column":3}},"type":"if","locations":[{"start":{"line":1064,"column":2},"end":{"line":1067,"column":3}},{"start":{},"end":{}}]},"146":{"loc":{"start":{"line":1064,"column":6},"end":{"line":1064,"column":67}},"type":"binary-expr","locations":[{"start":{"line":1064,"column":6},"end":{"line":1064,"column":22}},{"start":{"line":1064,"column":26},"end":{"line":1064,"column":67}}]},"147":{"loc":{"start":{"line":1069,"column":2},"end":{"line":1069,"column":null}},"type":"if","locations":[{"start":{"line":1069,"column":2},"end":{"line":1069,"column":null}},{"start":{},"end":{}}]},"148":{"loc":{"start":{"line":1070,"column":2},"end":{"line":1070,"column":102}},"type":"if","locations":[{"start":{"line":1070,"column":2},"end":{"line":1070,"column":102}},{"start":{},"end":{}}]},"149":{"loc":{"start":{"line":1246,"column":4},"end":{"line":1265,"column":5}},"type":"if","locations":[{"start":{"line":1246,"column":4},"end":{"line":1265,"column":5}},{"start":{"line":1252,"column":9},"end":{"line":1265,"column":5}}]},"150":{"loc":{"start":{"line":1248,"column":6},"end":{"line":1248,"column":37}},"type":"if","locations":[{"start":{"line":1248,"column":6},"end":{"line":1248,"column":37}},{"start":{},"end":{}}]},"151":{"loc":{"start":{"line":1252,"column":9},"end":{"line":1265,"column":5}},"type":"if","locations":[{"start":{"line":1252,"column":9},"end":{"line":1265,"column":5}},{"start":{"line":1256,"column":9},"end":{"line":1265,"column":5}}]},"152":{"loc":{"start":{"line":1256,"column":9},"end":{"line":1265,"column":5}},"type":"if","locations":[{"start":{"line":1256,"column":9},"end":{"line":1265,"column":5}},{"start":{"line":1260,"column":9},"end":{"line":1265,"column":5}}]},"153":{"loc":{"start":{"line":1281,"column":4},"end":{"line":1309,"column":5}},"type":"if","locations":[{"start":{"line":1281,"column":4},"end":{"line":1309,"column":5}},{"start":{"line":1284,"column":11},"end":{"line":1309,"column":5}}]},"154":{"loc":{"start":{"line":1284,"column":11},"end":{"line":1309,"column":5}},"type":"if","locations":[{"start":{"line":1284,"column":11},"end":{"line":1309,"column":5}},{"start":{"line":1288,"column":11},"end":{"line":1309,"column":5}}]},"155":{"loc":{"start":{"line":1288,"column":11},"end":{"line":1309,"column":5}},"type":"if","locations":[{"start":{"line":1288,"column":11},"end":{"line":1309,"column":5}},{"start":{"line":1305,"column":11},"end":{"line":1309,"column":5}}]},"156":{"loc":{"start":{"line":1290,"column":6},"end":{"line":1294,"column":7}},"type":"if","locations":[{"start":{"line":1290,"column":6},"end":{"line":1294,"column":7}},{"start":{},"end":{}}]},"157":{"loc":{"start":{"line":1296,"column":6},"end":{"line":1300,"column":7}},"type":"if","locations":[{"start":{"line":1296,"column":6},"end":{"line":1300,"column":7}},{"start":{},"end":{}}]},"158":{"loc":{"start":{"line":1303,"column":53},"end":{"line":1303,"column":70}},"type":"cond-expr","locations":[{"start":{"line":1303,"column":65},"end":{"line":1303,"column":66}},{"start":{"line":1303,"column":69},"end":{"line":1303,"column":70}}]},"159":{"loc":{"start":{"line":1312,"column":2},"end":{"line":1316,"column":3}},"type":"if","locations":[{"start":{"line":1312,"column":2},"end":{"line":1316,"column":3}},{"start":{},"end":{}}]},"160":{"loc":{"start":{"line":1318,"column":2},"end":{"line":1322,"column":3}},"type":"if","locations":[{"start":{"line":1318,"column":2},"end":{"line":1322,"column":3}},{"start":{},"end":{}}]},"161":{"loc":{"start":{"line":1339,"column":4},"end":{"line":1344,"column":5}},"type":"if","locations":[{"start":{"line":1339,"column":4},"end":{"line":1344,"column":5}},{"start":{},"end":{}}]},"162":{"loc":{"start":{"line":1341,"column":6},"end":{"line":1341,"column":37}},"type":"if","locations":[{"start":{"line":1341,"column":6},"end":{"line":1341,"column":37}},{"start":{},"end":{}}]},"163":{"loc":{"start":{"line":1348,"column":4},"end":{"line":1354,"column":5}},"type":"if","locations":[{"start":{"line":1348,"column":4},"end":{"line":1354,"column":5}},{"start":{},"end":{}}]},"164":{"loc":{"start":{"line":1350,"column":6},"end":{"line":1352,"column":7}},"type":"if","locations":[{"start":{"line":1350,"column":6},"end":{"line":1352,"column":7}},{"start":{},"end":{}}]},"165":{"loc":{"start":{"line":1358,"column":4},"end":{"line":1363,"column":5}},"type":"if","locations":[{"start":{"line":1358,"column":4},"end":{"line":1363,"column":5}},{"start":{},"end":{}}]},"166":{"loc":{"start":{"line":1360,"column":20},"end":{"line":1360,"column":48}},"type":"cond-expr","locations":[{"start":{"line":1360,"column":42},"end":{"line":1360,"column":43}},{"start":{"line":1360,"column":46},"end":{"line":1360,"column":48}}]},"167":{"loc":{"start":{"line":1361,"column":6},"end":{"line":1361,"column":64}},"type":"if","locations":[{"start":{"line":1361,"column":6},"end":{"line":1361,"column":64}},{"start":{},"end":{}}]},"168":{"loc":{"start":{"line":1366,"column":4},"end":{"line":1369,"column":5}},"type":"if","locations":[{"start":{"line":1366,"column":4},"end":{"line":1369,"column":5}},{"start":{},"end":{}}]},"169":{"loc":{"start":{"line":1372,"column":4},"end":{"line":1375,"column":5}},"type":"if","locations":[{"start":{"line":1372,"column":4},"end":{"line":1375,"column":5}},{"start":{},"end":{}}]},"170":{"loc":{"start":{"line":1383,"column":2},"end":{"line":1383,"column":37}},"type":"if","locations":[{"start":{"line":1383,"column":2},"end":{"line":1383,"column":37}},{"start":{},"end":{}}]},"171":{"loc":{"start":{"line":1387,"column":2},"end":{"line":1392,"column":3}},"type":"if","locations":[{"start":{"line":1387,"column":2},"end":{"line":1392,"column":3}},{"start":{},"end":{}}]},"172":{"loc":{"start":{"line":1389,"column":23},"end":{"line":1389,"column":52}},"type":"cond-expr","locations":[{"start":{"line":1389,"column":37},"end":{"line":1389,"column":43}},{"start":{"line":1389,"column":46},"end":{"line":1389,"column":52}}]},"173":{"loc":{"start":{"line":1391,"column":4},"end":{"line":1391,"column":47}},"type":"if","locations":[{"start":{"line":1391,"column":4},"end":{"line":1391,"column":47}},{"start":{},"end":{}}]},"174":{"loc":{"start":{"line":1394,"column":2},"end":{"line":1394,"column":51}},"type":"if","locations":[{"start":{"line":1394,"column":2},"end":{"line":1394,"column":51}},{"start":{},"end":{}}]},"175":{"loc":{"start":{"line":1396,"column":2},"end":{"line":1398,"column":3}},"type":"if","locations":[{"start":{"line":1396,"column":2},"end":{"line":1398,"column":3}},{"start":{},"end":{}}]},"176":{"loc":{"start":{"line":1401,"column":2},"end":{"line":1403,"column":3}},"type":"if","locations":[{"start":{"line":1401,"column":2},"end":{"line":1403,"column":3}},{"start":{},"end":{}}]},"177":{"loc":{"start":{"line":1401,"column":6},"end":{"line":1401,"column":48}},"type":"binary-expr","locations":[{"start":{"line":1401,"column":6},"end":{"line":1401,"column":20}},{"start":{"line":1401,"column":24},"end":{"line":1401,"column":48}}]},"178":{"loc":{"start":{"line":1426,"column":11},"end":{"line":1426,"column":95}},"type":"cond-expr","locations":[{"start":{"line":1426,"column":22},"end":{"line":1426,"column":57}},{"start":{"line":1426,"column":60},"end":{"line":1426,"column":95}}]},"179":{"loc":{"start":{"line":1426,"column":60},"end":{"line":1426,"column":95}},"type":"cond-expr","locations":[{"start":{"line":1426,"column":78},"end":{"line":1426,"column":89}},{"start":{"line":1426,"column":92},"end":{"line":1426,"column":95}}]},"180":{"loc":{"start":{"line":1429,"column":2},"end":{"line":1432,"column":3}},"type":"if","locations":[{"start":{"line":1429,"column":2},"end":{"line":1432,"column":3}},{"start":{},"end":{}}]},"181":{"loc":{"start":{"line":1429,"column":20},"end":{"line":1429,"column":69}},"type":"binary-expr","locations":[{"start":{"line":1429,"column":20},"end":{"line":1429,"column":35}},{"start":{"line":1429,"column":40},"end":{"line":1429,"column":47}},{"start":{"line":1429,"column":51},"end":{"line":1429,"column":56}},{"start":{"line":1429,"column":60},"end":{"line":1429,"column":68}}]},"182":{"loc":{"start":{"line":1433,"column":2},"end":{"line":1438,"column":3}},"type":"if","locations":[{"start":{"line":1433,"column":2},"end":{"line":1438,"column":3}},{"start":{},"end":{}}]},"183":{"loc":{"start":{"line":1448,"column":2},"end":{"line":1450,"column":3}},"type":"if","locations":[{"start":{"line":1448,"column":2},"end":{"line":1450,"column":3}},{"start":{},"end":{}}]},"184":{"loc":{"start":{"line":1448,"column":6},"end":{"line":1448,"column":45}},"type":"binary-expr","locations":[{"start":{"line":1448,"column":6},"end":{"line":1448,"column":15}},{"start":{"line":1448,"column":19},"end":{"line":1448,"column":45}}]},"185":{"loc":{"start":{"line":1451,"column":21},"end":{"line":1451,"column":29}},"type":"binary-expr","locations":[{"start":{"line":1451,"column":21},"end":{"line":1451,"column":24}},{"start":{"line":1451,"column":28},"end":{"line":1451,"column":29}}]}},"s":{"0":30,"1":30,"2":30,"3":30,"4":30,"5":30,"6":30,"7":30,"8":30,"9":30,"10":30,"11":30,"12":30,"13":30,"14":30,"15":30,"16":30,"17":30,"18":30,"19":30,"20":30,"21":30,"22":30,"23":30,"24":30,"25":30,"26":30,"27":30,"28":30,"29":89,"30":89,"31":89,"32":22,"33":22,"34":22,"35":3,"36":19,"37":19,"38":67,"39":86,"40":86,"41":516,"42":516,"43":2,"44":514,"45":86,"46":2,"47":84,"48":2,"49":82,"50":82,"51":291,"52":291,"53":291,"54":291,"55":291,"56":291,"57":401,"58":401,"59":401,"60":401,"61":401,"62":401,"63":401,"64":792,"65":792,"66":792,"67":792,"68":254,"69":254,"70":2,"71":252,"72":78,"73":78,"74":252,"75":217,"76":217,"77":96,"78":2,"79":215,"80":215,"81":1,"82":249,"83":538,"84":15,"85":4,"86":4,"87":11,"88":10,"89":10,"90":1,"91":523,"92":328,"93":328,"94":12,"95":316,"96":195,"97":6,"98":189,"99":52,"100":52,"101":137,"102":4,"103":133,"104":19,"105":751,"106":360,"107":21,"108":360,"109":100,"110":1,"111":99,"112":15,"113":359,"114":359,"115":52,"116":307,"117":359,"118":249,"119":30,"120":30,"121":30,"122":9,"123":9,"124":9,"125":9,"126":21,"127":1,"128":20,"129":20,"130":19,"131":5,"132":19,"133":19,"134":20,"135":20,"136":17,"137":17,"138":2,"139":17,"140":17,"141":20,"142":1,"143":19,"144":1,"145":18,"146":2697,"147":2697,"148":2,"149":2695,"150":2695,"151":12,"152":2683,"153":14,"154":14,"155":1,"156":13,"157":10,"158":10,"159":1,"160":9,"161":3,"162":9,"163":1,"164":8,"165":46,"166":46,"167":46,"168":46,"169":105,"170":105,"171":105,"172":105,"173":105,"174":36,"175":4,"176":32,"177":1,"178":69,"179":1,"180":68,"181":14,"182":14,"183":8,"184":3,"185":5,"186":6,"187":5,"188":2,"189":3,"190":1,"191":54,"192":6,"193":6,"194":9,"195":9,"196":5,"197":5,"198":12,"199":12,"200":14,"201":14,"202":8,"203":90,"204":31,"205":2,"206":29,"207":1,"208":29,"209":18,"210":29,"211":5,"212":29,"213":29,"214":29,"215":3,"216":26,"217":3,"218":3,"219":26,"220":26,"221":26,"222":312,"223":312,"224":26,"225":26,"226":159,"227":159,"228":2,"229":157,"230":157,"231":157,"232":308,"233":308,"234":308,"235":308,"236":308,"237":178,"238":308,"239":308,"240":35,"241":308,"242":308,"243":12,"244":308,"245":101,"246":101,"247":101,"248":108,"249":108,"250":25,"251":83,"252":79,"253":4,"254":304,"255":12,"256":12,"257":12,"258":1,"259":11,"260":11,"261":260,"262":260,"263":292,"264":35,"265":35,"266":35,"267":35,"268":1,"269":34,"270":1,"271":33,"272":33,"273":33,"274":212,"275":212,"276":212,"277":257,"278":178,"279":178,"280":178,"281":178,"282":178,"283":1,"284":177,"285":177,"286":1474,"287":1474,"288":79,"289":79,"290":149,"291":54,"292":54,"293":349,"294":54,"295":5,"296":60,"297":49,"298":3,"299":46,"300":316,"301":46,"302":46,"303":46,"304":267,"305":1,"306":45,"307":2958,"308":8,"309":2950,"310":5900,"311":2950,"312":2,"313":2948,"314":11,"315":2937,"316":18,"317":18,"318":3,"319":15,"320":10,"321":10,"322":1,"323":9,"324":5,"325":9,"326":2,"327":7,"328":1,"329":6,"330":218,"331":218,"332":218,"333":218,"334":218,"335":218,"336":218,"337":218,"338":218,"339":1562,"340":7,"341":2,"342":2,"343":2,"344":7,"345":7,"346":7,"347":1555,"348":1555,"349":71,"350":71,"351":1484,"352":3,"353":1481,"354":1,"355":1480,"356":74,"357":1,"358":73,"359":21,"360":21,"361":21,"362":73,"363":73,"364":1406,"365":72,"366":1,"367":71,"368":1,"369":70,"370":70,"371":70,"372":70,"373":70,"374":1334,"375":298,"376":298,"377":298,"378":298,"379":1036,"380":104,"381":104,"382":932,"383":253,"384":253,"385":679,"386":679,"387":679,"388":679,"389":679,"390":211,"391":203,"392":211,"393":209,"394":2,"395":207,"396":207,"397":2,"398":205,"399":205,"400":205,"401":205,"402":1245,"403":205,"404":205,"405":967,"406":967,"407":967,"408":967,"409":296,"410":671,"411":3,"412":3,"413":668,"414":5,"415":5,"416":663,"417":662,"418":748,"419":1,"420":966,"421":966,"422":239,"423":1,"424":238,"425":965,"426":965,"427":156,"428":965,"429":965,"430":965,"431":203,"432":56,"433":56,"434":28,"435":28,"436":30,"437":17,"438":17,"439":1,"440":16,"441":13,"442":6,"443":6,"444":1,"445":5,"446":7,"447":47,"448":1,"449":46,"450":1,"451":45,"452":42,"453":45,"454":31,"455":45,"456":104,"457":104,"458":104,"459":100,"460":76,"461":76,"462":1,"463":75,"464":24,"465":1,"466":23,"467":19,"468":4,"469":99,"470":94,"471":94,"472":94,"473":94,"474":184,"475":184,"476":90,"477":94,"478":85,"479":85,"480":9,"481":4,"482":1,"483":3,"484":1,"485":2,"486":2,"487":24,"488":5,"489":87,"490":3,"491":84,"492":1,"493":83,"494":94,"495":94,"496":94,"497":70,"498":15,"499":15,"500":1,"501":14,"502":14,"503":55,"504":55,"505":8,"506":8,"507":2,"508":8,"509":47,"510":47,"511":31,"512":31,"513":31,"514":12,"515":31,"516":16,"517":10,"518":10,"519":6,"520":1,"521":1,"522":5,"523":88,"524":57,"525":88,"526":74,"527":74,"528":45,"529":88,"530":86,"531":88,"532":19,"533":88,"534":3,"535":88,"536":16,"537":52,"538":52,"539":16,"540":49,"541":3,"542":13,"543":1,"544":12,"545":51,"546":51,"547":9,"548":42},"f":{"0":89,"1":516,"2":291,"3":30,"4":2697,"5":14,"6":46,"7":312,"8":312,"9":159,"10":54,"11":349,"12":60,"13":316,"14":2958,"15":5900,"16":18,"17":218,"18":209,"19":1245,"20":748,"21":56,"22":104,"23":94,"24":24,"25":94,"26":16,"27":52,"28":49,"29":51},"b":{"0":[22,67],"1":[3,19],"2":[22,21],"3":[2,514],"4":[348,166],"5":[2,84],"6":[2,82],"7":[254,538],"8":[2,252],"9":[78,174],"10":[252,113],"11":[217,35],"12":[252,252],"13":[96,121],"14":[2,94],"15":[1,214],"16":[210,39],"17":[200,49],"18":[15,523],"19":[4,11],"20":[10,1],"21":[328,195],"22":[12,316],"23":[328,327],"24":[6,189],"25":[3,3],"26":[52,137],"27":[4,133],"28":[114,19],"29":[21,339],"30":[360,308],"31":[100,260],"32":[360,110],"33":[1,99],"34":[15,84],"35":[52,307],"36":[9,21],"37":[1,20],"38":[19,1],"39":[5,14],"40":[4,1],"41":[17,3],"42":[2,15],"43":[1,1],"44":[1,19],"45":[20,18,19],"46":[1,18],"47":[2,2695],"48":[12,2683],"49":[2695,2689,2683],"50":[1,13],"51":[10,3],"52":[1,9],"53":[1,8],"54":[36,69],"55":[4,32],"56":[1,31],"57":[1,68],"58":[14,54],"59":[8,6],"60":[14,11,6,6],"61":[3,5],"62":[8,4],"63":[5,1],"64":[2,3],"65":[5,5],"66":[6,9,5,12,14,8],"67":[2,29],"68":[31,13],"69":[1,28],"70":[18,11],"71":[5,24],"72":[3,26],"73":[3,23],"74":[182,130],"75":[2,157],"76":[178,130],"77":[35,273],"78":[12,296],"79":[101,207],"80":[25,83],"81":[79,4],"82":[12,292],"83":[10,2],"84":[1,11],"85":[35,257],"86":[1,34],"87":[1,33],"88":[178,79],"89":[2,176],"90":[178,2],"91":[175,3],"92":[1,177],"93":[1633,18],"94":[349,347],"95":[5,49],"96":[54,51],"97":[1,4],"98":[3,46],"99":[49,47],"100":[1,266],"101":[8,2950],"102":[2,2948],"103":[11,2937],"104":[2948,2947],"105":[3,15],"106":[10,5],"107":[1,9],"108":[2,7],"109":[1,6],"110":[7,1555],"111":[2,5],"112":[7,5],"113":[71,1484],"114":[3,1481],"115":[1,1480],"116":[1481,756],"117":[74,1406],"118":[1,73],"119":[21,52],"120":[72,1334],"121":[1,71],"122":[1,70],"123":[71,70],"124":[298,1036],"125":[104,932],"126":[253,679],"127":[203,8],"128":[2,207],"129":[2,205],"130":[296,671],"131":[3,668],"132":[5,663],"133":[662,1],"134":[239,727],"135":[1,238],"136":[156,809],"137":[28,28],"138":[17,13],"139":[1,16],"140":[17,17],"141":[6,7],"142":[1,5],"143":[1,46],"144":[47,5],"145":[1,45],"146":[46,4],"147":[42,3],"148":[31,14],"149":[76,24],"150":[1,75],"151":[1,23],"152":[19,4],"153":[90,94],"154":[85,9],"155":[4,5],"156":[1,3],"157":[1,2],"158":[9,15],"159":[3,84],"160":[1,83],"161":[15,55],"162":[1,14],"163":[8,47],"164":[2,6],"165":[31,16],"166":[18,13],"167":[12,19],"168":[10,6],"169":[1,5],"170":[57,31],"171":[74,14],"172":[29,45],"173":[45,29],"174":[86,2],"175":[19,69],"176":[3,85],"177":[88,29],"178":[2,50],"179":[48,2],"180":[3,13],"181":[49,49,48,48],"182":[1,12],"183":[9,42],"184":[51,47],"185":[42,1]}}
,"/Users/yasu/work/axentax-compiler/src/conductor/validation/mod-suffix-validation.ts": {"path":"/Users/yasu/work/axentax-compiler/src/conductor/validation/mod-suffix-validation.ts","statementMap":{"0":{"start":{"line":19,"column":0},"end":{"line":19,"column":16}},"1":{"start":{"line":1,"column":0},"end":{"line":1,"column":39}},"2":{"start":{"line":3,"column":0},"end":{"line":3,"column":90}},"3":{"start":{"line":4,"column":0},"end":{"line":4,"column":52}},"4":{"start":{"line":20,"column":16},"end":{"line":20,"column":21}},"5":{"start":{"line":22,"column":18},"end":{"line":22,"column":41}},"6":{"start":{"line":23,"column":2},"end":{"line":43,"column":3}},"7":{"start":{"line":24,"column":4},"end":{"line":27,"column":5}},"8":{"start":{"line":25,"column":6},"end":{"line":26,"column":null}},"9":{"start":{"line":29,"column":18},"end":{"line":29,"column":40}},"10":{"start":{"line":30,"column":4},"end":{"line":32,"column":5}},"11":{"start":{"line":31,"column":6},"end":{"line":31,"column":55}},"12":{"start":{"line":34,"column":19},"end":{"line":34,"column":41}},"13":{"start":{"line":35,"column":4},"end":{"line":35,"column":66}},"14":{"start":{"line":35,"column":16},"end":{"line":35,"column":66}},"15":{"start":{"line":37,"column":17},"end":{"line":37,"column":40}},"16":{"start":{"line":38,"column":4},"end":{"line":38,"column":62}},"17":{"start":{"line":38,"column":14},"end":{"line":38,"column":62}},"18":{"start":{"line":40,"column":4},"end":{"line":40,"column":null}},"19":{"start":{"line":42,"column":4},"end":{"line":42,"column":19}},"20":{"start":{"line":45,"column":2},"end":{"line":45,"column":30}}},"fnMap":{"0":{"name":"mathSuffixExtension","decl":{"start":{"line":19,"column":16},"end":{"line":19,"column":35}},"loc":{"start":{"line":19,"column":102},"end":{"line":46,"column":1}}}},"branchMap":{"0":{"loc":{"start":{"line":23,"column":2},"end":{"line":43,"column":3}},"type":"if","locations":[{"start":{"line":23,"column":2},"end":{"line":43,"column":3}},{"start":{},"end":{}}]},"1":{"loc":{"start":{"line":24,"column":4},"end":{"line":27,"column":5}},"type":"if","locations":[{"start":{"line":24,"column":4},"end":{"line":27,"column":5}},{"start":{},"end":{}}]},"2":{"loc":{"start":{"line":30,"column":4},"end":{"line":32,"column":5}},"type":"if","locations":[{"start":{"line":30,"column":4},"end":{"line":32,"column":5}},{"start":{},"end":{}}]},"3":{"loc":{"start":{"line":35,"column":4},"end":{"line":35,"column":66}},"type":"if","locations":[{"start":{"line":35,"column":4},"end":{"line":35,"column":66}},{"start":{},"end":{}}]},"4":{"loc":{"start":{"line":38,"column":4},"end":{"line":38,"column":62}},"type":"if","locations":[{"start":{"line":38,"column":4},"end":{"line":38,"column":62}},{"start":{},"end":{}}]}},"s":{"0":25,"1":25,"2":25,"3":25,"4":29884,"5":29884,"6":29884,"7":728,"8":1,"9":727,"10":727,"11":12,"12":727,"13":727,"14":569,"15":727,"16":727,"17":159,"18":727,"19":727,"20":29883},"f":{"0":29884},"b":{"0":[728,29156],"1":[1,727],"2":[12,715],"3":[569,158],"4":[159,568]}}
}
