TN:
SF:src/to-nodejs-view.ts
FN:63,(anonymous_0)
FN:66,(anonymous_1)
FN:92,getView
FN:107,(anonymous_3)
FNF:4
FNH:4
FNDA:6,(anonymous_0)
FNDA:6,(anonymous_1)
FNDA:18,getView
FNDA:96,(anonymous_3)
DA:61,1
DA:64,6
DA:66,6
DA:67,6
DA:74,6
DA:80,6
DA:81,18
DA:84,6
DA:93,18
DA:94,18
DA:95,18
DA:96,17
DA:98,17
DA:100,16
DA:101,16
DA:102,16
DA:104,16
DA:105,16
DA:107,96
DA:112,16
DA:114,16
DA:121,18
LF:22
LH:22
BRDA:98,0,0,16
BRDA:98,0,1,1
BRDA:107,1,0,55
BRDA:107,1,1,41
BRF:4
BRH:4
end_of_record
TN:
SF:src/conductor/conductor.ts
FN:104,(anonymous_0)
FN:131,(anonymous_1)
FN:189,(anonymous_2)
FN:222,(anonymous_3)
FN:223,(anonymous_4)
FN:294,core
FN:336,toMidi
FN:339,(anonymous_7)
FN:371,removeUnnecessaryInitials
FN:374,(anonymous_9)
FN:391,removeBeforeStart
FN:393,(anonymous_11)
FNF:12
FNH:12
FNDA:2753,(anonymous_0)
FNDA:8259,(anonymous_1)
FNDA:2751,(anonymous_2)
FNDA:7365,(anonymous_3)
FNDA:35492,(anonymous_4)
FNDA:2753,core
FNDA:2385,toMidi
FNDA:7155,(anonymous_7)
FNDA:2753,removeUnnecessaryInitials
FNDA:9,(anonymous_9)
FNDA:2745,removeBeforeStart
FNDA:2,(anonymous_11)
DA:1,24
DA:4,24
DA:5,24
DA:7,24
DA:8,24
DA:11,24
DA:82,24
DA:113,2753
DA:132,8259
DA:162,2753
DA:163,12
DA:166,2753
DA:198,2751
DA:199,2751
DA:203,2751
DA:204,296
DA:214,296
DA:216,296
DA:221,2455
DA:222,2455
DA:223,7365
DA:225,35492
DA:226,35492
DA:227,35492
DA:228,35492
DA:232,2455
DA:234,9
DA:237,9
DA:246,2446
DA:249,2446
DA:258,2446
DA:297,2753
DA:300,2753
DA:301,2753
DA:302,2745
DA:305,2745
DA:306,2745
DA:309,2695
DA:310,2695
DA:313,2457
DA:316,2457
DA:337,2385
DA:340,7155
DA:355,2385
DA:372,2753
DA:374,9
DA:392,2745
DA:393,2
LF:48
LH:48
BRDA:162,0,0,12
BRDA:162,0,1,2741
BRDA:203,1,0,296
BRDA:203,1,1,2455
BRDA:205,2,0,294
BRDA:205,2,1,2
BRDA:214,3,0,294
BRDA:214,3,1,2
BRDA:232,4,0,9
BRDA:232,4,1,2446
BRDA:246,5,0,2385
BRDA:246,5,1,61
BRDA:249,6,0,2446
BRDA:249,6,1,2385
BRDA:262,7,0,2385
BRDA:262,7,1,61
BRDA:301,8,0,8
BRDA:301,8,1,2745
BRDA:306,9,0,50
BRDA:306,9,1,2695
BRDA:310,10,0,238
BRDA:310,10,1,2457
BRDA:345,11,0,7152
BRDA:345,11,1,3
BRDA:345,12,0,7155
BRDA:345,12,1,7155
BRF:26
BRH:26
end_of_record
TN:
SF:src/conductor/settings.ts
FNF:0
FNH:0
DA:1,27
DA:2,27
DA:4,27
DA:15,27
DA:52,27
LF:5
LH:5
BRF:0
BRH:0
end_of_record
TN:
SF:src/conductor/utils.vers.ts
FN:11,easyX
FN:13,(anonymous_1)
FNF:2
FNH:2
FNDA:4,easyX
FNDA:7,(anonymous_1)
DA:3,34
DA:4,34
DA:11,34
DA:12,4
DA:13,7
DA:16,34
DA:32,34
LF:7
LH:7
BRDA:12,0,0,1
BRDA:12,0,1,3
BRDA:13,1,0,1
BRDA:13,1,1,6
BRF:4
BRH:4
end_of_record
TN:
SF:src/conductor/version.ts
FNF:0
FNH:0
DA:1,28
LF:1
LH:1
BRF:0
BRH:0
end_of_record
TN:
SF:src/conductor/x-var.ts
FNF:0
FNH:0
DA:6,40
DA:48,40
LF:2
LH:2
BRF:0
BRH:0
end_of_record
TN:
SF:src/conductor/chord-to-fingering/chord-to-fingering.ts
FN:122,(anonymous_6)
FN:131,(anonymous_7)
FN:156,(anonymous_8)
FN:160,(anonymous_9)
FN:168,(anonymous_10)
FN:205,createBasicBoard
FN:229,searchAll
FN:247,(anonymous_13)
FN:250,(anonymous_14)
FN:253,(anonymous_15)
FN:254,(anonymous_16)
FN:255,(anonymous_17)
FN:259,(anonymous_18)
FN:261,(anonymous_19)
FN:265,(anonymous_20)
FN:266,(anonymous_21)
FN:277,(anonymous_22)
FN:287,(anonymous_23)
FN:310,(anonymous_24)
FN:352,(anonymous_25)
FN:364,(anonymous_26)
FN:397,(anonymous_27)
FN:407,(anonymous_28)
FN:431,(anonymous_29)
FN:455,(anonymous_30)
FN:456,(anonymous_31)
FN:467,(anonymous_32)
FN:476,(anonymous_33)
FN:484,(anonymous_34)
FN:488,(anonymous_35)
FN:528,(anonymous_36)
FN:530,(anonymous_37)
FN:533,(anonymous_38)
FN:555,findAllCombinationsFretLocation
FN:559,(anonymous_40)
FN:572,(anonymous_41)
FN:577,(anonymous_42)
FN:594,arraysAreEqual
FNF:38
FNH:38
FNDA:8596,(anonymous_6)
FNDA:371,(anonymous_7)
FNDA:25901,(anonymous_8)
FNDA:25889,(anonymous_9)
FNDA:25889,(anonymous_10)
FNDA:8557,createBasicBoard
FNDA:8556,searchAll
FNDA:25898,(anonymous_13)
FNDA:17333,(anonymous_14)
FNDA:219908,(anonymous_15)
FNDA:745715,(anonymous_16)
FNDA:436928,(anonymous_17)
FNDA:70292,(anonymous_18)
FNDA:75709,(anonymous_19)
FNDA:1837,(anonymous_20)
FNDA:7429,(anonymous_21)
FNDA:170135,(anonymous_22)
FNDA:629961,(anonymous_23)
FNDA:7329,(anonymous_24)
FNDA:937,(anonymous_25)
FNDA:172837,(anonymous_26)
FNDA:170135,(anonymous_27)
FNDA:6670,(anonymous_28)
FNDA:189116,(anonymous_29)
FNDA:265784,(anonymous_30)
FNDA:908866,(anonymous_31)
FNDA:170135,(anonymous_32)
FNDA:554287,(anonymous_33)
FNDA:1020926,(anonymous_34)
FNDA:1020926,(anonymous_35)
FNDA:475410,(anonymous_36)
FNDA:487,(anonymous_37)
FNDA:500221,(anonymous_38)
FNDA:189116,findAllCombinationsFretLocation
FNDA:660493,(anonymous_40)
FNDA:978577,(anonymous_41)
FNDA:789488,(anonymous_42)
FNDA:1837,arraysAreEqual
DA:1,25
DA:3,25
DA:4,25
DA:5,25
DA:109,25
DA:124,8596
DA:127,8596
DA:128,8596
DA:129,8596
DA:130,8596
DA:131,80
DA:132,371
DA:137,8596
DA:138,8596
DA:139,12
DA:143,8596
DA:144,8596
DA:145,39
DA:151,8557
DA:152,12
DA:153,12
DA:156,25901
DA:159,8557
DA:160,8557
DA:161,25889
DA:162,46
DA:167,8557
DA:168,8557
DA:169,25889
DA:172,8557
DA:182,8557
DA:185,8556
DA:192,8556
DA:206,8557
DA:207,8557
DA:208,51328
DA:209,51328
DA:210,51328
DA:211,1283176
DA:212,1283175
DA:214,51327
DA:216,8556
DA:231,8556
DA:233,8556
DA:234,8556
DA:237,8556
DA:244,8556
DA:247,25898
DA:250,17333
DA:253,8556
DA:254,745715
DA:255,436928
DA:259,8556
DA:260,70292
DA:261,75709
DA:265,8556
DA:266,7429
DA:277,8556
DA:282,170135
DA:285,170135
DA:287,629961
DA:289,170135
DA:290,5578
DA:291,1741
DA:295,164557
DA:299,170135
DA:304,20
DA:305,20
DA:309,170135
DA:310,7329
DA:311,1837
DA:312,1837
DA:314,854
DA:320,170135
DA:321,309
DA:322,223
DA:327,170135
DA:328,170135
DA:330,170135
DA:332,609513
DA:338,551279
DA:342,609513
DA:343,70292
DA:346,70292
DA:349,70292
DA:350,70292
DA:352,937
DA:355,70292
DA:357,55654
DA:358,437
DA:362,55654
DA:363,76487
DA:364,172837
DA:366,55654
DA:367,55226
DA:368,55226
DA:369,75674
DA:373,55226
DA:380,554287
DA:383,114909
DA:397,8556
DA:402,170135
DA:403,170135
DA:406,170135
DA:407,6670
DA:408,1627
DA:413,170135
DA:418,170135
DA:431,8556
DA:433,189116
DA:436,189116
DA:439,189116
DA:440,660493
DA:443,660493
DA:444,660493
DA:445,2642826
DA:446,2642826
DA:447,680661
DA:450,660493
DA:453,189116
DA:454,189116
DA:456,908866
DA:457,265784
DA:458,95649
DA:460,170135
DA:461,170135
DA:467,189116
DA:469,170135
DA:472,170135
DA:473,170135
DA:474,170135
DA:475,170135
DA:476,170135
DA:477,554287
DA:478,554226
DA:479,554226
DA:483,170135
DA:484,1020926
DA:488,1020926
DA:491,170135
DA:500,8556
DA:503,33986
DA:504,33986
DA:505,611748
DA:506,611748
DA:510,51993
DA:514,51993
DA:517,51993
DA:518,189116
DA:526,8556
DA:527,8469
DA:528,475410
DA:530,487
DA:533,500221
DA:535,8556
DA:543,8556
DA:559,660493
DA:561,189116
DA:572,189089
DA:573,978577
DA:574,265784
DA:575,265784
DA:577,789488
DA:580,189089
DA:581,189089
DA:582,189089
DA:596,1837
DA:597,1520
DA:601,317
DA:602,1346
DA:603,107
DA:608,210
LF:172
LH:172
BRDA:122,0,0,59
BRDA:127,1,0,8554
BRDA:127,1,1,42
BRDA:128,2,0,8557
BRDA:128,2,1,39
BRDA:129,3,0,8555
BRDA:129,3,1,41
BRDA:130,4,0,80
BRDA:130,4,1,8516
BRDA:138,5,0,12
BRDA:138,5,1,8584
BRDA:144,6,0,39
BRDA:144,6,1,8557
BRDA:151,7,0,12
BRDA:151,7,1,8545
BRDA:161,8,0,46
BRDA:161,8,1,25843
BRDA:169,9,0,8354
BRDA:169,9,1,17535
BRDA:212,10,0,332459
BRDA:212,10,1,950716
BRDA:238,11,0,8
BRDA:238,11,1,8548
BRDA:238,12,0,8556
BRDA:238,12,1,8550
BRDA:289,13,0,5578
BRDA:289,13,1,164557
BRDA:290,14,0,1741
BRDA:290,14,1,3837
BRDA:299,15,0,20
BRDA:299,15,1,170115
BRDA:299,16,0,170135
BRDA:299,16,1,295
BRDA:299,16,2,254
BRDA:299,16,3,34
BRDA:299,16,4,22
BRDA:309,17,0,1837
BRDA:309,17,1,168298
BRDA:312,18,0,854
BRDA:312,18,1,983
BRDA:320,19,0,309
BRDA:320,19,1,169826
BRDA:320,20,0,170135
BRDA:320,20,1,168296
BRDA:321,21,0,223
BRDA:321,21,1,86
BRDA:332,22,0,551279
BRDA:332,22,1,58234
BRDA:334,23,0,609513
BRDA:334,23,1,149728
BRDA:334,23,2,149718
BRDA:342,24,0,70292
BRDA:342,24,1,539221
BRDA:350,25,0,766
BRDA:350,25,1,69526
BRDA:355,26,0,55654
BRDA:355,26,1,14638
BRDA:355,27,0,70292
BRDA:355,27,1,68399
BRDA:357,28,0,437
BRDA:357,28,1,55217
BRDA:366,29,0,55226
BRDA:366,29,1,428
BRDA:406,30,0,1837
BRDA:406,30,1,168298
BRDA:407,31,0,1627
BRDA:407,31,1,210
BRDA:413,32,0,23442
BRDA:413,32,1,146693
BRDA:446,33,0,680661
BRDA:446,33,1,1962165
BRDA:457,34,0,95649
BRDA:457,34,1,170135
BRDA:457,35,0,265784
BRDA:457,35,1,219908
BRDA:477,36,0,554226
BRDA:477,36,1,61
BRDA:484,37,0,170135
BRDA:484,37,1,6
BRDA:484,38,0,1020926
BRDA:484,38,1,261718
BRDA:484,39,0,1020926
BRDA:484,39,1,330884
BRDA:488,40,0,724361
BRDA:488,40,1,296565
BRDA:506,41,0,559755
BRDA:506,41,1,51993
BRDA:506,42,0,611748
BRDA:506,42,1,161890
BRDA:510,43,0,8446
BRDA:510,43,1,43547
BRDA:514,44,0,2
BRDA:514,44,1,51991
BRDA:514,45,0,51993
BRDA:514,45,1,4348
BRDA:526,46,0,8469
BRDA:526,46,1,87
BRDA:527,47,0,8464
BRDA:527,47,1,5
BRDA:561,48,0,27
BRDA:561,48,1,189089
BRDA:573,49,0,265784
BRDA:573,49,1,712793
BRDA:596,50,0,1520
BRDA:596,50,1,317
BRDA:602,51,0,107
BRDA:602,51,1,1239
BRF:107
BRH:107
end_of_record
TN:
SF:src/conductor/compile-block/compile-block.ts
FN:63,(anonymous_6)
FN:119,initBlockObj
FN:197,(anonymous_8)
FN:275,parseRegionProps
FNF:4
FNH:4
FNDA:2695,(anonymous_6)
FNDA:2695,initBlockObj
FNDA:5880,(anonymous_8)
FNDA:3145,parseRegionProps
DA:1,24
DA:3,24
DA:5,24
DA:7,24
DA:8,24
DA:9,24
DA:45,24
DA:66,2695
DA:67,2695
DA:71,2649
DA:72,2649
DA:75,2618
DA:76,2618
DA:79,2534
DA:80,2534
DA:98,2457
DA:121,2695
DA:124,2695
DA:125,2695
DA:128,38195
DA:131,2979
DA:132,2979
DA:133,2979
DA:137,2944
DA:144,2944
DA:147,2944
DA:179,2944
DA:181,2944
DA:186,2660
DA:187,8
DA:189,2652
DA:193,2652
DA:194,5301
DA:197,5301
DA:203,5880
DA:215,5301
DA:218,1200
DA:221,166
DA:222,166
DA:223,166
DA:227,163
DA:233,163
DA:236,163
DA:237,50
DA:238,123
DA:247,163
DA:254,163
DA:259,5298
DA:260,5594
DA:268,2649
DA:277,3145
DA:278,3145
DA:281,5401
DA:282,2652
DA:283,2652
DA:284,2649
DA:288,2749
DA:289,2681
DA:290,3
DA:294,2678
DA:295,2678
DA:296,2671
DA:300,68
DA:302,45
DA:303,45
DA:304,43
DA:310,23
DA:314,5363
DA:317,3107
LF:69
LH:69
BRDA:67,0,0,46
BRDA:67,0,1,2649
BRDA:72,1,0,31
BRDA:72,1,1,2618
BRDA:76,2,0,84
BRDA:76,2,1,2534
BRDA:80,3,0,77
BRDA:80,3,1,2457
BRDA:128,4,0,2979
BRDA:128,4,1,35216
BRDA:133,5,0,35
BRDA:133,5,1,2944
BRDA:150,6,0,30
BRDA:150,6,1,2914
BRDA:153,7,0,2655
BRDA:153,7,1,289
BRDA:155,8,0,86
BRDA:155,8,1,203
BRDA:159,9,0,2631
BRDA:159,9,1,313
BRDA:186,10,0,8
BRDA:186,10,1,2652
BRDA:218,11,0,166
BRDA:218,11,1,1034
BRDA:223,12,0,3
BRDA:223,12,1,163
BRDA:236,13,0,50
BRDA:236,13,1,113
BRDA:250,14,0,13
BRDA:250,14,1,150
BRDA:251,15,0,13
BRDA:251,15,1,150
BRDA:275,16,0,2979
BRDA:281,17,0,2652
BRDA:281,17,1,2749
BRDA:283,18,0,3
BRDA:283,18,1,2649
BRDA:288,19,0,2681
BRDA:288,19,1,68
BRDA:289,20,0,3
BRDA:289,20,1,2678
BRDA:295,21,0,7
BRDA:295,21,1,2671
BRDA:300,22,0,45
BRDA:300,22,1,23
BRDA:303,23,0,2
BRDA:303,23,1,43
BRF:47
BRH:47
end_of_record
TN:
SF:src/conductor/compile-block/mod-0-syntax.ts
FN:40,(anonymous_6)
FN:85,(anonymous_7)
FN:354,(anonymous_8)
FN:501,(anonymous_9)
FNF:4
FNH:4
FNDA:2745,(anonymous_6)
FNDA:49291,(anonymous_7)
FNDA:209,(anonymous_8)
FNDA:1030,(anonymous_9)
DA:1,24
DA:2,24
DA:4,24
DA:5,24
DA:21,24
DA:41,2745
DA:42,2745
DA:43,2745
DA:44,2745
DA:45,2745
DA:46,2745
DA:47,2745
DA:48,2745
DA:49,2745
DA:51,2745
DA:52,2745
DA:54,2745
DA:55,2745
DA:59,2745
DA:60,2745
DA:61,2745
DA:64,2745
DA:67,2745
DA:68,2745
DA:85,2745
DA:86,49291
DA:90,49291
DA:93,49291
DA:94,42596
DA:96,42596
DA:98,172
DA:99,1
DA:101,1
DA:103,171
DA:104,1
DA:106,1
DA:108,170
DA:109,170
DA:110,1
DA:112,1
DA:116,169
DA:118,42424
DA:120,4058
DA:121,4058
DA:123,4058
DA:124,4058
DA:126,38366
DA:128,8531
DA:130,3018
DA:134,3018
DA:136,3018
DA:138,5513
DA:141,29835
DA:143,71
DA:145,29764
DA:147,46
DA:148,46
DA:150,46
DA:152,29718
DA:154,90
DA:155,90
DA:159,29628
DA:160,29628
DA:165,49288
DA:167,26
DA:169,49262
DA:171,9571
DA:172,9571
DA:173,7
DA:174,7
DA:178,9564
DA:183,9564
DA:187,2
DA:189,2
DA:193,9562
DA:196,9562
DA:199,9562
DA:202,9562
DA:203,255
DA:204,255
DA:205,255
DA:207,255
DA:208,255
DA:212,9562
DA:228,9562
DA:231,9562
DA:232,9562
DA:233,9562
DA:234,9562
DA:235,9562
DA:236,9562
DA:239,9562
DA:240,9305
DA:246,39691
DA:254,18
DA:257,18
DA:261,39673
DA:264,39673
DA:265,39673
DA:273,33022
DA:284,33022
DA:286,6651
DA:288,3322
DA:290,7
DA:293,3315
DA:294,3315
DA:311,39666
DA:339,49254
DA:340,49254
DA:341,49254
DA:342,49254
DA:346,2745
DA:347,2745
DA:348,160071
DA:349,160071
DA:351,3348
DA:352,3348
DA:354,209
DA:358,3348
DA:359,3348
DA:360,3347
DA:361,1
DA:363,3347
DA:364,3347
DA:366,1
DA:368,3348
DA:369,3348
DA:372,3324
DA:373,3322
DA:374,9
DA:376,3322
DA:377,3322
DA:379,2
DA:381,3324
DA:382,3324
DA:383,3324
DA:385,3162
DA:386,3162
DA:387,162
DA:388,7
DA:391,3324
DA:392,3324
DA:395,1577
DA:396,1577
DA:397,1577
DA:398,1577
DA:401,1578
DA:402,1578
DA:403,1578
DA:404,1504
DA:405,74
DA:406,2
DA:409,1578
DA:410,1578
DA:413,4085
DA:414,4070
DA:415,3637
DA:416,3637
DA:418,433
DA:421,4085
DA:422,4085
DA:425,5305
DA:426,5132
DA:427,570
DA:429,5132
DA:430,5132
DA:432,173
DA:434,5305
DA:435,5305
DA:436,5305
DA:439,46084
DA:440,44194
DA:441,36846
DA:443,7348
DA:446,1890
DA:448,46084
DA:451,19
DA:452,15
DA:453,4
DA:455,11
DA:458,4
DA:460,19
DA:463,281
DA:464,26
DA:465,25
DA:467,26
DA:468,26
DA:470,255
DA:472,281
DA:475,277
DA:476,277
DA:479,94193
DA:483,160071
DA:484,160026
DA:485,160026
DA:488,2700
DA:489,4
DA:490,4
DA:493,2696
DA:494,1
DA:495,1
DA:498,2695
DA:501,2695
DA:502,2695
DA:504,2695
LF:205
LH:205
BRDA:85,0,0,42596
BRDA:86,1,0,46554
BRDA:86,1,1,2737
BRDA:93,2,0,42596
BRDA:93,2,1,6695
BRDA:96,3,0,172
BRDA:96,3,1,42424
BRDA:98,4,0,1
BRDA:98,4,1,171
BRDA:103,5,0,1
BRDA:103,5,1,170
BRDA:109,6,0,1
BRDA:109,6,1,169
BRDA:118,7,0,4058
BRDA:118,7,1,38366
BRDA:121,8,0,6
BRDA:121,8,1,4052
BRDA:126,9,0,8531
BRDA:126,9,1,29835
BRDA:128,10,0,3018
BRDA:128,10,1,5513
BRDA:141,11,0,71
BRDA:141,11,1,29764
BRDA:145,12,0,46
BRDA:145,12,1,29718
BRDA:152,13,0,90
BRDA:152,13,1,29628
BRDA:165,14,0,26
BRDA:165,14,1,49262
BRDA:169,15,0,9571
BRDA:169,15,1,39691
BRDA:169,16,0,49262
BRDA:169,16,1,43749
BRDA:172,17,0,7
BRDA:172,17,1,9564
BRDA:178,18,0,102
BRDA:178,18,1,9462
BRDA:178,19,0,9564
BRDA:178,19,1,5608
BRDA:183,20,0,2
BRDA:183,20,1,9562
BRDA:184,21,0,9564
BRDA:184,21,1,4060
BRDA:196,22,0,1499
BRDA:196,22,1,8063
BRDA:199,23,0,4058
BRDA:199,23,1,5504
BRDA:202,24,0,255
BRDA:202,24,1,9307
BRDA:217,25,0,5504
BRDA:217,25,1,4058
BRDA:218,26,0,3801
BRDA:218,26,1,257
BRDA:218,27,0,4058
BRDA:218,27,1,317
BRDA:218,27,2,308
BRDA:239,28,0,9305
BRDA:239,28,1,257
BRDA:246,29,0,18
BRDA:246,29,1,39673
BRDA:247,30,0,39691
BRDA:247,30,1,6387
BRDA:247,30,2,3207
BRDA:247,30,3,3207
BRDA:261,31,0,3322
BRDA:261,31,1,36351
BRDA:265,32,0,33022
BRDA:265,32,1,6651
BRDA:286,33,0,3322
BRDA:286,33,1,3329
BRDA:288,34,0,7
BRDA:288,34,1,3315
BRDA:323,35,0,29764
BRDA:323,35,1,9902
BRDA:335,36,0,33022
BRDA:335,36,1,6644
BRDA:349,37,0,3348
BRDA:349,37,1,3324
BRDA:349,37,2,1577
BRDA:349,37,3,1578
BRDA:349,37,4,4085
BRDA:349,37,5,5305
BRDA:349,37,6,46084
BRDA:349,37,7,19
BRDA:349,37,8,281
BRDA:349,37,9,277
BRDA:349,37,10,94193
BRDA:359,38,0,3347
BRDA:359,38,1,1
BRDA:360,39,0,1
BRDA:360,39,1,3346
BRDA:372,40,0,3322
BRDA:372,40,1,2
BRDA:373,41,0,9
BRDA:373,41,1,3313
BRDA:383,42,0,3162
BRDA:383,42,1,162
BRDA:387,43,0,7
BRDA:387,43,1,155
BRDA:403,44,0,1504
BRDA:403,44,1,74
BRDA:405,45,0,2
BRDA:405,45,1,72
BRDA:413,46,0,4070
BRDA:413,46,1,15
BRDA:414,47,0,3637
BRDA:414,47,1,433
BRDA:425,48,0,5132
BRDA:425,48,1,173
BRDA:426,49,0,570
BRDA:426,49,1,4562
BRDA:439,50,0,44194
BRDA:439,50,1,1890
BRDA:440,51,0,36846
BRDA:440,51,1,7348
BRDA:451,52,0,15
BRDA:451,52,1,4
BRDA:452,53,0,4
BRDA:452,53,1,11
BRDA:463,54,0,26
BRDA:463,54,1,255
BRDA:464,55,0,25
BRDA:464,55,1,1
BRDA:483,56,0,45
BRDA:483,56,1,160026
BRDA:488,57,0,4
BRDA:488,57,1,2696
BRDA:493,58,0,1
BRDA:493,58,1,2695
BRF:129
BRH:129
end_of_record
TN:
SF:src/conductor/compile-block/mod-1-prefix.ts
FN:22,(anonymous_0)
FN:100,parsePrefixStyles
FNF:2
FNH:2
FNDA:2649,(anonymous_0)
FNDA:29637,parsePrefixStyles
DA:1,24
DA:2,24
DA:11,24
DA:24,2649
DA:25,7886
DA:27,39304
DA:29,39304
DA:32,45
DA:34,45
DA:35,4
DA:39,41
DA:42,41
DA:45,29524
DA:47,27917
DA:49,27917
DA:51,23
DA:52,23
DA:53,23
DA:54,23
DA:55,23
DA:58,27917
DA:59,18
DA:63,27899
DA:64,27899
DA:68,1607
DA:70,1607
DA:71,1607
DA:74,29497
DA:78,90
DA:79,90
DA:87,2618
DA:102,29637
DA:106,29637
DA:108,116
DA:129,29633
DA:131,313
DA:132,313
DA:133,313
DA:135,313
DA:139,29633
DA:141,39
DA:142,39
DA:143,39
DA:145,39
DA:149,29633
DA:151,84
DA:170,29631
DA:172,3
DA:173,1
DA:179,2
DA:180,1
DA:185,1
DA:191,29628
DA:193,29628
LF:54
LH:54
BRDA:29,0,0,45
BRDA:29,0,1,29524
BRDA:29,0,2,90
BRDA:32,1,0,9
BRDA:32,1,1,36
BRDA:34,2,0,4
BRDA:34,2,1,41
BRDA:45,3,0,27917
BRDA:45,3,1,1607
BRDA:47,4,0,2095
BRDA:47,4,1,25822
BRDA:49,5,0,23
BRDA:49,5,1,27894
BRDA:52,6,0,9
BRDA:52,6,1,14
BRDA:58,7,0,18
BRDA:58,7,1,27899
BRDA:64,8,0,4
BRDA:64,8,1,27895
BRDA:68,9,0,810
BRDA:68,9,1,797
BRDA:71,10,0,5
BRDA:71,10,1,1602
BRDA:78,11,0,44
BRDA:78,11,1,46
BRDA:106,12,0,116
BRDA:106,12,1,29521
BRDA:129,13,0,313
BRDA:129,13,1,29320
BRDA:139,14,0,39
BRDA:139,14,1,29594
BRDA:149,15,0,84
BRDA:149,15,1,29549
BRDA:149,16,0,29633
BRDA:149,16,1,29559
BRDA:170,17,0,3
BRDA:170,17,1,29628
BRDA:172,18,0,1
BRDA:172,18,1,2
BRDA:179,19,0,1
BRDA:179,19,1,1
BRDA:179,20,0,2
BRDA:179,20,1,1
BRF:43
BRH:43
end_of_record
TN:
SF:src/conductor/compile-block/mod-2-styles.ts
FN:15,(anonymous_6)
FN:52,resolveBaseTick
FN:91,distributeStyleWithinHierarchy
FN:119,(anonymous_9)
FN:135,(anonymous_10)
FN:135,(anonymous_11)
FN:136,(anonymous_12)
FN:206,(anonymous_13)
FN:260,(anonymous_14)
FN:293,(anonymous_15)
FN:301,compileStyleSyntax
FNF:11
FNH:11
FNDA:2618,(anonymous_6)
FNDA:7602,resolveBaseTick
FNDA:7606,distributeStyleWithinHierarchy
FNDA:238,(anonymous_9)
FNDA:238,(anonymous_10)
FNDA:238,(anonymous_11)
FNDA:238,(anonymous_12)
FNDA:109,(anonymous_13)
FNDA:275,(anonymous_14)
FNDA:323,(anonymous_15)
FNDA:7686,compileStyleSyntax
DA:1,24
DA:2,24
DA:4,24
DA:5,24
DA:6,24
DA:7,24
DA:8,24
DA:9,24
DA:13,24
DA:18,2618
DA:21,2618
DA:24,7686
DA:25,7686
DA:28,7606
DA:29,7606
DA:34,7602
DA:35,7602
DA:38,7602
DA:39,7602
DA:43,2534
DA:45,2534
DA:54,7602
DA:55,38981
DA:57,38981
DA:58,2987
DA:61,35994
DA:62,29659
DA:65,29659
DA:72,29659
DA:73,29659
DA:74,29659
DA:76,505
DA:82,7602
DA:103,7606
DA:105,7606
DA:106,7606
DA:107,7606
DA:110,7606
DA:113,7606
DA:114,38834
DA:115,38834
DA:119,3139
DA:120,238
DA:121,238
DA:135,3139
DA:136,3139
DA:139,3139
DA:140,3139
DA:144,3133
DA:145,3133
DA:148,2987
DA:149,2987
DA:150,2987
DA:155,29506
DA:156,29506
DA:161,29506
DA:162,30238
DA:165,30238
DA:166,1417
DA:168,1417
DA:169,1417
DA:173,348
DA:175,348
DA:176,75
DA:178,273
DA:179,4
DA:181,269
DA:182,269
DA:183,269
DA:192,1069
DA:193,1069
DA:194,1069
DA:198,1417
DA:200,48
DA:201,48
DA:202,48
DA:203,48
DA:206,48
DA:207,109
DA:209,48
DA:210,1
DA:211,1
DA:218,1369
DA:219,1369
DA:223,341
DA:224,341
DA:225,341
DA:227,1369
DA:235,29505
DA:238,4259
DA:239,4259
DA:240,4259
DA:243,4259
DA:245,250
DA:246,250
DA:247,250
DA:250,250
DA:251,250
DA:253,250
DA:254,228
DA:256,22
DA:260,250
DA:261,275
DA:263,250
DA:264,3
DA:265,3
DA:272,4009
DA:273,4009
DA:277,773
DA:278,773
DA:279,773
DA:281,4009
DA:287,29502
DA:293,7602
DA:295,7602
DA:303,7686
DA:304,7686
DA:306,39089
DA:307,3071
DA:311,36018
DA:312,4
DA:316,36018
DA:317,3382
DA:318,3382
DA:320,4585
DA:322,4585
DA:323,4585
DA:326,4585
DA:327,4585
DA:328,4585
DA:330,4585
DA:332,2297
DA:334,5
DA:335,5
DA:338,221
DA:339,221
DA:342,5
DA:343,5
DA:346,19
DA:347,19
DA:350,313
DA:351,313
DA:354,4
DA:355,4
DA:358,109
DA:359,109
DA:362,14
DA:363,14
DA:366,1
DA:367,1
DA:370,49
DA:371,49
DA:374,393
DA:375,393
DA:382,2297
DA:385,1164
DA:386,79
DA:387,79
DA:388,79
DA:389,79
DA:390,79
DA:394,1085
DA:395,262
DA:396,262
DA:397,234
DA:400,234
DA:404,823
DA:405,19
DA:406,19
DA:407,19
DA:408,19
DA:415,19
DA:419,804
DA:420,8
DA:421,8
DA:422,7
DA:423,7
DA:428,796
DA:429,4
DA:430,4
DA:431,4
DA:432,4
DA:435,792
DA:436,7
DA:437,7
DA:438,6
DA:439,6
DA:443,785
DA:444,146
DA:445,146
DA:446,144
DA:455,144
DA:468,639
DA:469,19
DA:470,19
DA:471,16
DA:472,16
DA:476,620
DA:477,19
DA:478,19
DA:479,19
DA:480,19
DA:484,601
DA:485,62
DA:486,62
DA:487,61
DA:488,61
DA:492,539
DA:493,6
DA:494,6
DA:495,5
DA:496,5
DA:500,533
DA:502,201
DA:503,1
DA:508,200
DA:510,200
DA:511,198
DA:512,198
DA:516,332
DA:517,99
DA:518,99
DA:519,98
DA:520,98
DA:524,233
DA:525,42
DA:526,42
DA:527,38
DA:528,38
DA:532,191
DA:533,4
DA:534,4
DA:538,187
DA:539,10
DA:541,10
DA:542,10
DA:543,10
DA:547,177
DA:548,105
DA:549,105
DA:550,105
DA:551,105
DA:561,72
DA:562,39
DA:563,39
DA:564,37
DA:565,37
DA:568,33
DA:576,7606
LF:249
LH:249
BRDA:25,0,0,80
BRDA:25,0,1,7606
BRDA:29,1,0,4
BRDA:29,1,1,7602
BRDA:35,2,0,0
BRDA:35,2,1,7602
BRDA:39,3,0,0
BRDA:39,3,1,7602
BRDA:57,4,0,2987
BRDA:57,4,1,35994
BRDA:61,5,0,29659
BRDA:61,5,1,6335
BRDA:61,6,0,35994
BRDA:61,6,1,35954
BRDA:66,7,0,817
BRDA:66,7,1,28842
BRDA:73,8,0,0
BRDA:73,8,1,29659
BRDA:74,9,0,505
BRDA:74,9,1,29154
BRDA:115,10,0,3139
BRDA:115,10,1,3133
BRDA:115,10,2,2987
BRDA:115,10,3,89
BRDA:115,10,4,129
BRDA:115,10,5,29506
BRDA:126,11,0,94
BRDA:126,11,1,144
BRDA:126,12,0,238
BRDA:126,12,1,225
BRDA:126,12,2,224
BRDA:136,13,0,94
BRDA:136,13,1,144
BRDA:149,14,0,433
BRDA:149,14,1,2554
BRDA:169,15,0,348
BRDA:169,15,1,1069
BRDA:175,16,0,75
BRDA:175,16,1,273
BRDA:178,17,0,4
BRDA:178,17,1,269
BRDA:181,18,0,269
BRDA:181,18,1,0
BRDA:193,19,0,28
BRDA:193,19,1,1041
BRDA:198,20,0,48
BRDA:198,20,1,1369
BRDA:198,21,0,1417
BRDA:198,21,1,212
BRDA:209,22,0,1
BRDA:209,22,1,47
BRDA:211,23,0,1
BRDA:211,23,1,0
BRDA:211,24,0,1
BRDA:211,24,1,0
BRDA:219,25,0,341
BRDA:219,25,1,1028
BRDA:220,26,0,1369
BRDA:220,26,1,1090
BRDA:239,27,0,189
BRDA:239,27,1,4070
BRDA:243,28,0,250
BRDA:243,28,1,4009
BRDA:253,29,0,228
BRDA:253,29,1,22
BRDA:263,30,0,3
BRDA:263,30,1,247
BRDA:265,31,0,3
BRDA:265,31,1,0
BRDA:265,32,0,3
BRDA:265,32,1,0
BRDA:273,33,0,773
BRDA:273,33,1,3236
BRDA:274,34,0,4009
BRDA:274,34,1,1587
BRDA:306,35,0,3071
BRDA:306,35,1,36018
BRDA:311,36,0,4
BRDA:311,36,1,36014
BRDA:311,37,0,36018
BRDA:311,37,1,29591
BRDA:316,38,0,3382
BRDA:316,38,1,32636
BRDA:327,39,0,201
BRDA:327,39,1,4384
BRDA:330,40,0,2297
BRDA:330,40,1,2288
BRDA:332,41,0,5
BRDA:332,41,1,221
BRDA:332,41,2,5
BRDA:332,41,3,19
BRDA:332,41,4,313
BRDA:332,41,5,4
BRDA:332,41,6,109
BRDA:332,41,7,14
BRDA:332,41,8,1
BRDA:332,41,9,49
BRDA:332,41,10,393
BRDA:382,42,0,1133
BRDA:382,42,1,1164
BRDA:385,43,0,79
BRDA:385,43,1,1085
BRDA:388,44,0,0
BRDA:388,44,1,79
BRDA:394,45,0,262
BRDA:394,45,1,823
BRDA:396,46,0,28
BRDA:396,46,1,234
BRDA:404,47,0,19
BRDA:404,47,1,804
BRDA:407,48,0,0
BRDA:407,48,1,19
BRDA:419,49,0,8
BRDA:419,49,1,796
BRDA:421,50,0,1
BRDA:421,50,1,7
BRDA:428,51,0,4
BRDA:428,51,1,792
BRDA:430,52,0,0
BRDA:430,52,1,4
BRDA:435,53,0,7
BRDA:435,53,1,785
BRDA:437,54,0,1
BRDA:437,54,1,6
BRDA:443,55,0,146
BRDA:443,55,1,639
BRDA:445,56,0,2
BRDA:445,56,1,144
BRDA:468,57,0,19
BRDA:468,57,1,620
BRDA:470,58,0,3
BRDA:470,58,1,16
BRDA:476,59,0,19
BRDA:476,59,1,601
BRDA:478,60,0,0
BRDA:478,60,1,19
BRDA:484,61,0,62
BRDA:484,61,1,539
BRDA:486,62,0,1
BRDA:486,62,1,61
BRDA:492,63,0,6
BRDA:492,63,1,533
BRDA:494,64,0,1
BRDA:494,64,1,5
BRDA:500,65,0,201
BRDA:500,65,1,332
BRDA:502,66,0,1
BRDA:502,66,1,200
BRDA:510,67,0,2
BRDA:510,67,1,198
BRDA:516,68,0,99
BRDA:516,68,1,233
BRDA:518,69,0,1
BRDA:518,69,1,98
BRDA:524,70,0,42
BRDA:524,70,1,191
BRDA:526,71,0,4
BRDA:526,71,1,38
BRDA:532,72,0,4
BRDA:532,72,1,187
BRDA:532,73,0,191
BRDA:532,73,1,189
BRDA:538,74,0,10
BRDA:538,74,1,177
BRDA:541,75,0,0
BRDA:541,75,1,10
BRDA:547,76,0,105
BRDA:547,76,1,72
BRDA:549,77,0,0
BRDA:549,77,1,105
BRDA:561,78,0,39
BRDA:561,78,1,33
BRDA:563,79,0,2
BRDA:563,79,1,37
BRF:174
BRH:160
end_of_record
TN:
SF:src/conductor/compile-block/mod-4-notes.ts
FN:27,(anonymous_6)
FN:112,regionTickResolver
FN:145,(anonymous_8)
FN:196,evolveFlatTOList_v2
FN:594,resolveForEachTabObj
FN:653,createAndAddTabObj
FN:664,(anonymous_12)
FN:668,(anonymous_13)
FN:702,(anonymous_14)
FN:743,resolveChordWithFingering
FN:775,(anonymous_16)
FN:776,(anonymous_17)
FN:818,(anonymous_18)
FN:819,(anonymous_19)
FNF:14
FNH:14
FNDA:2534,(anonymous_6)
FNDA:2461,regionTickResolver
FNDA:8184,(anonymous_8)
FNDA:7386,evolveFlatTOList_v2
FNDA:7371,resolveForEachTabObj
FNDA:32800,createAndAddTabObj
FNDA:3048,(anonymous_12)
FNDA:156,(anonymous_13)
FNDA:197028,(anonymous_14)
FNDA:7460,resolveChordWithFingering
FNDA:40,(anonymous_16)
FNDA:90,(anonymous_17)
FNDA:259,(anonymous_18)
FNDA:640,(anonymous_19)
DA:1,24
DA:3,24
DA:5,24
DA:6,24
DA:7,24
DA:8,24
DA:9,24
DA:11,24
DA:12,24
DA:13,24
DA:15,24
DA:25,24
DA:30,2534
DA:31,7460
DA:34,7460
DA:35,7460
DA:38,7389
DA:39,7389
DA:42,7389
DA:43,7389
DA:44,7389
DA:54,2463
DA:55,7386
DA:57,7386
DA:58,7386
DA:69,2461
DA:70,2461
DA:83,2457
DA:87,7371
DA:88,7371
DA:93,7371
DA:103,2457
DA:113,2461
DA:116,2461
DA:120,2732
DA:121,8192
DA:124,8192
DA:127,8192
DA:129,30
DA:130,30
DA:132,30
DA:133,4
DA:134,4
DA:145,8184
DA:147,2728
DA:150,271
DA:153,271
DA:156,813
DA:165,813
DA:170,472
DA:176,813
DA:177,813
DA:178,813
DA:190,2457
DA:197,7386
DA:198,7386
DA:200,7386
DA:208,7386
DA:212,7386
DA:213,41899
DA:218,41899
DA:220,2914
DA:221,2754
DA:222,2754
DA:228,160
DA:235,160
DA:240,2914
DA:249,2914
DA:251,2914
DA:257,38985
DA:260,67
DA:269,36
DA:270,36
DA:271,36
DA:287,31
DA:294,31
DA:304,38918
DA:307,32800
DA:324,32800
DA:328,32800
DA:329,32800
DA:335,32800
DA:341,38983
DA:347,2906
DA:351,2906
DA:354,2906
DA:416,2906
DA:442,7384
DA:595,7371
DA:597,7371
DA:598,7371
DA:601,7371
DA:607,7371
DA:608,32461
DA:611,32461
DA:616,32461
DA:617,461
DA:618,9
DA:621,9
DA:623,461
DA:640,32461
DA:641,0
DA:642,0
DA:647,7371
DA:655,32800
DA:656,32800
DA:660,32800
DA:662,32800
DA:663,32800
DA:664,3048
DA:666,32800
DA:667,32800
DA:668,26
DA:669,156
DA:670,112
DA:676,32800
DA:685,32800
DA:702,197028
DA:724,32800
DA:725,139
DA:729,32800
DA:732,32800
DA:733,32800
DA:736,32800
DA:737,32800
DA:749,7460
DA:750,7460
DA:751,7460
DA:753,38899
DA:755,38899
DA:758,40
DA:761,40
DA:763,40
DA:764,40
DA:768,36
DA:774,36
DA:775,10
DA:776,90
DA:777,40
DA:782,36
DA:783,36
DA:784,36
DA:785,36
DA:787,36
DA:788,36
DA:792,36
DA:796,29608
DA:798,29608
DA:800,27793
DA:801,27793
DA:803,27779
DA:805,127
DA:806,127
DA:807,127
DA:808,104
DA:813,27652
DA:817,27652
DA:818,59
DA:819,640
DA:820,259
DA:825,27652
DA:826,27652
DA:827,27621
DA:828,27621
DA:830,27621
DA:831,27621
DA:836,1815
DA:839,1815
DA:840,1815
DA:841,1793
DA:842,1793
DA:844,29541
DA:847,9251
DA:853,7389
LF:174
LH:172
BRDA:35,0,0,71
BRDA:35,0,1,7389
BRDA:39,1,0,0
BRDA:39,1,1,7389
BRDA:42,2,0,7389
BRDA:42,2,1,0
BRDA:42,3,0,7389
BRDA:42,3,1,30
BRDA:44,4,0,0
BRDA:44,4,1,7389
BRDA:58,5,0,2
BRDA:58,5,1,7384
BRDA:70,6,0,4
BRDA:70,6,1,2457
BRDA:88,7,0,0
BRDA:88,7,1,7371
BRDA:127,8,0,30
BRDA:127,8,1,8162
BRDA:132,9,0,4
BRDA:132,9,1,26
BRDA:133,10,0,4
BRDA:133,10,1,0
BRDA:147,11,0,271
BRDA:147,11,1,2457
BRDA:165,12,0,472
BRDA:165,12,1,341
BRDA:166,13,0,813
BRDA:166,13,1,368
BRDA:218,14,0,2914
BRDA:218,14,1,38985
BRDA:220,15,0,2754
BRDA:220,15,1,160
BRDA:221,16,0,2754
BRDA:221,16,1,0
BRDA:257,17,0,67
BRDA:257,17,1,38918
BRDA:260,18,0,36
BRDA:260,18,1,31
BRDA:294,19,0,2
BRDA:294,19,1,29
BRDA:304,20,0,32800
BRDA:304,20,1,6118
BRDA:307,21,0,145
BRDA:307,21,1,32655
BRDA:307,22,0,32800
BRDA:307,22,1,32738
BRDA:308,23,0,1573
BRDA:308,23,1,31082
BRDA:319,24,0,1573
BRDA:319,24,1,31082
BRDA:324,25,0,32737
BRDA:324,25,1,63
BRDA:328,26,0,0
BRDA:328,26,1,32800
BRDA:328,27,0,32800
BRDA:328,27,1,107
BRDA:329,28,0,111
BRDA:329,28,1,32689
BRDA:341,29,0,2906
BRDA:341,29,1,36077
BRDA:341,30,0,38983
BRDA:341,30,1,3058
BRDA:601,31,0,2519
BRDA:601,31,1,4852
BRDA:616,32,0,461
BRDA:616,32,1,32000
BRDA:616,33,0,32461
BRDA:616,33,1,467
BRDA:617,34,0,9
BRDA:617,34,1,452
BRDA:640,35,0,0
BRDA:640,35,1,32461
BRDA:640,36,0,32461
BRDA:640,36,1,2
BRDA:640,36,2,0
BRDA:663,37,0,508
BRDA:663,37,1,32292
BRDA:667,38,0,26
BRDA:667,38,1,32774
BRDA:669,39,0,112
BRDA:669,39,1,44
BRDA:702,40,0,126085
BRDA:702,40,1,70943
BRDA:707,41,0,1711
BRDA:707,41,1,31089
BRDA:708,42,0,32800
BRDA:708,42,1,32173
BRDA:724,43,0,139
BRDA:724,43,1,32661
BRDA:724,44,0,32800
BRDA:724,44,1,32688
BRDA:755,45,0,40
BRDA:755,45,1,29608
BRDA:755,45,2,9251
BRDA:761,46,0,40
BRDA:761,46,1,29
BRDA:764,47,0,4
BRDA:764,47,1,36
BRDA:774,48,0,10
BRDA:774,48,1,26
BRDA:776,49,0,40
BRDA:776,49,1,0
BRDA:783,50,0,0
BRDA:783,50,1,36
BRDA:798,51,0,27793
BRDA:798,51,1,1815
BRDA:801,52,0,14
BRDA:801,52,1,27779
BRDA:803,53,0,127
BRDA:803,53,1,27652
BRDA:807,54,0,104
BRDA:807,54,1,23
BRDA:817,55,0,59
BRDA:817,55,1,27593
BRDA:819,56,0,257
BRDA:819,56,1,2
BRDA:826,57,0,31
BRDA:826,57,1,27621
BRDA:839,58,0,1815
BRDA:839,58,1,1363
BRDA:840,59,0,22
BRDA:840,59,1,1793
BRF:122
BRH:111
end_of_record
TN:
SF:src/conductor/compile-block/mod-7-flash.ts
FN:29,(anonymous_6)
FNF:1
FNH:1
FNDA:49,(anonymous_6)
DA:3,25
DA:4,25
DA:13,25
DA:37,49
DA:38,49
DA:39,49
DA:41,49
DA:43,15
DA:44,15
DA:46,34
DA:48,2
DA:50,1
DA:53,1
DA:54,1
DA:56,32
DA:58,17
DA:60,1
DA:63,16
DA:64,16
DA:66,15
DA:68,2
DA:69,2
DA:71,13
DA:73,1
DA:79,12
DA:81,9
DA:82,9
DA:84,9
DA:86,8
DA:87,2
DA:91,6
DA:92,6
DA:94,6
DA:99,4
DA:103,33
LF:35
LH:35
BRDA:41,0,0,15
BRDA:41,0,1,34
BRDA:44,1,0,0
BRDA:44,1,1,15
BRDA:46,2,0,2
BRDA:46,2,1,32
BRDA:48,3,0,1
BRDA:48,3,1,1
BRDA:54,4,0,0
BRDA:54,4,1,1
BRDA:56,5,0,17
BRDA:56,5,1,15
BRDA:58,6,0,1
BRDA:58,6,1,16
BRDA:64,7,0,0
BRDA:64,7,1,16
BRDA:66,8,0,2
BRDA:66,8,1,13
BRDA:69,9,0,1
BRDA:69,9,1,1
BRDA:71,10,0,1
BRDA:71,10,1,12
BRDA:82,11,0,1
BRDA:82,11,1,8
BRDA:84,12,0,8
BRDA:84,12,1,1
BRDA:84,13,0,9
BRDA:84,13,1,2
BRDA:86,14,0,2
BRDA:86,14,1,6
BRDA:86,15,0,8
BRDA:86,15,1,4
BRDA:92,16,0,0
BRDA:92,16,1,6
BRF:34
BRH:30
end_of_record
TN:
SF:src/conductor/compile-block/mod-8-tick.ts
FN:11,(anonymous_0)
FN:15,(anonymous_1)
FN:201,(anonymous_2)
FNF:3
FNH:3
FNDA:7382,(anonymous_0)
FNDA:8199,(anonymous_1)
FNDA:11160,(anonymous_2)
DA:3,25
DA:6,25
DA:12,7382
DA:13,7382
DA:15,8199
DA:16,7382
DA:18,7382
DA:20,7382
DA:23,44276
DA:24,44276
DA:25,44276
DA:26,44276
DA:32,44276
DA:33,195498
DA:38,195498
DA:40,195498
DA:41,2122
DA:42,2122
DA:46,2122
DA:49,2122
DA:50,2041
DA:54,81
DA:55,0
DA:58,81
DA:59,7
DA:63,74
DA:64,74
DA:68,195498
DA:69,195030
DA:72,195030
DA:73,125608
DA:75,125608
DA:78,0
DA:80,125608
DA:86,195030
DA:87,195030
DA:88,32449
DA:93,195030
DA:94,58
DA:98,195030
DA:99,187957
DA:102,195030
DA:104,195030
DA:116,44276
DA:117,44276
DA:120,44276
DA:122,44276
DA:124,44276
DA:127,44276
DA:130,44276
DA:131,195498
DA:133,195498
DA:134,17075
DA:135,17075
DA:139,195498
DA:142,195030
DA:145,195030
DA:147,834
DA:148,834
DA:151,194196
DA:153,14972
DA:154,9713
DA:155,9713
DA:161,179224
DA:163,170665
DA:164,114346
DA:165,114346
DA:167,56319
DA:168,56319
DA:175,8559
DA:176,1541
DA:177,1541
DA:182,7018
DA:183,2
DA:184,2
DA:192,195030
DA:194,195030
DA:195,0
DA:197,195030
DA:200,195030
DA:201,11160
DA:202,2708
DA:203,2708
DA:205,32
DA:207,2708
DA:210,195030
DA:213,195030
DA:214,2768
DA:215,2768
DA:218,195030
DA:219,195030
DA:223,7382
LF:92
LH:89
BRDA:40,0,0,2122
BRDA:40,0,1,193376
BRDA:49,1,0,2041
BRDA:49,1,1,81
BRDA:54,2,0,0
BRDA:54,2,1,81
BRDA:58,3,0,7
BRDA:58,3,1,74
BRDA:68,4,0,195030
BRDA:68,4,1,468
BRDA:72,5,0,125608
BRDA:72,5,1,69422
BRDA:72,6,0,195030
BRDA:72,6,1,125642
BRDA:75,7,0,0
BRDA:75,7,1,125608
BRDA:87,8,0,32449
BRDA:87,8,1,162581
BRDA:93,9,0,58
BRDA:93,9,1,194972
BRDA:98,10,0,187957
BRDA:98,10,1,7073
BRDA:98,11,0,195030
BRDA:98,11,1,69388
BRDA:102,12,0,62
BRDA:102,12,1,194968
BRDA:133,13,0,17075
BRDA:133,13,1,178423
BRDA:139,14,0,468
BRDA:139,14,1,195030
BRDA:145,15,0,834
BRDA:145,15,1,194196
BRDA:145,16,0,195030
BRDA:145,16,1,194228
BRDA:151,17,0,14972
BRDA:151,17,1,179224
BRDA:153,18,0,9713
BRDA:153,18,1,5259
BRDA:153,19,0,14972
BRDA:153,19,1,9713
BRDA:161,20,0,170665
BRDA:161,20,1,8559
BRDA:163,21,0,114346
BRDA:163,21,1,56319
BRDA:163,22,0,170665
BRDA:163,22,1,114346
BRDA:175,23,0,1541
BRDA:175,23,1,7018
BRDA:175,24,0,8559
BRDA:175,24,1,1541
BRDA:182,25,0,2
BRDA:182,25,1,7016
BRDA:194,26,0,0
BRDA:194,26,1,195030
BRDA:200,27,0,2746
BRDA:200,27,1,192284
BRDA:201,28,0,2708
BRDA:201,28,1,38
BRDA:201,29,0,2746
BRDA:201,29,1,2720
BRDA:201,30,0,11160
BRDA:201,30,1,2708
BRDA:203,31,0,32
BRDA:203,31,1,2676
BRDA:203,32,0,2708
BRDA:203,32,1,32
BRDA:213,33,0,2768
BRDA:213,33,1,192262
BRF:68
BRH:65
end_of_record
TN:
SF:src/conductor/compile-block/unfold-bullet/bullet.ts
FN:25,(anonymous_0)
FN:74,disassembleBullet
FN:80,(anonymous_2)
FN:143,(anonymous_3)
FN:166,(anonymous_4)
FNF:5
FNH:5
FNDA:7617,(anonymous_0)
FNDA:103,disassembleBullet
FNDA:82,(anonymous_2)
FNDA:431,(anonymous_3)
FNDA:95,(anonymous_4)
DA:1,25
DA:3,25
DA:5,25
DA:13,25
DA:28,7617
DA:29,7617
DA:30,7617
DA:32,7617
DA:33,38837
DA:35,38837
DA:37,103
DA:45,103
DA:47,97
DA:50,38734
DA:54,7611
DA:56,7611
DA:79,103
DA:80,103
DA:82,103
DA:83,103
DA:84,79
DA:85,79
DA:87,24
DA:88,24
DA:92,103
DA:93,2
DA:98,101
DA:99,101
DA:100,101
DA:101,101
DA:102,101
DA:105,101
DA:106,101
DA:107,101
DA:110,101
DA:112,101
DA:113,2
DA:116,99
DA:117,99
DA:120,99
DA:123,99
DA:125,99
DA:126,275
DA:127,275
DA:130,274
DA:132,274
DA:133,2
DA:137,272
DA:138,272
DA:139,272
DA:142,272
DA:143,272
DA:144,431
DA:145,431
DA:147,20
DA:150,12
DA:153,205
DA:156,2
DA:159,19
DA:162,81
DA:165,81
DA:166,81
DA:167,95
DA:170,81
DA:173,8
DA:176,2
DA:179,42
DA:182,2
DA:185,2
DA:190,431
DA:191,175
DA:193,3
DA:196,4
DA:199,2
DA:202,6
DA:207,431
DA:208,175
DA:210,1
DA:218,272
DA:229,272
DA:232,272
DA:239,272
DA:242,2
DA:243,270
DA:244,172
DA:248,272
DA:253,272
DA:254,272
DA:257,272
DA:283,272
DA:285,272
DA:288,97
LF:92
LH:92
BRDA:35,0,0,103
BRDA:35,0,1,38734
BRDA:45,1,0,6
BRDA:45,1,1,97
BRDA:83,2,0,79
BRDA:83,2,1,24
BRDA:92,3,0,2
BRDA:92,3,1,101
BRDA:101,4,0,101
BRDA:101,4,1,0
BRDA:112,5,0,2
BRDA:112,5,1,99
BRDA:112,6,0,101
BRDA:112,6,1,100
BRDA:127,7,0,1
BRDA:127,7,1,274
BRDA:132,8,0,2
BRDA:132,8,1,272
BRDA:138,9,0,1
BRDA:138,9,1,271
BRDA:144,10,0,431
BRDA:144,10,1,0
BRDA:145,11,0,20
BRDA:145,11,1,12
BRDA:145,11,2,205
BRDA:145,11,3,2
BRDA:145,11,4,19
BRDA:145,11,5,81
BRDA:145,11,6,8
BRDA:145,11,7,2
BRDA:145,11,8,42
BRDA:145,11,9,2
BRDA:145,11,10,2
BRDA:167,12,0,5
BRDA:167,12,1,90
BRDA:190,13,0,175
BRDA:190,13,1,256
BRDA:191,14,0,3
BRDA:191,14,1,4
BRDA:191,14,2,2
BRDA:191,14,3,6
BRDA:207,15,0,175
BRDA:207,15,1,256
BRDA:208,16,0,1
BRDA:229,17,0,1
BRDA:229,17,1,271
BRDA:232,18,0,5
BRDA:232,18,1,267
BRDA:234,19,0,3
BRDA:234,19,1,264
BRDA:239,20,0,2
BRDA:239,20,1,270
BRDA:239,21,0,272
BRDA:239,21,1,174
BRDA:239,21,2,3
BRDA:239,21,3,3
BRDA:239,21,4,2
BRDA:243,22,0,172
BRDA:243,22,1,98
BRDA:249,23,0,1
BRDA:249,23,1,271
BRDA:250,24,0,19
BRDA:250,24,1,253
BRDA:251,25,0,11
BRDA:251,25,1,261
BRDA:253,26,0,272
BRDA:253,26,1,248
BRF:67
BRH:65
end_of_record
TN:
SF:src/conductor/compile-block/unfold-mapped/map-group.ts
FN:40,(anonymous_6)
FN:51,(anonymous_7)
FN:71,(anonymous_8)
FN:73,(anonymous_9)
FN:101,(anonymous_10)
FN:107,(anonymous_11)
FN:118,(anonymous_12)
FN:133,(anonymous_13)
FN:138,(anonymous_14)
FN:143,(anonymous_15)
FN:145,(anonymous_16)
FN:146,(anonymous_17)
FN:158,(anonymous_18)
FN:171,(anonymous_19)
FN:175,(anonymous_20)
FN:204,(anonymous_21)
FN:216,(anonymous_22)
FN:240,buildShift
FN:256,(anonymous_24)
FN:265,(anonymous_25)
FN:303,(anonymous_26)
FN:326,getEveryStringShiftedFrets
FN:331,(anonymous_28)
FN:336,(anonymous_29)
FN:338,(anonymous_30)
FN:361,copySimpleCompileSymbols
FN:383,(anonymous_32)
FN:404,(anonymous_33)
FN:428,copyCompileSymbols
FN:455,(anonymous_35)
FN:475,(anonymous_36)
FNF:31
FNH:30
FNDA:627,(anonymous_6)
FNDA:31899,(anonymous_7)
FNDA:323,(anonymous_8)
FNDA:803,(anonymous_9)
FNDA:332,(anonymous_10)
FNDA:803,(anonymous_11)
FNDA:1992,(anonymous_12)
FNDA:367,(anonymous_13)
FNDA:332,(anonymous_14)
FNDA:1136,(anonymous_15)
FNDA:1189,(anonymous_16)
FNDA:3233,(anonymous_17)
FNDA:3233,(anonymous_18)
FNDA:2485,(anonymous_19)
FNDA:4,(anonymous_20)
FNDA:4395,(anonymous_21)
FNDA:332,(anonymous_22)
FNDA:332,buildShift
FNDA:1189,(anonymous_24)
FNDA:3233,(anonymous_25)
FNDA:4314,(anonymous_26)
FNDA:1634,getEveryStringShiftedFrets
FNDA:4314,(anonymous_28)
FNDA:107850,(anonymous_29)
FNDA:107850,(anonymous_30)
FNDA:3,copySimpleCompileSymbols
FNDA:0,(anonymous_32)
FNDA:9,(anonymous_33)
FNDA:3230,copyCompileSymbols
FNDA:882,(anonymous_35)
FNDA:11237,(anonymous_36)
DA:1,24
DA:4,24
DA:6,24
DA:7,24
DA:8,24
DA:9,24
DA:10,24
DA:11,24
DA:38,24
DA:41,627
DA:42,627
DA:44,627
DA:47,627
DA:48,627
DA:49,86149
DA:50,86149
DA:51,86149
DA:54,86149
DA:55,803
DA:57,803
DA:61,85346
DA:63,264
DA:67,627
DA:71,323
DA:72,323
DA:73,323
DA:75,803
DA:76,803
DA:78,803
DA:80,332
DA:83,471
DA:84,0
DA:87,471
DA:90,803
DA:91,803
DA:94,323
DA:97,323
DA:98,323
DA:101,323
DA:103,332
DA:104,332
DA:106,332
DA:107,332
DA:108,803
DA:109,803
DA:110,803
DA:114,332
DA:116,332
DA:118,332
DA:119,1992
DA:120,1992
DA:122,332
DA:132,323
DA:133,367
DA:134,323
DA:138,323
DA:139,332
DA:143,323
DA:145,1136
DA:146,1189
DA:147,3233
DA:152,323
DA:157,323
DA:158,323
DA:160,3233
DA:162,1136
DA:166,3233
DA:167,3233
DA:169,873
DA:171,2485
DA:173,873
DA:175,2
DA:176,4
DA:178,2
DA:179,2
DA:183,873
DA:184,873
DA:185,873
DA:190,3233
DA:191,3233
DA:194,3233
DA:196,3233
DA:198,3233
DA:200,3233
DA:201,3233
DA:204,3233
DA:205,4395
DA:209,3233
DA:210,3233
DA:216,323
DA:217,332
DA:221,323
DA:223,323
DA:253,332
DA:256,332
DA:258,1189
DA:261,1189
DA:262,1189
DA:263,1189
DA:265,1189
DA:268,3233
DA:275,1195
DA:276,15
DA:279,1180
DA:281,307
DA:285,873
DA:289,873
DA:295,2038
DA:297,404
DA:301,1634
DA:302,1634
DA:303,1634
DA:305,4314
DA:306,4296
DA:309,1634
DA:318,1189
DA:322,332
DA:329,1634
DA:331,1634
DA:332,4314
DA:333,4314
DA:334,4314
DA:336,4314
DA:337,107850
DA:338,107850
DA:340,4314
DA:345,4314
DA:363,3
DA:384,0
DA:395,3
DA:396,0
DA:398,3
DA:399,0
DA:402,3
DA:403,3
DA:404,3
DA:408,9
DA:411,3
DA:413,3
DA:429,3230
DA:456,882
DA:466,3230
DA:467,841
DA:469,3230
DA:470,487
DA:473,3230
DA:474,3230
DA:475,3230
DA:479,11237
DA:482,3230
DA:484,3230
LF:151
LH:147
BRDA:54,0,0,803
BRDA:54,0,1,85346
BRDA:55,1,0,323
BRDA:55,1,1,480
BRDA:61,2,0,264
BRDA:61,2,1,85082
BRDA:61,3,0,85346
BRDA:61,3,1,680
BRDA:67,4,0,304
BRDA:67,4,1,323
BRDA:75,5,0,803
BRDA:75,5,1,631
BRDA:78,6,0,332
BRDA:78,6,1,471
BRDA:78,7,0,803
BRDA:78,7,1,480
BRDA:83,8,0,0
BRDA:83,8,1,471
BRDA:103,9,0,332
BRDA:103,9,1,297
BRDA:134,10,0,0
BRDA:134,10,1,323
BRDA:160,11,0,1136
BRDA:160,11,1,2097
BRDA:167,12,0,873
BRDA:167,12,1,2360
BRDA:173,13,0,2
BRDA:173,13,1,871
BRDA:173,14,0,873
BRDA:173,14,1,8
BRDA:173,14,2,7
BRDA:176,15,0,4
BRDA:176,15,1,4
BRDA:178,16,0,2
BRDA:178,16,1,0
BRDA:191,17,0,3
BRDA:191,17,1,3230
BRDA:200,18,0,2488
BRDA:200,18,1,745
BRDA:205,19,0,803
BRDA:205,19,1,3592
BRDA:268,20,0,1195
BRDA:268,20,1,2038
BRDA:269,21,0,3233
BRDA:269,21,1,2392
BRDA:269,21,2,2195
BRDA:275,22,0,15
BRDA:275,22,1,1180
BRDA:275,23,0,1195
BRDA:275,23,1,20
BRDA:279,24,0,307
BRDA:279,24,1,873
BRDA:295,25,0,404
BRDA:295,25,1,1634
BRDA:305,26,0,4296
BRDA:305,26,1,18
BRDA:305,27,0,4314
BRDA:305,27,1,101
BRDA:318,28,0,19
BRDA:318,28,1,1170
BRDA:337,29,0,69202
BRDA:337,29,1,38648
BRDA:395,30,0,0
BRDA:395,30,1,3
BRDA:398,31,0,0
BRDA:398,31,1,3
BRDA:453,32,0,3222
BRDA:453,32,1,8
BRDA:466,33,0,841
BRDA:466,33,1,2389
BRDA:469,34,0,487
BRDA:469,34,1,2743
BRF:72
BRH:67
end_of_record
TN:
SF:src/conductor/compile-block/unfold-mapped/mapped.ts
FN:28,(anonymous_0)
FNF:1
FNH:1
FNDA:7389,(anonymous_0)
DA:4,24
DA:5,24
DA:15,24
DA:29,7389
DA:30,7389
DA:33,7389
DA:36,7389
DA:37,7389
DA:43,135
DA:44,627
DA:45,627
DA:47,627
DA:50,135
LF:13
LH:13
BRDA:37,0,0,7254
BRDA:37,0,1,135
BRDA:47,1,0,0
BRDA:47,1,1,627
BRF:4
BRH:3
end_of_record
TN:
SF:src/conductor/compile-block/unfold-mapped/utils-mapped.ts
FN:18,createSeed
FNF:1
FNH:1
FNDA:332,createSeed
DA:4,24
DA:5,24
DA:18,24
DA:21,332
DA:24,332
DA:25,77
DA:29,77
DA:31,77
DA:36,332
LF:9
LH:9
BRDA:24,0,0,77
BRDA:24,0,1,255
BRF:2
BRH:2
end_of_record
TN:
SF:src/conductor/compile-block/unfold-stepped/stepped.ts
FN:27,(anonymous_6)
FN:41,(anonymous_7)
FN:75,(anonymous_8)
FN:90,(anonymous_9)
FN:111,(anonymous_10)
FNF:5
FNH:5
FNDA:7389,(anonymous_6)
FNDA:181,(anonymous_7)
FNDA:6179,(anonymous_8)
FNDA:2287,(anonymous_9)
FNDA:113,(anonymous_10)
DA:3,24
DA:4,24
DA:5,24
DA:14,24
DA:29,7389
DA:31,7389
DA:32,38684
DA:33,38684
DA:35,38684
DA:36,38469
DA:40,215
DA:41,215
DA:42,215
DA:43,215
DA:44,181
DA:45,181
DA:47,34
DA:48,34
DA:51,215
DA:52,215
DA:53,215
DA:56,215
DA:58,215
DA:59,215
DA:62,1015
DA:75,1015
DA:76,6179
DA:80,1015
DA:82,1015
DA:84,203
DA:85,203
DA:89,1015
DA:90,1015
DA:92,2287
DA:93,2287
DA:95,34
DA:98,86
DA:101,491
DA:104,50
DA:107,91
DA:110,91
DA:111,91
DA:112,113
DA:116,91
DA:119,29
DA:122,0
DA:125,158
DA:128,18
DA:131,86
DA:134,4
DA:138,2287
DA:139,499
DA:141,13
DA:144,17
DA:147,0
DA:150,2
DA:155,2287
DA:156,499
DA:158,20
DA:166,1015
DA:173,1015
DA:174,554
DA:177,1015
DA:178,1015
DA:181,1015
DA:209,1015
DA:211,1015
DA:214,215
DA:215,215
DA:218,7389
LF:70
LH:68
BRDA:35,0,0,38469
BRDA:35,0,1,215
BRDA:43,1,0,181
BRDA:43,1,1,34
BRDA:76,2,0,2808
BRDA:76,2,1,3371
BRDA:82,3,0,203
BRDA:82,3,1,812
BRDA:85,4,0,0
BRDA:85,4,1,203
BRDA:92,5,0,2287
BRDA:92,5,1,0
BRDA:93,6,0,34
BRDA:93,6,1,86
BRDA:93,6,2,491
BRDA:93,6,3,50
BRDA:93,6,4,91
BRDA:93,6,5,29
BRDA:93,6,6,0
BRDA:93,6,7,158
BRDA:93,6,8,18
BRDA:93,6,9,86
BRDA:93,6,10,4
BRDA:112,7,0,0
BRDA:112,7,1,113
BRDA:138,8,0,499
BRDA:138,8,1,1788
BRDA:139,9,0,13
BRDA:139,9,1,17
BRDA:139,9,2,0
BRDA:139,9,3,2
BRDA:155,10,0,499
BRDA:155,10,1,1788
BRDA:156,11,0,20
BRDA:166,12,0,273
BRDA:166,12,1,742
BRDA:168,13,0,32
BRDA:168,13,1,710
BRDA:173,14,0,554
BRDA:173,14,1,461
BRDA:173,15,0,1015
BRDA:173,15,1,800
BRDA:173,15,2,262
BRDA:177,16,0,1015
BRDA:177,16,1,1015
BRF:45
BRH:40
end_of_record
TN:
SF:src/conductor/compile-midi/midi-builder.ts
FN:41,(anonymous_0)
FN:59,(anonymous_1)
FN:86,buildClick
FN:91,(anonymous_3)
FNF:4
FNH:2
FNDA:2385,(anonymous_0)
FNDA:7164,(anonymous_1)
FNDA:0,buildClick
FNDA:0,(anonymous_3)
DA:1,24
DA:2,24
DA:6,24
DA:28,24
DA:46,2385
DA:49,2385
DA:52,2385
DA:53,7155
DA:54,7155
DA:55,7155
DA:59,2385
DA:60,7164
DA:64,2385
DA:65,2385
DA:66,28620
DA:67,28620
DA:68,2747
DA:71,2385
DA:73,2385
DA:87,0
DA:88,0
DA:89,0
DA:91,0
DA:92,0
LF:24
LH:19
BRDA:49,0,0,0
BRDA:49,0,1,2385
BRDA:67,1,0,2747
BRDA:67,1,1,25873
BRF:4
BRH:3
end_of_record
TN:
SF:src/conductor/compile-midi/mod-guitar-TimGM6mb.ts
FN:52,(anonymous_6)
FN:61,(anonymous_7)
FN:140,(anonymous_8)
FN:140,(anonymous_9)
FN:151,(anonymous_10)
FN:151,(anonymous_11)
FN:192,resolveInstToTrackId
FN:221,createTracks
FN:223,(anonymous_14)
FNF:9
FNH:9
FNDA:7155,(anonymous_6)
FNDA:28620,(anonymous_7)
FNDA:238,(anonymous_8)
FNDA:238,(anonymous_9)
FNDA:621,(anonymous_10)
FNDA:9691,(anonymous_11)
FNDA:116567,resolveInstToTrackId
FNDA:7155,createTracks
FNDA:28620,(anonymous_14)
DA:3,24
DA:4,24
DA:40,24
DA:53,7155
DA:58,7155
DA:61,28620
DA:64,7155
DA:65,7155
DA:66,7155
DA:69,7155
DA:70,28095
DA:72,28095
DA:73,2423
DA:74,2423
DA:78,28095
DA:81,168571
DA:82,168571
DA:85,116569
DA:86,116569
DA:87,116569
DA:88,116569
DA:89,116569
DA:90,116569
DA:93,116569
DA:96,0
DA:105,116569
DA:108,116567
DA:112,116567
DA:117,116567
DA:123,116567
DA:129,116567
DA:132,116567
DA:140,7155
DA:141,238
DA:145,238
DA:151,7155
DA:153,9691
DA:157,9691
DA:193,116567
DA:194,116567
DA:223,7155
DA:224,28620
DA:225,28620
DA:226,28620
DA:228,28620
DA:229,28620
DA:232,7155
LF:47
LH:46
BRDA:72,0,0,2423
BRDA:72,0,1,25672
BRDA:82,1,0,52002
BRDA:82,1,1,116569
BRDA:82,2,0,168571
BRDA:82,2,1,116570
BRDA:89,3,0,116569
BRDA:89,3,1,110991
BRDA:93,4,0,0
BRDA:93,4,1,116569
BRDA:93,5,0,116569
BRDA:93,5,1,116569
BRDA:105,6,0,2
BRDA:105,6,1,116567
BRDA:112,7,0,111125
BRDA:112,7,1,5442
BRDA:114,8,0,5394
BRDA:114,8,1,48
BRDA:124,9,0,16
BRDA:124,9,1,116551
BRDA:127,10,0,116567
BRDA:127,10,1,112028
BRDA:145,11,0,0
BRDA:145,11,1,238
BRDA:157,12,0,0
BRDA:157,12,1,9691
BRDA:192,13,0,0
BRDA:193,14,0,111125
BRDA:193,14,1,5442
BRDA:193,15,0,116567
BRDA:193,15,1,5446
BRDA:193,16,0,1260
BRDA:193,16,1,115307
BRDA:226,17,0,9540
BRDA:226,17,1,19080
BRF:35
BRH:31
end_of_record
TN:
SF:src/conductor/compile-style/compile-style.ts
FN:54,(anonymous_0)
FNF:1
FNH:1
FNDA:2457,(anonymous_0)
DA:1,24
DA:2,24
DA:4,24
DA:5,24
DA:6,24
DA:7,24
DA:8,24
DA:9,24
DA:10,24
DA:11,24
DA:12,24
DA:13,24
DA:35,24
DA:57,2457
DA:58,2457
DA:61,2457
DA:62,10
DA:66,2447
DA:67,2447
DA:70,2447
DA:73,2447
DA:74,7341
DA:77,7341
DA:78,7341
DA:81,7341
DA:82,7341
DA:85,7341
DA:86,7341
DA:89,7341
DA:90,7341
DA:93,7341
DA:94,7341
DA:97,7341
DA:98,7341
DA:101,7341
DA:102,7341
DA:105,7341
DA:106,7341
DA:109,7341
DA:110,7341
DA:114,2447
LF:41
LH:41
BRDA:58,0,0,0
BRDA:58,0,1,2457
BRDA:61,1,0,10
BRDA:61,1,1,2447
BRDA:67,2,0,0
BRDA:67,2,1,2447
BRDA:78,3,0,0
BRDA:78,3,1,7341
BRDA:82,4,0,0
BRDA:82,4,1,7341
BRDA:86,5,0,0
BRDA:86,5,1,7341
BRDA:90,6,0,0
BRDA:90,6,1,7341
BRDA:94,7,0,0
BRDA:94,7,1,7341
BRDA:98,8,0,0
BRDA:98,8,1,7341
BRDA:102,9,0,0
BRDA:102,9,1,7341
BRDA:106,10,0,0
BRDA:106,10,1,7341
BRDA:110,11,0,0
BRDA:110,11,1,7341
BRF:24
BRH:13
end_of_record
TN:
SF:src/conductor/compile-style/resolve-approach.ts
FN:37,(anonymous_6)
FN:54,inView
FN:62,(anonymous_8)
FN:73,core
FN:83,(anonymous_10)
FN:115,(anonymous_11)
FN:133,createSlideNote
FN:154,(anonymous_13)
FN:167,(anonymous_14)
FN:174,(anonymous_15)
FN:187,(anonymous_16)
FN:213,(anonymous_17)
FN:231,setStartTickWithCalcEditableArea
FN:242,(anonymous_19)
FN:244,(anonymous_20)
FN:248,(anonymous_21)
FN:250,(anonymous_22)
FN:278,getBaseTick
FN:295,createSlideInfo
FN:345,(anonymous_25)
FN:347,(anonymous_26)
FN:350,(anonymous_27)
FN:351,(anonymous_28)
FN:366,(anonymous_29)
FN:371,(anonymous_30)
FN:371,(anonymous_31)
FN:389,(anonymous_32)
FN:394,(anonymous_33)
FNF:28
FNH:28
FNDA:7352,(anonymous_6)
FNDA:2,inView
FNDA:4,(anonymous_8)
FNDA:122,core
FNDA:175,(anonymous_10)
FNDA:175,(anonymous_11)
FNDA:120,createSlideNote
FNDA:175,(anonymous_13)
FNDA:3196,(anonymous_14)
FNDA:768,(anonymous_15)
FNDA:7,(anonymous_16)
FNDA:175,(anonymous_17)
FNDA:120,setStartTickWithCalcEditableArea
FNDA:175,(anonymous_19)
FNDA:175,(anonymous_20)
FNDA:175,(anonymous_21)
FNDA:175,(anonymous_22)
FNDA:120,getBaseTick
FNDA:130,createSlideInfo
FNDA:196,(anonymous_25)
FNDA:196,(anonymous_26)
FNDA:172,(anonymous_27)
FNDA:181,(anonymous_28)
FNDA:9,(anonymous_29)
FNDA:4,(anonymous_30)
FNDA:4,(anonymous_31)
FNDA:4,(anonymous_32)
FNDA:4,(anonymous_33)
DA:2,25
DA:4,25
DA:5,25
DA:6,25
DA:35,25
DA:38,7352
DA:40,7352
DA:41,35511
DA:43,35511
DA:44,35511
DA:45,120
DA:46,120
DA:50,7352
DA:54,25
DA:61,2
DA:62,4
DA:64,2
DA:66,2
DA:67,2
DA:74,122
DA:75,122
DA:78,122
DA:79,122
DA:80,2
DA:81,2
DA:83,175
DA:86,120
DA:88,120
DA:90,120
DA:91,0
DA:95,120
DA:98,120
DA:99,120
DA:102,120
DA:107,120
DA:108,120
DA:111,120
DA:112,120
DA:115,120
DA:116,175
DA:119,170
DA:123,120
DA:137,120
DA:144,120
DA:147,120
DA:150,120
DA:151,120
DA:152,120
DA:154,175
DA:157,120
DA:159,120
DA:161,550
DA:167,3196
DA:168,550
DA:169,550
DA:170,550
DA:171,550
DA:174,550
DA:176,768
DA:177,755
DA:178,175
DA:184,175
DA:187,7
DA:189,580
DA:190,580
DA:192,755
DA:197,768
DA:198,593
DA:199,532
DA:201,593
DA:202,593
DA:203,593
DA:206,550
DA:207,550
DA:209,550
DA:212,120
DA:213,120
DA:214,175
DA:215,147
DA:217,175
DA:218,175
DA:219,175
DA:222,120
DA:241,120
DA:243,175
DA:244,175
DA:247,120
DA:249,175
DA:250,175
DA:262,120
DA:263,120
DA:266,120
DA:267,2
DA:269,118
DA:272,120
DA:279,120
DA:280,120
DA:281,120
DA:282,30
DA:283,30
DA:284,30
DA:286,120
DA:287,8
DA:289,120
DA:295,25
DA:310,130
DA:313,130
DA:316,130
DA:317,705
DA:319,705
DA:321,201
DA:322,201
DA:323,201
DA:325,201
DA:326,181
DA:327,181
DA:329,181
DA:331,181
DA:332,181
DA:334,181
DA:337,201
DA:340,130
DA:343,127
DA:345,196
DA:347,196
DA:350,172
DA:351,124
DA:352,181
DA:353,181
DA:354,6
DA:355,6
DA:356,6
DA:357,6
DA:360,124
DA:366,9
DA:367,3
DA:369,2
DA:370,2
DA:371,4
DA:372,4
DA:373,4
DA:374,2
DA:375,2
DA:376,2
DA:380,2
DA:383,2
DA:385,2
DA:389,2
DA:390,4
DA:391,4
DA:392,4
DA:393,4
DA:395,4
LF:153
LH:152
BRDA:44,0,0,120
BRDA:44,0,1,35391
BRDA:44,1,0,35511
BRDA:44,1,1,240
BRDA:46,2,0,0
BRDA:46,2,1,120
BRDA:64,3,0,2
BRDA:64,3,1,2
BRDA:67,4,0,1
BRDA:67,4,1,1
BRDA:79,5,0,2
BRDA:79,5,1,120
BRDA:90,6,0,0
BRDA:90,6,1,120
BRDA:95,7,0,120
BRDA:95,7,1,90
BRDA:99,8,0,69
BRDA:99,8,1,51
BRDA:116,9,0,170
BRDA:116,9,1,5
BRDA:167,10,0,761
BRDA:167,10,1,2435
BRDA:176,11,0,755
BRDA:176,11,1,13
BRDA:176,12,0,768
BRDA:176,12,1,22
BRDA:177,13,0,175
BRDA:177,13,1,580
BRDA:184,14,0,170
BRDA:184,14,1,5
BRDA:197,15,0,593
BRDA:197,15,1,175
BRDA:198,16,0,532
BRDA:198,16,1,61
BRDA:203,17,0,318
BRDA:203,17,1,275
BRDA:214,18,0,147
BRDA:214,18,1,28
BRDA:219,19,0,7
BRDA:219,19,1,168
BRDA:266,20,0,2
BRDA:266,20,1,118
BRDA:281,21,0,30
BRDA:281,21,1,90
BRDA:286,22,0,8
BRDA:286,22,1,112
BRDA:319,23,0,201
BRDA:319,23,1,504
BRDA:319,24,0,705
BRDA:319,24,1,206
BRDA:325,25,0,181
BRDA:325,25,1,20
BRDA:331,26,0,0
BRDA:331,26,1,181
BRDA:331,27,0,29
BRDA:331,27,1,152
BRDA:340,28,0,3
BRDA:340,28,1,127
BRDA:343,29,0,124
BRDA:343,29,1,3
BRDA:353,30,0,6
BRDA:353,30,1,175
BRDA:353,31,0,181
BRDA:353,31,1,15
BRDA:356,32,0,2
BRDA:356,32,1,4
BRDA:357,33,0,0
BRDA:357,33,1,6
BRDA:367,34,0,1
BRDA:367,34,1,2
BRDA:373,35,0,2
BRDA:373,35,1,2
BRDA:375,36,0,2
BRDA:375,36,1,0
BRDA:380,37,0,0
BRDA:380,37,1,2
BRDA:380,38,0,2
BRDA:380,38,1,1
BRDA:383,39,0,1
BRDA:383,39,1,1
BRDA:385,40,0,1
BRDA:385,40,1,1
BRDA:395,41,0,4
BRDA:395,41,1,3
BRF:84
BRH:78
end_of_record
TN:
SF:src/conductor/compile-style/resolve-bendX.ts
FN:40,(anonymous_6)
FN:48,(anonymous_7)
FN:69,bdView
FN:99,core
FN:132,(anonymous_10)
FN:158,(anonymous_11)
FN:176,makeBend
FN:204,choking
FN:248,vibrate
FN:305,getBendRangeWithStaticRangeForChoking
FN:327,(anonymous_16)
FN:328,(anonymous_17)
FN:330,(anonymous_18)
FN:383,getBendRangeWithStaticRangeForVibrate
FN:396,(anonymous_20)
FN:397,(anonymous_21)
FN:399,(anonymous_22)
FNF:17
FNH:16
FNDA:7341,(anonymous_6)
FNDA:6468,(anonymous_7)
FNDA:0,bdView
FNDA:1071,core
FNDA:4601,(anonymous_10)
FNDA:282,(anonymous_11)
FNDA:1265,makeBend
FNDA:1192,choking
FNDA:73,vibrate
FNDA:1192,getBendRangeWithStaticRangeForChoking
FNDA:7164,(anonymous_16)
FNDA:7164,(anonymous_17)
FNDA:6720,(anonymous_18)
FNDA:894,getBendRangeWithStaticRangeForVibrate
FNDA:6894,(anonymous_20)
FNDA:6894,(anonymous_21)
FNDA:6474,(anonymous_22)
DA:3,24
DA:6,24
DA:7,24
DA:8,24
DA:33,24
DA:41,7341
DA:44,7341
DA:45,35476
DA:46,35476
DA:47,35476
DA:48,6468
DA:50,1077
DA:53,1071
DA:54,1071
DA:55,1071
DA:59,7341
DA:69,24
DA:73,0
DA:78,0
DA:87,0
DA:89,0
DA:101,1071
DA:105,1071
DA:109,1071
DA:112,1071
DA:115,1071
DA:116,1265
DA:118,1265
DA:119,1265
DA:121,1265
DA:122,1265
DA:124,1242
DA:126,1242
DA:130,1242
DA:131,590
DA:132,590
DA:133,4601
DA:134,1316
DA:137,431
DA:140,885
DA:141,688
DA:142,688
DA:147,590
DA:149,444
DA:156,1071
DA:158,282
DA:159,47
DA:160,25
DA:165,1071
DA:178,1265
DA:179,1192
DA:182,73
DA:183,73
DA:184,11
DA:185,10
DA:186,1
DA:187,1
DA:189,0
DA:192,73
DA:205,1192
DA:208,1192
DA:209,1192
DA:212,1192
DA:215,1173
DA:217,643
DA:218,643
DA:221,530
DA:226,1173
DA:235,1192
DA:237,1192
DA:249,73
DA:251,73
DA:254,73
DA:256,24
DA:257,24
DA:258,24
DA:262,73
DA:265,894
DA:266,894
DA:269,894
DA:271,880
DA:273,452
DA:278,428
DA:282,880
DA:290,880
DA:294,73
DA:296,73
DA:312,1192
DA:315,1192
DA:316,1192
DA:317,1192
DA:318,306
DA:319,886
DA:320,104
DA:321,104
DA:323,782
DA:327,7164
DA:328,7164
DA:329,1192
DA:330,6720
DA:334,1192
DA:335,74
DA:336,74
DA:340,1192
DA:346,19
DA:350,1173
DA:351,276
DA:358,1173
DA:359,11
DA:371,1173
DA:384,894
DA:387,894
DA:388,894
DA:389,894
DA:390,0
DA:392,894
DA:396,6894
DA:397,6894
DA:398,894
DA:399,6474
DA:403,894
DA:404,70
DA:405,70
DA:412,894
DA:413,14
DA:417,880
DA:418,880
DA:421,880
LF:128
LH:122
BRDA:47,0,0,1077
BRDA:47,0,1,34399
BRDA:47,1,0,35476
BRDA:47,1,1,1090
BRDA:50,2,0,6
BRDA:50,2,1,1071
BRDA:50,3,0,1077
BRDA:50,3,1,600
BRDA:55,4,0,0
BRDA:55,4,1,1071
BRDA:112,5,0,1070
BRDA:112,5,1,1
BRDA:112,6,0,1071
BRDA:112,6,1,103
BRDA:119,7,0,0
BRDA:119,7,1,1265
BRDA:122,8,0,1242
BRDA:122,8,1,23
BRDA:130,9,0,590
BRDA:130,9,1,652
BRDA:133,10,0,1316
BRDA:133,10,1,3285
BRDA:134,11,0,431
BRDA:134,11,1,885
BRDA:134,12,0,1316
BRDA:134,12,1,1137
BRDA:140,13,0,688
BRDA:140,13,1,197
BRDA:147,14,0,444
BRDA:147,14,1,146
BRDA:156,15,0,47
BRDA:156,15,1,1024
BRDA:158,16,0,28
BRDA:158,16,1,254
BRDA:159,17,0,25
BRDA:159,17,1,22
BRDA:178,18,0,1192
BRDA:178,18,1,73
BRDA:183,19,0,11
BRDA:183,19,1,62
BRDA:184,20,0,10
BRDA:184,20,1,1
BRDA:186,21,0,1
BRDA:186,21,1,0
BRDA:209,22,0,0
BRDA:209,22,1,1192
BRDA:212,23,0,1173
BRDA:212,23,1,19
BRDA:215,24,0,643
BRDA:215,24,1,530
BRDA:221,25,0,529
BRDA:221,25,1,1
BRDA:254,26,0,24
BRDA:254,26,1,49
BRDA:266,27,0,0
BRDA:266,27,1,894
BRDA:269,28,0,880
BRDA:269,28,1,14
BRDA:271,29,0,452
BRDA:271,29,1,428
BRDA:273,30,0,451
BRDA:273,30,1,1
BRDA:278,31,0,428
BRDA:278,31,1,0
BRDA:290,32,0,428
BRDA:290,32,1,452
BRDA:294,33,0,24
BRDA:294,33,1,49
BRDA:317,34,0,306
BRDA:317,34,1,886
BRDA:319,35,0,104
BRDA:319,35,1,782
BRDA:327,36,0,3195
BRDA:327,36,1,3969
BRDA:329,37,0,1118
BRDA:329,37,1,74
BRDA:334,38,0,74
BRDA:334,38,1,1118
BRDA:334,39,0,1192
BRDA:334,39,1,1118
BRDA:340,40,0,19
BRDA:340,40,1,1173
BRDA:340,41,0,1192
BRDA:340,41,1,1189
BRDA:350,42,0,276
BRDA:350,42,1,897
BRDA:358,43,0,11
BRDA:358,43,1,1162
BRDA:389,44,0,0
BRDA:389,44,1,894
BRDA:396,45,0,5022
BRDA:396,45,1,1872
BRDA:398,46,0,824
BRDA:398,46,1,70
BRDA:403,47,0,70
BRDA:403,47,1,824
BRDA:403,48,0,894
BRDA:403,48,1,824
BRDA:412,49,0,14
BRDA:412,49,1,880
BRDA:412,50,0,894
BRDA:412,50,1,894
BRDA:417,51,0,11
BRDA:417,51,1,869
BRDA:418,52,0,0
BRDA:418,52,1,880
BRF:106
BRH:98
end_of_record
TN:
SF:src/conductor/compile-style/resolve-bpm.ts
FN:19,(anonymous_0)
FN:123,(anonymous_1)
FN:143,(anonymous_2)
FN:175,setTransitionBPM
FN:241,setLocallyBPM
FN:256,removeBPMTargetRange
FNF:6
FNH:6
FNDA:2457,(anonymous_0)
FNDA:7371,(anonymous_1)
FNDA:2447,(anonymous_2)
FNDA:9,setTransitionBPM
FNDA:6,setLocallyBPM
FNDA:15,removeBPMTargetRange
DA:1,24
DA:6,24
DA:12,24
DA:20,2457
DA:21,2457
DA:25,2457
DA:32,2457
DA:35,2457
DA:38,2457
DA:41,2457
DA:42,2457
DA:44,31680
DA:47,31680
DA:50,2689
DA:51,2689
DA:53,2689
DA:54,2522
DA:55,2522
DA:59,31680
DA:62,31680
DA:64,15
DA:66,6
DA:67,6
DA:71,9
DA:72,9
DA:73,9
DA:74,9
DA:80,2457
DA:82,19
DA:83,57
DA:84,57
DA:85,57
DA:86,96
DA:93,2438
DA:94,7314
DA:96,7314
DA:98,7314
DA:99,7314
DA:100,32365
DA:101,32365
DA:103,32365
DA:105,66597
DA:106,29968
DA:107,29968
DA:110,36629
DA:111,2397
DA:112,2397
DA:113,2397
DA:122,2457
DA:123,2457
DA:124,7371
DA:126,2519
DA:127,2519
DA:130,2457
DA:131,2443
DA:132,2443
DA:135,2457
DA:144,2447
DA:146,2447
DA:148,2447
DA:149,2447
DA:151,2447
DA:152,8835
DA:153,8835
DA:154,6388
DA:155,6388
DA:156,6388
DA:158,8835
DA:159,8835
DA:162,2447
DA:176,9
DA:177,9
DA:180,9
DA:181,0
DA:182,9
DA:183,0
DA:184,0
DA:185,0
DA:190,9
DA:194,9
DA:195,0
DA:197,9
DA:198,0
DA:199,0
DA:200,0
DA:205,9
DA:209,9
DA:212,9
DA:213,9
DA:214,9
DA:215,9
DA:216,9
DA:219,9
DA:220,9
DA:223,9
DA:224,1430
DA:225,1430
DA:226,1430
DA:227,1430
DA:229,9
DA:231,9
DA:242,6
DA:243,0
DA:245,6
DA:246,6
DA:247,6
DA:257,15
DA:258,821
DA:259,5
DA:260,5
LF:110
LH:101
BRDA:47,0,0,2689
BRDA:47,0,1,28991
BRDA:53,1,0,2522
BRDA:53,1,1,167
BRDA:62,2,0,15
BRDA:62,2,1,31665
BRDA:62,3,0,31680
BRDA:62,3,1,467
BRDA:64,4,0,6
BRDA:64,4,1,9
BRDA:64,5,0,15
BRDA:64,5,1,9
BRDA:67,6,0,6
BRDA:67,6,1,6
BRDA:73,7,0,0
BRDA:73,7,1,9
BRDA:74,8,0,9
BRDA:74,8,1,0
BRDA:80,9,0,19
BRDA:80,9,1,2438
BRDA:105,10,0,29968
BRDA:105,10,1,36629
BRDA:110,11,0,2397
BRDA:110,11,1,34232
BRDA:110,12,0,36629
BRDA:110,12,1,36629
BRDA:124,13,0,2519
BRDA:124,13,1,4852
BRDA:127,14,0,2449
BRDA:127,14,1,70
BRDA:127,15,0,2519
BRDA:127,15,1,2519
BRDA:130,16,0,2443
BRDA:130,16,1,14
BRDA:153,17,0,6388
BRDA:153,17,1,2447
BRDA:180,18,0,0
BRDA:180,18,1,9
BRDA:182,19,0,0
BRDA:182,19,1,9
BRDA:184,20,0,0
BRDA:184,20,1,0
BRDA:184,21,0,0
BRDA:184,21,1,0
BRDA:185,22,0,0
BRDA:185,22,1,0
BRDA:194,23,0,0
BRDA:194,23,1,9
BRDA:195,24,0,0
BRDA:195,24,1,0
BRDA:197,25,0,0
BRDA:197,25,1,9
BRDA:199,26,0,0
BRDA:199,26,1,0
BRDA:199,27,0,0
BRDA:199,27,1,0
BRDA:200,28,0,0
BRDA:200,28,1,0
BRDA:227,29,0,9
BRDA:227,29,1,1421
BRDA:242,30,0,0
BRDA:242,30,1,6
BRDA:242,31,0,6
BRDA:242,31,1,6
BRDA:258,32,0,5
BRDA:258,32,1,816
BRDA:258,33,0,821
BRDA:258,33,1,5
BRF:68
BRH:47
end_of_record
TN:
SF:src/conductor/compile-style/resolve-clicks.ts
FN:25,(anonymous_6)
FN:82,addClicks
FNF:2
FNH:2
FNDA:2454,(anonymous_6)
FNDA:18,addClicks
DA:2,25
DA:19,25
DA:26,2454
DA:27,2454
DA:30,2454
DA:32,2454
DA:33,29
DA:35,18
DA:37,16
DA:45,2
DA:49,2
DA:59,11
DA:60,9
DA:61,9
DA:62,9
DA:69,2454
DA:70,7
DA:83,18
DA:84,18
DA:85,18
DA:86,18
DA:87,18
DA:88,18
DA:89,18
DA:90,18
DA:92,18
DA:93,217
DA:98,217
DA:100,217
LF:29
LH:29
BRDA:33,0,0,18
BRDA:33,0,1,11
BRDA:35,1,0,16
BRDA:35,1,1,2
BRDA:59,2,0,9
BRDA:59,2,1,2
BRDA:69,3,0,7
BRDA:69,3,1,2447
BRDA:89,4,0,7
BRDA:89,4,1,11
BRDA:96,5,0,6
BRDA:96,5,1,211
BRDA:100,6,0,51
BRDA:100,6,1,166
BRF:14
BRH:14
end_of_record
TN:
SF:src/conductor/compile-style/resolve-delay.ts
FN:12,(anonymous_0)
FN:23,(anonymous_1)
FNF:2
FNH:2
FNDA:7341,(anonymous_0)
FNDA:48,(anonymous_1)
DA:2,24
DA:5,24
DA:13,7341
DA:15,7341
DA:16,7341
DA:17,32455
DA:18,32455
DA:20,32455
DA:21,8
DA:23,8
DA:24,48
DA:25,48
DA:30,7341
LF:13
LH:13
BRDA:20,0,0,8
BRDA:20,0,1,32447
BRDA:24,1,0,25
BRDA:24,1,1,23
BRF:4
BRH:4
end_of_record
TN:
SF:src/conductor/compile-style/resolve-legato.ts
FN:20,(anonymous_6)
FN:70,apply
FN:101,velocityAdjust
FN:112,(anonymous_9)
FN:126,analyzeShiftWidth
FN:134,(anonymous_11)
FN:135,(anonymous_12)
FN:181,(anonymous_13)
FN:209,(anonymous_14)
FN:244,separateStartNote
FN:279,(anonymous_16)
FN:310,(anonymous_17)
FNF:12
FNH:11
FNDA:7341,(anonymous_6)
FNDA:378,apply
FNDA:282,velocityAdjust
FNDA:4560,(anonymous_9)
FNDA:153,analyzeShiftWidth
FNDA:918,(anonymous_11)
FNDA:2934,(anonymous_12)
FNDA:466,(anonymous_13)
FNDA:576,(anonymous_14)
FNDA:378,separateStartNote
FNDA:908,(anonymous_16)
FNDA:0,(anonymous_17)
DA:4,24
DA:5,24
DA:6,24
DA:7,24
DA:13,24
DA:21,7341
DA:23,7341
DA:24,7341
DA:25,7341
DA:28,7341
DA:29,32455
DA:30,32455
DA:32,32455
DA:34,1130
DA:36,378
DA:37,378
DA:38,378
DA:41,1130
DA:45,31325
DA:46,364
DA:47,364
DA:48,364
DA:50,31325
DA:54,7341
DA:55,14
DA:56,14
DA:59,7341
DA:73,378
DA:74,378
DA:77,378
DA:78,378
DA:79,378
DA:80,225
DA:81,225
DA:85,153
DA:86,153
DA:87,153
DA:88,57
DA:91,153
DA:102,282
DA:103,282
DA:105,282
DA:106,282
DA:108,282
DA:110,282
DA:111,760
DA:112,4560
DA:129,153
DA:130,153
DA:132,642
DA:134,918
DA:135,2934
DA:137,19
DA:142,134
DA:143,134
DA:144,134
DA:145,783
DA:146,394
DA:147,394
DA:148,1019
DA:149,1019
DA:150,1019
DA:151,448
DA:156,389
DA:157,1612
DA:158,1612
DA:159,1612
DA:160,935
DA:161,10
DA:169,124
DA:170,124
DA:171,549
DA:173,124
DA:174,124
DA:175,124
DA:177,28
DA:181,96
DA:182,466
DA:183,370
DA:184,96
DA:185,9
DA:186,87
DA:187,37
DA:188,50
DA:189,31
DA:191,19
DA:196,96
DA:199,96
DA:200,82
DA:203,96
DA:208,96
DA:209,96
DA:210,576
DA:211,204
DA:216,96
DA:217,370
DA:218,370
DA:219,370
DA:226,96
DA:232,96
DA:245,378
DA:249,378
DA:250,378
DA:251,378
DA:252,378
DA:254,378
DA:255,1675
DA:256,1675
DA:258,1675
DA:260,572
DA:261,459
DA:262,459
DA:264,113
DA:265,113
DA:271,1103
DA:272,225
DA:274,878
DA:275,878
DA:279,908
DA:280,12
DA:283,12
DA:289,12
DA:290,12
DA:291,12
DA:292,12
DA:294,12
DA:295,12
DA:296,11
DA:300,12
DA:301,12
DA:304,12
DA:305,12
DA:308,12
DA:309,0
DA:310,0
DA:311,0
DA:312,0
DA:318,12
DA:319,12
DA:320,12
DA:322,12
DA:324,12
DA:327,153
LF:143
LH:139
BRDA:32,0,0,1130
BRDA:32,0,1,31325
BRDA:32,1,0,32455
BRDA:32,1,1,1500
BRDA:34,2,0,378
BRDA:34,2,1,752
BRDA:45,3,0,364
BRDA:45,3,1,30961
BRDA:47,4,0,0
BRDA:47,4,1,364
BRDA:54,5,0,14
BRDA:54,5,1,7327
BRDA:56,6,0,0
BRDA:56,6,1,14
BRDA:74,7,0,0
BRDA:74,7,1,378
BRDA:78,8,0,0
BRDA:78,8,1,378
BRDA:79,9,0,225
BRDA:79,9,1,153
BRDA:86,10,0,0
BRDA:86,10,1,153
BRDA:87,11,0,57
BRDA:87,11,1,96
BRDA:112,12,0,2266
BRDA:112,12,1,2294
BRDA:132,13,0,153
BRDA:132,13,1,489
BRDA:134,14,0,287
BRDA:134,14,1,631
BRDA:135,15,0,19
BRDA:135,15,1,470
BRDA:135,16,0,1469
BRDA:135,16,1,1465
BRDA:145,17,0,394
BRDA:145,17,1,389
BRDA:150,18,0,448
BRDA:150,18,1,571
BRDA:150,19,0,1019
BRDA:150,19,1,448
BRDA:159,20,0,935
BRDA:159,20,1,677
BRDA:159,21,0,1612
BRDA:159,21,1,935
BRDA:160,22,0,10
BRDA:160,22,1,925
BRDA:175,23,0,28
BRDA:175,23,1,96
BRDA:182,24,0,370
BRDA:182,24,1,96
BRDA:184,25,0,9
BRDA:184,25,1,87
BRDA:186,26,0,37
BRDA:186,26,1,50
BRDA:188,27,0,31
BRDA:188,27,1,19
BRDA:199,28,0,82
BRDA:199,28,1,14
BRDA:210,29,0,204
BRDA:210,29,1,372
BRDA:258,30,0,572
BRDA:258,30,1,1103
BRDA:258,31,0,1675
BRDA:258,31,1,572
BRDA:260,32,0,459
BRDA:260,32,1,113
BRDA:260,33,0,572
BRDA:260,33,1,459
BRDA:271,34,0,225
BRDA:271,34,1,878
BRDA:271,35,0,1103
BRDA:271,35,1,225
BRDA:279,36,0,12
BRDA:279,36,1,141
BRDA:295,37,0,11
BRDA:295,37,1,1
BRDA:308,38,0,0
BRDA:308,38,1,12
BRDA:311,39,0,0
BRDA:311,39,1,0
BRF:80
BRH:72
end_of_record
TN:
SF:src/conductor/compile-style/resolve-mute-noise.ts
FN:12,(anonymous_0)
FN:23,(anonymous_1)
FN:28,(anonymous_2)
FNF:3
FNH:3
FNDA:7346,(anonymous_0)
FNDA:60,(anonymous_1)
FNDA:162,(anonymous_2)
DA:2,25
DA:5,25
DA:13,7346
DA:15,7346
DA:16,7346
DA:17,35481
DA:19,35481
DA:20,27
DA:22,27
DA:23,60
DA:25,17
DA:28,27
DA:29,162
DA:30,94
DA:31,94
DA:36,7346
LF:16
LH:16
BRDA:19,0,0,27
BRDA:19,0,1,35454
BRDA:19,1,0,35481
BRDA:19,1,1,136
BRDA:22,2,0,10
BRDA:22,2,1,17
BRDA:29,3,0,94
BRDA:29,3,1,68
BRF:8
BRH:8
end_of_record
TN:
SF:src/conductor/compile-style/resolve-slide.ts
FN:55,(anonymous_6)
FN:80,toView
FN:87,(anonymous_8)
FN:103,core
FN:134,(anonymous_10)
FN:149,(anonymous_11)
FN:171,(anonymous_12)
FN:192,createSlideNote
FN:216,(anonymous_14)
FN:237,(anonymous_15)
FN:259,(anonymous_16)
FN:268,(anonymous_17)
FN:285,buildSplitWidth
FN:295,(anonymous_19)
FN:335,setStartTickWithCalcEditableArea
FN:346,(anonymous_21)
FN:348,(anonymous_22)
FN:354,(anonymous_23)
FN:356,(anonymous_24)
FN:387,splitSlideWidth
FN:420,createSlideInfo
FN:472,(anonymous_27)
FN:473,(anonymous_28)
FN:475,(anonymous_29)
FN:476,(anonymous_30)
FN:493,(anonymous_31)
FN:499,(anonymous_32)
FN:499,(anonymous_33)
FN:518,(anonymous_34)
FN:523,(anonymous_35)
FN:532,createSlideInfoForRelease
FN:559,(anonymous_37)
FN:560,(anonymous_38)
FN:561,(anonymous_39)
FN:562,(anonymous_40)
FNF:35
FNH:31
FNDA:7359,(anonymous_6)
FNDA:3,toView
FNDA:18,(anonymous_8)
FNDA:463,core
FNDA:702,(anonymous_10)
FNDA:673,(anonymous_11)
FNDA:174,(anonymous_12)
FNDA:380,createSlideNote
FNDA:673,(anonymous_14)
FNDA:15044,(anonymous_15)
FNDA:4857,(anonymous_16)
FNDA:15044,(anonymous_17)
FNDA:380,buildSplitWidth
FNDA:673,(anonymous_19)
FNDA:380,setStartTickWithCalcEditableArea
FNDA:673,(anonymous_21)
FNDA:673,(anonymous_22)
FNDA:673,(anonymous_23)
FNDA:673,(anonymous_24)
FNDA:692,splitSlideWidth
FNDA:400,createSlideInfo
FNDA:812,(anonymous_27)
FNDA:812,(anonymous_28)
FNDA:444,(anonymous_29)
FNDA:479,(anonymous_30)
FNDA:258,(anonymous_31)
FNDA:70,(anonymous_32)
FNDA:89,(anonymous_33)
FNDA:60,(anonymous_34)
FNDA:60,(anonymous_35)
FNDA:63,createSlideInfoForRelease
FNDA:0,(anonymous_37)
FNDA:0,(anonymous_38)
FNDA:0,(anonymous_39)
FNDA:0,(anonymous_40)
DA:2,25
DA:4,25
DA:5,25
DA:6,25
DA:7,25
DA:47,25
DA:56,7359
DA:58,7359
DA:59,35001
DA:61,35001
DA:62,35001
DA:63,460
DA:64,460
DA:68,7359
DA:80,25
DA:86,3
DA:87,18
DA:88,3
DA:89,3
DA:90,3
DA:113,463
DA:114,463
DA:127,463
DA:130,463
DA:131,64
DA:132,64
DA:134,702
DA:137,399
DA:138,399
DA:139,399
DA:142,380
DA:143,380
DA:146,380
DA:149,380
DA:150,673
DA:159,380
DA:164,380
DA:165,380
DA:169,399
DA:171,90
DA:172,174
DA:178,399
DA:182,399
DA:197,380
DA:209,380
DA:212,380
DA:215,380
DA:216,380
DA:218,673
DA:220,673
DA:221,252
DA:226,380
DA:229,380
DA:230,380
DA:233,380
DA:234,380
DA:235,2481
DA:237,2481
DA:238,15044
DA:239,4853
DA:247,2481
DA:253,2481
DA:254,2481
DA:255,2481
DA:256,2481
DA:259,2481
DA:261,4857
DA:262,4832
DA:263,4832
DA:264,4832
DA:268,15044
DA:269,2481
DA:270,2481
DA:272,2481
DA:275,380
DA:295,673
DA:298,380
DA:301,380
DA:302,380
DA:304,0
DA:308,380
DA:310,349
DA:312,349
DA:314,349
DA:315,112
DA:316,312
DA:318,312
DA:319,312
DA:320,312
DA:321,112
DA:322,112
DA:323,112
DA:329,380
DA:345,380
DA:347,673
DA:348,673
DA:352,380
DA:355,673
DA:356,673
DA:359,380
DA:371,380
DA:372,380
DA:375,380
DA:376,1
DA:378,379
DA:381,380
DA:388,692
DA:391,692
DA:393,692
DA:394,692
DA:395,21
DA:397,211
DA:398,211
DA:400,92
DA:403,211
DA:404,211
DA:405,211
DA:406,211
DA:407,1551
DA:411,21
DA:414,692
DA:435,400
DA:438,400
DA:441,400
DA:442,2512
DA:445,2512
DA:447,892
DA:448,892
DA:449,892
DA:451,892
DA:452,479
DA:453,479
DA:455,479
DA:457,479
DA:458,479
DA:460,479
DA:463,892
DA:470,349
DA:472,812
DA:473,812
DA:475,444
DA:476,299
DA:477,479
DA:478,479
DA:479,71
DA:480,71
DA:487,299
DA:493,258
DA:497,43
DA:498,43
DA:499,70
DA:500,89
DA:501,89
DA:502,16
DA:503,73
DA:504,63
DA:512,37
DA:514,37
DA:516,37
DA:518,37
DA:519,60
DA:520,60
DA:521,60
DA:522,60
DA:524,60
DA:541,63
DA:544,63
DA:546,0
DA:547,0
DA:548,0
DA:549,0
DA:550,0
DA:551,0
DA:557,63
DA:559,0
DA:560,0
DA:561,0
DA:562,0
DA:563,0
DA:564,0
DA:565,0
DA:566,0
DA:568,0
DA:569,0
DA:570,0
DA:575,63
DA:576,0
DA:577,0
DA:580,63
DA:581,378
DA:583,378
DA:588,169
DA:589,169
DA:591,169
DA:596,169
DA:598,169
DA:599,169
DA:601,169
DA:602,167
DA:606,63
LF:200
LH:180
BRDA:62,0,0,460
BRDA:62,0,1,34541
BRDA:64,1,0,0
BRDA:64,1,1,460
BRDA:90,2,0,2
BRDA:90,2,1,1
BRDA:113,3,0,9
BRDA:113,3,1,454
BRDA:114,4,0,461
BRDA:114,4,1,2
BRDA:127,5,0,400
BRDA:127,5,1,63
BRDA:130,6,0,64
BRDA:130,6,1,399
BRDA:139,7,0,380
BRDA:139,7,1,19
BRDA:143,8,0,0
BRDA:143,8,1,380
BRDA:169,9,0,90
BRDA:169,9,1,309
BRDA:169,10,0,399
BRDA:169,10,1,398
BRDA:169,10,2,91
BRDA:197,11,0,321
BRDA:197,11,1,59
BRDA:220,12,0,252
BRDA:220,12,1,421
BRDA:238,13,0,4853
BRDA:238,13,1,10191
BRDA:261,14,0,4832
BRDA:261,14,1,25
BRDA:268,15,0,4832
BRDA:268,15,1,10212
BRDA:272,16,0,0
BRDA:272,16,1,2481
BRDA:301,17,0,380
BRDA:301,17,1,0
BRDA:308,18,0,349
BRDA:308,18,1,31
BRDA:308,19,0,380
BRDA:308,19,1,91
BRDA:314,20,0,112
BRDA:314,20,1,237
BRDA:320,21,0,112
BRDA:320,21,1,200
BRDA:359,22,0,0
BRDA:359,22,1,380
BRDA:375,23,0,1
BRDA:375,23,1,379
BRDA:394,24,0,21
BRDA:394,24,1,671
BRDA:394,25,0,692
BRDA:394,25,1,32
BRDA:398,26,0,92
BRDA:398,26,1,119
BRDA:411,27,0,12
BRDA:411,27,1,9
BRDA:445,28,0,892
BRDA:445,28,1,1620
BRDA:445,29,0,2512
BRDA:445,29,1,1010
BRDA:451,30,0,479
BRDA:451,30,1,413
BRDA:457,31,0,0
BRDA:457,31,1,479
BRDA:457,32,0,150
BRDA:457,32,1,329
BRDA:470,33,0,299
BRDA:470,33,1,50
BRDA:478,34,0,71
BRDA:478,34,1,408
BRDA:478,35,0,479
BRDA:478,35,1,106
BRDA:501,36,0,16
BRDA:501,36,1,73
BRDA:503,37,0,63
BRDA:503,37,1,10
BRDA:512,38,0,12
BRDA:512,38,1,25
BRDA:514,39,0,12
BRDA:514,39,1,25
BRDA:524,40,0,60
BRDA:524,40,1,56
BRDA:544,41,0,0
BRDA:544,41,1,63
BRDA:544,42,0,63
BRDA:544,42,1,30
BRDA:547,43,0,0
BRDA:547,43,1,0
BRDA:547,44,0,0
BRDA:547,44,1,0
BRDA:547,44,2,0
BRDA:549,45,0,0
BRDA:549,45,1,0
BRDA:557,46,0,0
BRDA:557,46,1,63
BRDA:557,47,0,63
BRDA:557,47,1,30
BRDA:563,48,0,0
BRDA:563,48,1,0
BRDA:565,49,0,0
BRDA:565,49,1,0
BRDA:569,50,0,0
BRDA:569,50,1,0
BRDA:575,51,0,0
BRDA:575,51,1,63
BRDA:575,52,0,63
BRDA:575,52,1,30
BRDA:583,53,0,169
BRDA:583,53,1,209
BRDA:591,54,0,169
BRDA:591,54,1,80
BRDA:601,55,0,167
BRDA:601,55,1,2
BRF:114
BRH:92
end_of_record
TN:
SF:src/conductor/compile-style/resolve-staccato.ts
FN:12,(anonymous_0)
FN:26,(anonymous_1)
FNF:2
FNH:2
FNDA:7347,(anonymous_0)
FNDA:38,(anonymous_1)
DA:2,25
DA:5,25
DA:13,7347
DA:15,7347
DA:16,7347
DA:17,32461
DA:18,32461
DA:20,32461
DA:24,9
DA:26,9
DA:27,38
DA:28,38
DA:33,7347
LF:13
LH:13
BRDA:20,0,0,9
BRDA:20,0,1,32452
BRDA:21,1,0,32461
BRDA:21,1,1,10
BRDA:27,2,0,27
BRDA:27,2,1,11
BRF:6
BRH:6
end_of_record
TN:
SF:src/conductor/compile-style/resolve-stroke.ts
FN:12,(anonymous_6)
FN:43,(anonymous_7)
FN:55,(anonymous_8)
FN:58,(anonymous_9)
FN:62,(anonymous_10)
FN:108,(anonymous_11)
FN:180,shiftOrRemoveAllPriorTargetIncludedInTick
FNF:7
FNH:7
FNDA:7341,(anonymous_6)
FNDA:195264,(anonymous_7)
FNDA:426,(anonymous_8)
FNDA:426,(anonymous_9)
FNDA:52700,(anonymous_10)
FNDA:156336,(anonymous_11)
FNDA:155898,shiftOrRemoveAllPriorTargetIncludedInTick
DA:1,24
DA:3,24
DA:6,24
DA:7,24
DA:10,24
DA:14,7341
DA:17,7341
DA:20,7341
DA:23,7341
DA:25,7341
DA:28,7341
DA:29,7341
DA:30,32508
DA:33,32508
DA:34,32508
DA:36,32508
DA:37,32508
DA:39,2812
DA:43,195264
DA:44,32508
DA:48,28045
DA:52,28045
DA:53,71
DA:54,71
DA:55,71
DA:56,426
DA:57,426
DA:58,426
DA:62,52700
DA:65,28045
DA:67,28045
DA:69,44
DA:70,44
DA:72,28001
DA:74,4490
DA:75,4490
DA:76,4490
DA:79,23511
DA:80,23511
DA:83,28045
DA:84,384
DA:86,27661
DA:90,28045
DA:91,28045
DA:94,28045
DA:97,28045
DA:100,28045
DA:103,28045
DA:106,28045
DA:107,28045
DA:108,26053
DA:109,156336
DA:116,28045
DA:119,168293
DA:122,168293
DA:124,117894
DA:126,117704
DA:128,117704
DA:130,4
DA:135,117894
DA:138,117894
DA:141,50399
DA:145,28045
DA:149,28045
DA:150,26053
DA:151,12191
DA:152,73158
DA:154,73111
DA:158,13862
DA:159,83178
DA:160,83178
DA:161,82787
DA:170,32508
DA:173,7341
DA:181,155898
DA:183,155898
DA:185,105230715
DA:186,105230715
DA:189,105230715
DA:191,73
DA:192,73
DA:193,73
DA:195,73
DA:199,105230642
DA:201,108839
DA:202,108839
LF:86
LH:86
BRDA:37,0,0,2812
BRDA:37,0,1,29696
BRDA:43,1,0,195264
BRDA:43,1,1,156010
BRDA:44,2,0,28045
BRDA:44,2,1,4463
BRDA:44,3,0,32508
BRDA:44,3,1,28948
BRDA:44,3,2,28906
BRDA:52,4,0,71
BRDA:52,4,1,27974
BRDA:52,5,0,28045
BRDA:52,5,1,26053
BRDA:53,6,0,71
BRDA:53,6,1,0
BRDA:57,7,0,190
BRDA:57,7,1,236
BRDA:57,8,0,426
BRDA:57,8,1,251
BRDA:57,8,2,251
BRDA:57,8,3,190
BRDA:67,9,0,44
BRDA:67,9,1,28001
BRDA:67,10,0,28045
BRDA:67,10,1,27579
BRDA:67,10,2,27570
BRDA:72,11,0,4490
BRDA:72,11,1,23511
BRDA:72,12,0,28001
BRDA:72,12,1,26030
BRDA:75,13,0,17
BRDA:75,13,1,4473
BRDA:75,14,0,18
BRDA:75,14,1,4455
BRDA:76,15,0,4293
BRDA:76,15,1,197
BRDA:80,16,0,139
BRDA:80,16,1,23372
BRDA:83,17,0,384
BRDA:83,17,1,27661
BRDA:83,18,0,28045
BRDA:83,18,1,27834
BRDA:103,19,0,12
BRDA:103,19,1,28033
BRDA:103,20,0,0
BRDA:103,20,1,28033
BRDA:107,21,0,26053
BRDA:107,21,1,1992
BRDA:109,22,0,55512
BRDA:109,22,1,100824
BRDA:109,23,0,156336
BRDA:109,23,1,67056
BRDA:119,24,0,165917
BRDA:119,24,1,2376
BRDA:122,25,0,117894
BRDA:122,25,1,50399
BRDA:124,26,0,117704
BRDA:124,26,1,190
BRDA:128,27,0,4
BRDA:128,27,1,117700
BRDA:149,28,0,26053
BRDA:149,28,1,1992
BRDA:150,29,0,12191
BRDA:150,29,1,13862
BRDA:150,30,0,26053
BRDA:150,30,1,13891
BRDA:150,30,2,12211
BRDA:152,31,0,73111
BRDA:152,31,1,47
BRDA:152,32,0,73158
BRDA:152,32,1,132
BRDA:159,33,0,82470
BRDA:159,33,1,708
BRDA:160,34,0,82787
BRDA:160,34,1,391
BRDA:160,35,0,83178
BRDA:160,35,1,714
BRDA:189,36,0,73
BRDA:189,36,1,105230642
BRDA:189,37,0,105230715
BRDA:189,37,1,1966055
BRDA:199,38,0,108839
BRDA:199,38,1,105121803
BRDA:199,39,0,105230642
BRDA:199,39,1,1965982
BRF:85
BRH:83
end_of_record
TN:
SF:src/conductor/compile-style/resolve-strum.ts
FN:22,(anonymous_6)
FN:54,core
FN:82,(anonymous_8)
FN:91,(anonymous_9)
FN:110,(anonymous_10)
FN:116,(anonymous_11)
FN:119,(anonymous_12)
FNF:7
FNH:6
FNDA:7341,(anonymous_6)
FNDA:79,core
FNDA:0,(anonymous_8)
FNDA:318,(anonymous_9)
FNDA:165,(anonymous_10)
FNDA:165,(anonymous_11)
FNDA:318,(anonymous_12)
DA:3,24
DA:5,24
DA:6,24
DA:7,24
DA:8,24
DA:14,24
DA:23,7341
DA:25,7341
DA:27,7341
DA:28,32455
DA:30,32455
DA:31,2812
DA:33,32455
DA:34,32455
DA:35,79
DA:36,79
DA:40,7341
DA:55,79
DA:56,79
DA:62,79
DA:65,79
DA:66,339
DA:67,279
DA:69,79
DA:71,26
DA:75,53
DA:76,53
DA:80,53
DA:81,0
DA:82,0
DA:83,0
DA:84,0
DA:90,53
DA:91,318
DA:92,53
DA:93,53
DA:94,53
DA:95,165
DA:96,165
DA:98,0
DA:103,53
DA:110,53
DA:111,165
DA:112,165
DA:113,165
DA:116,165
DA:117,53
DA:119,318
DA:121,53
DA:122,53
DA:123,53
DA:126,53
DA:129,53
DA:130,53
DA:133,53
DA:134,53
DA:135,477
DA:136,7378
DA:137,7378
DA:139,4516
DA:140,10
DA:141,10
DA:142,10
DA:145,4516
DA:146,68
DA:147,68
DA:151,53
LF:67
LH:62
BRDA:30,0,0,2812
BRDA:30,0,1,29643
BRDA:34,1,0,79
BRDA:34,1,1,32376
BRDA:66,2,0,60
BRDA:66,2,1,279
BRDA:69,3,0,26
BRDA:69,3,1,53
BRDA:69,4,0,79
BRDA:69,4,1,72
BRDA:80,5,0,0
BRDA:80,5,1,53
BRDA:83,6,0,0
BRDA:83,6,1,0
BRDA:91,7,0,102
BRDA:91,7,1,216
BRDA:96,8,0,0
BRDA:96,8,1,165
BRDA:119,9,0,165
BRDA:119,9,1,153
BRDA:137,10,0,2862
BRDA:137,10,1,4516
BRDA:137,11,0,7378
BRDA:137,11,1,4516
BRDA:139,12,0,10
BRDA:139,12,1,4506
BRDA:145,13,0,68
BRDA:145,13,1,4448
BRDA:145,14,0,4516
BRDA:145,14,1,1298
BRF:30
BRH:26
end_of_record
TN:
SF:src/conductor/compile-style/utils.curves.ts
FN:13,normalizeBandVal
FN:22,limiter
FN:39,makeHrefBend
FN:92,makeHrefBendAst
FN:123,createBendByChokeDown
FN:166,createBendByChokeUp
FNF:6
FNH:6
FNDA:4137,normalizeBandVal
FNDA:19360,limiter
FNDA:1415,makeHrefBend
FNDA:15,makeHrefBendAst
FNDA:4,createBendByChokeDown
FNDA:10,createBendByChokeUp
DA:2,25
DA:6,25
DA:13,25
DA:14,4137
DA:23,19360
DA:24,19307
DA:25,19307
DA:39,25
DA:49,1415
DA:52,1415
DA:55,1415
DA:58,1410
DA:59,1410
DA:62,1410
DA:64,1410
DA:67,19098
DA:70,19098
DA:73,19098
DA:76,19098
DA:79,1410
DA:92,25
DA:101,15
DA:102,1
DA:103,1
DA:104,1
DA:105,1
DA:107,14
DA:108,10
DA:110,4
DA:131,4
DA:132,4
DA:135,4
DA:138,4
DA:139,4
DA:142,4
DA:145,4
DA:147,4
DA:148,39
DA:149,39
DA:150,39
DA:151,39
DA:154,4
DA:175,10
DA:178,10
DA:181,9
DA:182,9
DA:185,9
DA:187,9
DA:188,223
DA:189,223
DA:190,223
DA:192,9
LF:52
LH:52
BRDA:23,0,0,53
BRDA:23,0,1,19307
BRDA:24,1,0,0
BRDA:24,1,1,19307
BRDA:45,2,0,1414
BRDA:52,3,0,1
BRDA:52,3,1,1414
BRDA:55,4,0,5
BRDA:55,4,1,1410
BRDA:76,5,0,11
BRDA:76,5,1,19087
BRDA:98,6,0,14
BRDA:101,7,0,1
BRDA:101,7,1,14
BRDA:107,8,0,10
BRDA:107,8,1,4
BRDA:145,9,0,0
BRDA:145,9,1,4
BRDA:178,10,0,1
BRDA:178,10,1,9
BRF:20
BRH:18
end_of_record
TN:
SF:src/conductor/compile-style/utils.object.ts
FN:12,emptyTabObj
FNF:1
FNH:1
FNDA:3096,emptyTabObj
DA:12,26
DA:17,3096
LF:2
LH:2
BRF:0
BRH:0
end_of_record
TN:
SF:src/conductor/diatonic-and-scale/mod-diatonic.ts
FN:71,(anonymous_0)
FNF:1
FNH:1
FNDA:29,(anonymous_0)
DA:11,30
DA:71,30
DA:72,29
LF:3
LH:3
BRF:0
BRH:0
end_of_record
TN:
SF:src/conductor/diatonic-and-scale/mod-scale.ts
FN:9,(anonymous_0)
FN:27,(anonymous_1)
FNF:2
FNH:2
FNDA:31,(anonymous_0)
FNDA:558,(anonymous_1)
DA:9,31
DA:10,31
DA:11,31
DA:12,31
DA:13,31
DA:14,31
DA:15,31
DA:16,31
DA:17,31
DA:18,31
DA:26,31
DA:27,558
DA:35,31
LF:13
LH:13
BRDA:9,0,0,31
BRDA:9,0,1,31
BRDA:27,1,0,558
BRDA:27,1,1,279
BRF:4
BRH:4
end_of_record
TN:
SF:src/conductor/dictionary/mod-chord.ts
FN:43,(anonymous_6)
FN:100,(anonymous_7)
FNF:2
FNH:2
FNDA:27688,(anonymous_6)
FNDA:25553,(anonymous_7)
DA:6,24
DA:9,24
DA:10,24
DA:11,24
DA:25,24
DA:51,27688
DA:53,27688
DA:54,27688
DA:55,19197
DA:82,8491
DA:84,8491
DA:85,31
DA:97,8460
DA:100,25553
DA:116,8460
DA:120,8460
LF:16
LH:16
BRDA:54,0,0,19197
BRDA:54,0,1,8491
BRDA:84,1,0,31
BRDA:84,1,1,8460
BRF:4
BRH:4
end_of_record
TN:
SF:src/conductor/interface/compile.ts
FN:9,(anonymous_0)
FNF:1
FNH:1
FNDA:32,(anonymous_0)
DA:9,32
DA:11,32
DA:13,32
DA:15,32
DA:17,32
DA:19,32
DA:21,32
DA:23,32
DA:25,32
DA:27,32
DA:29,32
DA:31,32
DA:33,32
LF:13
LH:13
BRDA:9,0,0,32
BRDA:9,0,1,32
BRF:2
BRH:2
end_of_record
TN:
SF:src/conductor/interface/style.ts
FN:21,(anonymous_0)
FN:176,(anonymous_1)
FN:178,(anonymous_2)
FN:225,(anonymous_3)
FN:227,(anonymous_4)
FN:272,(anonymous_5)
FN:284,(anonymous_6)
FNF:7
FNH:7
FNDA:33,(anonymous_0)
FNDA:33,(anonymous_1)
FNDA:33,(anonymous_2)
FNDA:33,(anonymous_3)
FNDA:33,(anonymous_4)
FNDA:33,(anonymous_5)
FNDA:264,(anonymous_6)
DA:21,33
DA:22,33
DA:23,33
DA:24,33
DA:25,33
DA:26,33
DA:27,33
DA:28,33
DA:29,33
DA:30,33
DA:31,33
DA:32,33
DA:176,33
DA:178,33
DA:225,33
DA:227,33
DA:272,33
DA:274,33
DA:276,33
DA:278,33
DA:280,33
DA:283,33
DA:284,264
LF:23
LH:23
BRDA:21,0,0,33
BRDA:21,0,1,33
BRDA:176,1,0,33
BRDA:176,1,1,33
BRDA:178,2,0,33
BRDA:178,2,1,33
BRDA:225,3,0,33
BRDA:225,3,1,33
BRDA:227,4,0,33
BRDA:227,4,1,33
BRDA:272,5,0,33
BRDA:272,5,1,33
BRDA:284,6,0,264
BRDA:284,6,1,132
BRF:14
BRH:14
end_of_record
TN:
SF:src/conductor/interface/utils.interface.ts
FN:141,(anonymous_0)
FN:156,(anonymous_1)
FNF:2
FNH:2
FNDA:30,(anonymous_0)
FNDA:30,(anonymous_1)
DA:106,30
DA:141,30
DA:142,30
DA:143,30
DA:144,30
DA:156,30
DA:157,30
DA:158,30
DA:159,30
DA:179,30
LF:10
LH:10
BRDA:141,0,0,30
BRDA:141,0,1,30
BRDA:156,1,0,30
BRDA:156,1,1,30
BRF:4
BRH:4
end_of_record
TN:
SF:src/conductor/setting-resolve/setting-resolver.ts
FN:17,(anonymous_6)
FN:82,normalization
FN:166,extractSettingsFromSyntax
FN:169,(anonymous_9)
FN:170,(anonymous_10)
FNF:5
FNH:5
FNDA:2781,(anonymous_6)
FNDA:434,normalization
FNDA:2781,extractSettingsFromSyntax
FNDA:5448,(anonymous_9)
FNDA:426,(anonymous_10)
DA:1,27
DA:3,27
DA:4,27
DA:11,27
DA:19,2781
DA:20,2781
DA:23,2781
DA:25,423
DA:26,423
DA:27,423
DA:28,423
DA:29,422
DA:30,422
DA:31,2
DA:70,2761
DA:82,27
DA:85,434
DA:86,5
DA:87,2
DA:88,3
DA:91,429
DA:93,2
DA:94,2
DA:97,67
DA:98,67
DA:101,6
DA:102,6
DA:103,1
DA:106,67
DA:107,67
DA:108,64
DA:111,2
DA:112,2
DA:115,3
DA:116,3
DA:119,2
DA:120,2
DA:123,67
DA:124,2
DA:125,65
DA:128,5
DA:129,2
DA:130,3
DA:134,71
DA:135,1
DA:136,70
DA:139,71
DA:140,4
DA:141,67
DA:142,67
DA:143,66
DA:145,1
DA:149,65
DA:150,1
DA:152,64
DA:155,1
DA:167,2781
DA:168,2781
DA:169,2781
DA:170,5448
DA:171,426
DA:172,426
DA:174,5448
DA:175,5448
DA:178,2781
LF:65
LH:65
BRDA:30,0,0,2
BRDA:30,0,1,420
BRDA:85,1,0,5
BRDA:85,1,1,429
BRDA:86,2,0,2
BRDA:86,2,1,3
BRDA:91,3,0,2
BRDA:91,3,1,67
BRDA:91,3,2,6
BRDA:91,3,3,67
BRDA:91,3,4,2
BRDA:91,3,5,3
BRDA:91,3,6,2
BRDA:91,3,7,67
BRDA:91,3,8,5
BRDA:91,3,9,70
BRDA:91,3,10,71
BRDA:91,3,11,71
BRDA:91,3,12,65
BRDA:91,3,13,1
BRDA:102,4,0,5
BRDA:102,4,1,1
BRDA:107,5,0,3
BRDA:107,5,1,64
BRDA:123,6,0,2
BRDA:123,6,1,65
BRDA:128,7,0,2
BRDA:128,7,1,3
BRDA:134,8,0,1
BRDA:134,8,1,70
BRDA:136,9,0,67
BRDA:136,9,1,3
BRDA:139,10,0,4
BRDA:139,10,1,67
BRDA:149,11,0,1
BRDA:149,11,1,64
BRF:36
BRH:36
end_of_record
TN:
SF:src/conductor/utils/x-array-utils.ts
FN:25,orPush
FN:53,createNumberBetweenArray
FN:54,(anonymous_2)
FN:77,getReboundIndexValue
FN:108,getReboundResolvedIndex
FN:141,findNthOneIndex
FN:142,(anonymous_6)
FN:142,(anonymous_7)
FN:166,shiftArrayAsIndex
FN:192,shiftArray
FNF:10
FNH:10
FNDA:3,orPush
FNDA:6310,createNumberBetweenArray
FNDA:157661,(anonymous_2)
FNDA:9,getReboundIndexValue
FNDA:5193,getReboundResolvedIndex
FNDA:9,findNthOneIndex
FNDA:71,(anonymous_6)
FNDA:71,(anonymous_7)
FNDA:94,shiftArrayAsIndex
FNDA:287,shiftArray
DA:25,32
DA:26,3
DA:30,2
DA:53,32
DA:54,157661
DA:77,32
DA:79,9
DA:81,9
DA:82,2
DA:84,9
DA:108,32
DA:110,5193
DA:112,5193
DA:113,909
DA:115,5193
DA:141,32
DA:142,71
DA:166,32
DA:167,94
DA:168,94
DA:169,94
DA:192,32
DA:193,287
DA:194,287
DA:195,287
DA:196,287
LF:26
LH:26
BRDA:26,0,0,1
BRDA:26,0,1,2
BRDA:81,1,0,2
BRDA:81,1,1,7
BRDA:112,2,0,909
BRDA:112,2,1,4284
BRDA:142,3,0,41
BRDA:142,3,1,30
BRF:8
BRH:8
end_of_record
TN:
SF:src/conductor/utils/x-math-utils.ts
FN:32,greatestCommonDivisor
FNF:1
FNH:1
FNDA:767,greatestCommonDivisor
DA:32,29
DA:33,767
DA:34,1491
DA:35,1491
DA:36,1491
DA:38,767
LF:6
LH:6
BRF:0
BRH:0
end_of_record
TN:
SF:src/conductor/utils/x-midi-note-utils.ts
FN:36,tuningToStringPitch
FNF:1
FNH:1
FNDA:2883,tuningToStringPitch
DA:2,31
DA:36,31
DA:41,2883
DA:53,2883
DA:54,2883
DA:56,17331
DA:58,17331
DA:60,17331
DA:62,17331
DA:64,17331
DA:68,2883
LF:11
LH:11
BRF:0
BRH:0
end_of_record
TN:
SF:src/conductor/utils/x-scale-utils.ts
FN:36,bitScaleToSymScale
FN:39,(anonymous_7)
FN:62,createExtensionBin
FN:65,(anonymous_9)
FN:93,getMidiNoteFromFingering
FN:108,(anonymous_11)
FN:146,createActiveNoteOnlyList
FN:149,(anonymous_13)
FN:149,(anonymous_14)
FN:150,(anonymous_15)
FN:150,(anonymous_16)
FN:178,addExtendKeyIntoScale
FN:184,(anonymous_18)
FN:225,createBoardFullLine
FN:244,(anonymous_20)
FN:256,(anonymous_21)
FNF:16
FNH:16
FNDA:4,bitScaleToSymScale
FNDA:48,(anonymous_7)
FNDA:4,createExtensionBin
FNDA:48,(anonymous_9)
FNDA:809,getMidiNoteFromFingering
FNDA:4854,(anonymous_11)
FNDA:337,createActiveNoteOnlyList
FNDA:16284,(anonymous_13)
FNDA:16284,(anonymous_14)
FNDA:16284,(anonymous_15)
FNDA:16284,(anonymous_16)
FNDA:336,addExtendKeyIntoScale
FNDA:1782,(anonymous_18)
FNDA:83,createBoardFullLine
FNDA:996,(anonymous_20)
FNDA:308,(anonymous_21)
DA:3,25
DA:4,25
DA:5,25
DA:36,25
DA:38,4
DA:39,48
DA:62,25
DA:64,4
DA:65,48
DA:93,25
DA:104,809
DA:105,809
DA:106,809
DA:107,809
DA:108,809
DA:109,4854
DA:110,1792
DA:111,1792
DA:112,1792
DA:113,1792
DA:114,1792
DA:117,809
DA:146,25
DA:148,337
DA:149,16284
DA:150,16284
DA:178,25
DA:183,336
DA:184,336
DA:185,1782
DA:186,97
DA:187,97
DA:188,391
DA:192,336
DA:225,25
DA:235,83
DA:238,83
DA:241,83
DA:244,996
DA:247,83
DA:248,83
DA:251,83
DA:252,83
DA:253,83
DA:256,308
DA:257,83
DA:260,83
LF:47
LH:47
BRDA:39,0,0,26
BRDA:39,0,1,22
[...]
DA:194,52
DA:196,52
DA:197,52
DA:198,52
DA:199,52
DA:202,52
DA:203,120
DA:208,120
DA:211,52
DA:212,52
DA:213,52
DA:214,693
DA:215,693
DA:217,176
DA:218,175
DA:219,59
DA:220,59
DA:223,1
DA:225,176
DA:226,176
DA:230,14
DA:231,14
DA:232,12
DA:233,12
DA:235,14
DA:236,14
DA:241,14
DA:242,14
DA:245,4
DA:246,4
DA:247,4
DA:250,4
DA:251,4
DA:252,4
DA:255,495
DA:258,693
DA:260,52
DA:262,52
DA:272,31
DA:273,36
LF:89
LH:89
BRDA:71,0,0,5
BRDA:83,1,0,142
BRDA:83,1,1,6908
BRDA:87,2,0,140
BRDA:87,2,1,2
BRDA:89,3,0,96
BRDA:89,3,1,44
BRDA:101,4,0,335
BRDA:101,4,1,6573
BRDA:103,5,0,335
BRDA:103,5,1,0
BRDA:105,6,0,326
BRDA:105,6,1,9
BRDA:109,7,0,330
BRDA:109,7,1,5
BRDA:119,8,0,7
BRDA:119,8,1,6566
BRDA:122,9,0,7
BRDA:122,9,1,6559
BRDA:125,10,0,1194
BRDA:125,10,1,5365
BRDA:127,11,0,602
BRDA:127,11,1,592
BRDA:140,12,0,660
BRDA:140,12,1,86
BRDA:174,13,0,4
BRDA:174,13,1,1
BRDA:176,14,0,3
BRDA:176,14,1,1
BRDA:215,15,0,176
BRDA:215,15,1,14
BRDA:215,15,2,4
BRDA:215,15,3,4
BRDA:215,15,4,495
BRDA:217,16,0,175
BRDA:217,16,1,1
BRDA:218,17,0,59
BRDA:218,17,1,116
BRDA:230,18,0,14
BRDA:231,19,0,12
BRDA:231,19,1,2
BRDA:260,20,0,49
BRDA:260,20,1,3
BRDA:273,21,0,8
BRDA:273,21,1,28
BRF:45
BRH:44
end_of_record
TN:
SF:src/conductor/utils/x-tick-utils.ts
FN:37,getSoundLength
FN:64,calculateTimeForTicks
FN:91,getTicksByTime
FN:129,untilNextToTick
FN:157,reduceUntilNextArrByGCD
FNF:5
FNH:5
FNDA:11,getSoundLength
FNDA:1332,calculateTimeForTicks
FNDA:63,getTicksByTime
FNDA:62984,untilNextToTick
FNDA:750,reduceUntilNextArrByGCD
DA:2,28
DA:3,28
DA:37,28
DA:39,11
DA:64,28
DA:65,1332
DA:66,1332
DA:91,28
DA:93,63
DA:96,63
DA:99,63
DA:102,63
DA:104,63
DA:129,28
DA:130,62984
DA:157,28
DA:158,750
DA:159,750
DA:160,750
LF:19
LH:19
BRF:0
BRH:0
end_of_record
TN:
SF:src/conductor/utils/x-utils.ts
FN:34,decimalizeAdd
FN:56,decimalizeMul
FN:78,decimalizeDiv
FN:100,decimalizeSub
FN:125,innerTrimerForStyleKey
FN:152,resolveNonRegularKey2str
FN:209,resolveNonRegularKey3str
FN:255,searchNextKey
FN:281,searchPrevKey
FNF:9
FNH:9
FNDA:9207,decimalizeAdd
FNDA:7,decimalizeMul
FNDA:4,decimalizeDiv
FNDA:6,decimalizeSub
FNDA:9092,innerTrimerForStyleKey
FNDA:60539,resolveNonRegularKey2str
FNDA:60510,resolveNonRegularKey3str
FNDA:33,searchNextKey
FNDA:22,searchPrevKey
DA:2,35
DA:3,35
DA:34,35
DA:35,9207
DA:56,35
DA:57,7
DA:78,35
DA:79,4
DA:100,35
DA:101,6
DA:125,35
DA:126,9092
DA:131,9092
DA:152,35
DA:154,60539
DA:156,7
DA:159,16
DA:162,35
DA:165,22
DA:168,5
DA:171,11
DA:174,23
DA:177,61
DA:180,12
DA:209,35
DA:211,60510
DA:213,29
DA:214,29
DA:215,4
DA:218,25
DA:219,25
DA:220,21
DA:223,4
DA:224,4
DA:233,60482
DA:255,35
DA:256,33
DA:257,33
DA:258,33
DA:281,35
DA:282,22
DA:283,22
DA:284,22
LF:43
LH:43
BRDA:154,0,0,7
BRDA:154,0,1,16
BRDA:154,0,2,35
BRDA:154,0,3,22
BRDA:154,0,4,5
BRDA:154,0,5,11
BRDA:154,0,6,23
BRDA:154,0,7,61
BRDA:154,0,8,12
BRDA:154,0,9,60347
BRDA:211,1,0,29
BRDA:211,1,1,60481
BRDA:214,2,0,4
BRDA:214,2,1,25
BRDA:219,3,0,21
BRDA:219,3,1,4
BRDA:224,4,0,3
BRDA:224,4,1,1
BRDA:281,5,0,14
BRF:19
BRH:19
end_of_record
TN:
SF:src/conductor/validation/mod-flash-validation.ts
FN:18,allowAnnotation
FN:54,offset
FN:90,click
FNF:3
FNH:3
FNDA:7,allowAnnotation
FNDA:5,offset
FNDA:41,click
DA:2,26
DA:3,26
DA:18,26
DA:29,7
DA:40,7
DA:54,26
DA:56,5
DA:57,2
DA:61,3
DA:62,3
DA:63,1
DA:67,2
DA:76,2
DA:90,26
DA:92,41
DA:93,1
DA:96,40
DA:97,40
DA:99,40
DA:100,16
DA:101,16
DA:103,24
DA:104,17
DA:113,17
DA:116,7
DA:117,7
DA:118,4
DA:119,1
DA:122,3
DA:131,3
LF:30
LH:30
BRDA:56,0,0,2
BRDA:56,0,1,3
BRDA:62,1,0,1
BRDA:62,1,1,2
BRDA:92,2,0,1
BRDA:92,2,1,40
BRDA:99,3,0,16
BRDA:99,3,1,24
BRDA:103,4,0,17
BRDA:103,4,1,7
BRDA:117,5,0,3
BRDA:117,5,1,4
BRDA:118,6,0,1
BRDA:118,6,1,3
BRF:14
BRH:14
end_of_record
TN:
SF:src/conductor/validation/mod-legato-validation.ts
FN:10,valid
FNF:1
FNH:1
FNDA:382,valid
DA:2,25
DA:10,25
DA:13,382
DA:15,382
DA:16,1135
DA:17,1135
DA:19,2
DA:25,380
LF:8
LH:8
BRDA:17,0,0,2
BRDA:17,0,1,1133
BRF:2
BRH:2
end_of_record
TN:
SF:src/conductor/validation/mod-note-validation.ts
FN:20,degreeSymbol
FN:109,chordSymbol
FN:146,tabSymbol
FNF:3
FNH:3
FNDA:82,degreeSymbol
FNDA:27880,chordSymbol
FNDA:1845,tabSymbol
DA:1,25
DA:4,25
DA:5,25
DA:20,25
DA:26,82
DA:28,82
DA:29,82
DA:30,82
DA:33,82
DA:34,71
DA:35,71
DA:37,11
DA:39,2
DA:48,73
DA:49,71
DA:50,18
DA:51,18
DA:53,53
DA:56,71
DA:62,73
DA:63,11
DA:64,6
DA:65,6
DA:67,5
DA:69,1
DA:78,7
DA:79,6
DA:80,2
DA:81,2
DA:86,4
DA:91,4
DA:94,5
DA:96,62
DA:109,25
DA:111,27880
DA:116,27878
DA:121,27877
DA:126,27851
DA:127,65
DA:128,65
DA:134,27846
DA:146,25
DA:147,1845
DA:149,1845
DA:151,1845
DA:157,1836
DA:158,1836
DA:159,11051
DA:161,11051
DA:162,7851
DA:163,7851
DA:164,7851
DA:167,3200
DA:168,31
DA:169,31
DA:170,31
DA:173,3169
DA:180,3145
DA:181,3145
DA:187,3139
DA:189,3139
DA:192,1806
LF:62
LH:62
BRDA:33,0,0,71
BRDA:33,0,1,11
BRDA:37,1,0,2
BRDA:37,1,1,9
BRDA:48,2,0,71
BRDA:48,2,1,2
BRDA:49,3,0,18
BRDA:49,3,1,53
BRDA:49,4,0,71
BRDA:49,4,1,61
BRDA:51,5,0,1
BRDA:51,5,1,17
BRDA:53,6,0,3
BRDA:53,6,1,50
BRDA:57,7,0,4
BRDA:57,7,1,67
BRDA:58,8,0,50
BRDA:58,8,1,21
BRDA:62,9,0,11
BRDA:62,9,1,62
BRDA:63,10,0,6
BRDA:63,10,1,5
BRDA:67,11,0,1
BRDA:67,11,1,4
BRDA:78,12,0,6
BRDA:78,12,1,1
BRDA:79,13,0,2
BRDA:79,13,1,4
BRDA:79,14,0,6
BRDA:79,14,1,5
BRDA:81,15,0,1
BRDA:81,15,1,1
BRDA:86,16,0,1
BRDA:86,16,1,3
BRDA:111,17,0,2
BRDA:111,17,1,27878
BRDA:116,18,0,1
BRDA:116,18,1,27877
BRDA:121,19,0,26
BRDA:121,19,1,27851
BRDA:126,20,0,65
BRDA:126,20,1,27786
BRDA:128,21,0,5
BRDA:128,21,1,60
BRDA:128,22,0,65
BRDA:128,22,1,65
BRDA:151,23,0,9
BRDA:151,23,1,1836
BRDA:161,24,0,7851
BRDA:161,24,1,3200
BRDA:161,25,0,11051
BRDA:161,25,1,6666
BRDA:167,26,0,31
BRDA:167,26,1,3169
BRDA:173,27,0,24
BRDA:173,27,1,3145
BRDA:181,28,0,6
BRDA:181,28,1,3139
BRF:58
BRH:58
end_of_record
TN:
SF:src/conductor/validation/mod-structure.validation.ts
FN:14,styleStart
FN:36,regionStart
FN:54,colonOfStart
FNF:3
FNH:3
FNDA:9727,styleStart
FNDA:3029,regionStart
FNDA:4075,colonOfStart
DA:1,25
DA:2,25
DA:14,25
DA:15,9727
DA:16,29
DA:25,9698
DA:36,25
DA:38,3029
DA:43,3020
DA:54,25
DA:56,4075
DA:66,4061
DA:72,4056
LF:13
LH:13
BRDA:15,0,0,29
BRDA:15,0,1,9698
BRDA:16,1,0,9
BRDA:16,1,1,20
BRDA:38,2,0,9
BRDA:38,2,1,3020
BRDA:56,3,0,14
BRDA:56,3,1,4061
BRDA:66,4,0,5
BRDA:66,4,1,4056
BRF:10
BRH:10
end_of_record
TN:
SF:src/conductor/validation/mod-style-validation.ts
FN:22,approach
FN:43,(anonymous_7)
FN:71,bendX
FN:289,transitionBPM
FN:353,simpleBPM
FN:372,delay
FN:406,degree
FN:532,(anonymous_13)
FN:533,(anonymous_14)
FN:543,mapped
FN:706,tuning
FN:710,(anonymous_17)
FN:713,(anonymous_18)
FN:723,(anonymous_19)
FN:744,untilNext
FN:751,(anonymous_21)
FN:767,staccato
FN:803,createStepPlan
FN:944,step
FN:959,(anonymous_25)
FN:983,(anonymous_26)
FN:1032,strum
FN:1238,stroke
FN:1274,scale
FN:1303,(anonymous_30)
FN:1331,slide
FN:1412,velocities
FN:1424,(anonymous_33)
FN:1429,(anonymous_34)
FN:1445,velocity
FNF:30
FNH:30
FNDA:89,approach
FNDA:516,(anonymous_7)
FNDA:291,bendX
FNDA:30,transitionBPM
FNDA:2697,simpleBPM
FNDA:14,delay
FNDA:46,degree
FNDA:312,(anonymous_13)
FNDA:312,(anonymous_14)
FNDA:159,mapped
FNDA:54,tuning
FNDA:349,(anonymous_17)
FNDA:60,(anonymous_18)
FNDA:316,(anonymous_19)
FNDA:2958,untilNext
FNDA:5900,(anonymous_21)
FNDA:18,staccato
FNDA:218,createStepPlan
FNDA:209,step
FNDA:1245,(anonymous_25)
FNDA:748,(anonymous_26)
FNDA:56,strum
FNDA:104,stroke
FNDA:94,scale
FNDA:24,(anonymous_30)
FNDA:94,slide
FNDA:16,velocities
FNDA:52,(anonymous_33)
FNDA:49,(anonymous_34)
FNDA:51,velocity
DA:1,30
DA:2,30
DA:3,30
DA:4,30
DA:5,30
DA:6,30
DA:7,30
DA:8,30
DA:9,30
DA:10,30
DA:11,30
DA:22,30
DA:23,89
DA:25,89
DA:28,89
DA:29,22
DA:30,22
DA:31,22
DA:32,3
DA:35,19
DA:36,19
DA:38,67
DA:42,86
DA:43,86
DA:44,516
DA:45,516
DA:46,2
DA:48,514
DA:50,86
DA:51,2
DA:55,84
DA:56,2
DA:59,82
DA:61,82
DA:71,30
DA:72,291
DA:73,291
DA:75,291
DA:76,291
DA:78,291
DA:79,291
DA:81,401
DA:87,401
DA:88,401
DA:90,401
DA:92,401
DA:93,401
DA:94,792
DA:95,792
DA:98,792
DA:101,792
DA:102,254
DA:103,254
DA:104,2
DA:110,252
DA:112,78
DA:113,78
DA:125,252
DA:126,217
DA:127,217
DA:128,96
DA:129,2
DA:133,215
DA:134,215
DA:135,1
DA:144,249
DA:149,538
DA:152,15
DA:153,4
DA:154,4
DA:155,11
DA:156,10
DA:157,10
DA:159,1
DA:165,523
DA:166,328
DA:167,328
DA:168,12
DA:171,316
DA:175,195
DA:176,6
DA:179,189
DA:180,52
DA:181,52
DA:185,137
DA:186,4
DA:191,133
DA:197,19
DA:201,751
DA:230,360
DA:231,21
DA:235,360
DA:236,100
DA:237,1
DA:239,99
DA:242,15
DA:245,359
DA:248,359
DA:251,52
DA:254,307
DA:257,359
DA:261,249
DA:289,30
DA:290,30
DA:292,30
DA:297,30
DA:298,9
DA:301,9
DA:302,9
DA:304,9
DA:307,21
DA:308,1
DA:314,20
DA:315,20
DA:318,19
DA:319,19
DA:320,19
DA:324,20
DA:325,20
DA:327,17
DA:328,17
DA:329,2
DA:331,17
DA:332,17
DA:335,20
DA:336,1
DA:340,19
DA:341,1
DA:347,18
DA:353,30
DA:355,2697
DA:357,2697
DA:358,2
DA:361,2695
DA:362,2695
DA:363,12
DA:366,2683
DA:372,30
DA:373,14
DA:375,14
DA:376,1
DA:379,13
DA:380,10
DA:381,10
DA:382,9
DA:384,3
DA:388,9
DA:389,1
DA:399,8
DA:406,30
DA:407,46
DA:408,46
DA:411,46
DA:412,46
DA:414,105
DA:415,105
DA:416,105
DA:418,105
DA:419,105
DA:425,36
DA:426,4
DA:427,32
DA:428,1
DA:431,69
DA:433,1
DA:436,68
DA:438,14
DA:440,14
DA:442,8
DA:443,3
DA:449,5
DA:452,6
DA:454,5
DA:455,2
DA:459,3
DA:463,1
DA:470,54
DA:472,6
DA:473,6
DA:476,9
DA:477,9
DA:480,5
DA:481,5
DA:484,12
DA:485,12
DA:488,14
DA:489,14
DA:492,8
DA:499,90
DA:503,31
DA:504,2
DA:510,29
DA:511,29
DA:512,29
DA:516,29
DA:517,29
DA:518,29
DA:519,3
DA:524,26
DA:525,3
DA:526,3
DA:528,26
DA:531,26
DA:532,312
DA:533,312
DA:534,26
DA:536,26
DA:543,30
DA:544,159
DA:546,159
DA:547,2
DA:565,157
DA:569,157
DA:570,308
DA:573,308
DA:574,308
DA:578,308
DA:579,308
DA:581,178
DA:586,308
DA:587,308
DA:588,35
DA:593,308
DA:594,308
DA:595,12
DA:600,308
DA:601,101
DA:602,101
DA:603,108
DA:604,108
DA:605,25
DA:607,83
DA:608,79
DA:611,4
DA:619,304
DA:620,12
DA:621,12
DA:623,12
DA:624,1
DA:629,11
DA:630,260
DA:635,260
DA:638,292
DA:639,35
DA:640,35
DA:641,35
DA:643,35
DA:644,1
DA:649,34
DA:650,1
DA:655,33
DA:656,33
DA:657,212
DA:662,212
DA:663,212
DA:666,257
DA:667,178
DA:668,178
DA:669,178
DA:670,178
DA:672,178
DA:673,1
DA:678,177
DA:680,1474
DA:685,1474
DA:690,79
DA:695,79
DA:700,149
DA:706,30
DA:708,54
DA:710,349
DA:711,54
DA:712,5
DA:713,60
DA:718,49
DA:719,3
DA:723,316
DA:727,46
DA:729,46
DA:730,267
DA:731,1
DA:738,45
DA:744,30
DA:746,2958
DA:747,8
DA:751,5900
DA:753,2950
DA:754,2
DA:757,2948
DA:758,11
DA:761,2937
DA:767,30
DA:768,18
DA:770,18
DA:771,3
DA:774,15
DA:775,10
DA:776,10
DA:777,9
DA:779,5
DA:783,9
DA:784,2
DA:788,7
DA:789,1
DA:793,6
DA:803,30
DA:805,218
DA:806,218
DA:807,218
DA:808,218
DA:810,218
DA:813,218
DA:814,218
DA:815,218
DA:816,218
DA:818,1562
DA:820,7
DA:822,2
DA:823,2
DA:824,2
DA:827,7
DA:828,7
DA:829,7
DA:832,1555
DA:834,1555
DA:835,71
DA:836,71
DA:839,1484
DA:840,3
DA:844,1481
DA:845,1
DA:850,1480
DA:852,74
DA:853,1
DA:857,73
DA:859,21
DA:860,21
DA:861,21
DA:864,73
DA:865,73
DA:868,1406
DA:869,72
DA:870,1
DA:874,71
DA:875,1
DA:879,70
DA:882,70
DA:883,70
DA:884,70
DA:885,70
DA:889,1334
DA:890,298
DA:891,298
DA:892,298
DA:893,298
DA:898,1036
DA:900,104
DA:901,104
DA:907,932
DA:915,253
DA:916,253
DA:921,679
DA:923,679
DA:924,679
DA:925,679
DA:926,679
DA:931,211
DA:933,203
DA:937,211
DA:944,30
DA:946,209
DA:947,2
DA:951,207
DA:952,207
DA:954,205
DA:955,205
DA:958,205
DA:959,1245
DA:960,205
DA:961,967
DA:963,967
DA:972,967
DA:973,967
DA:974,296
DA:975,671
DA:976,3
DA:977,3
DA:978,668
DA:979,5
DA:980,5
DA:981,663
DA:982,662
DA:983,748
DA:988,1
DA:992,966
DA:993,966
DA:994,239
DA:995,1
DA:998,238
DA:1012,965
DA:1013,965
DA:1014,156
DA:1018,965
DA:1019,965
DA:1021,965
DA:1025,203
DA:1032,30
DA:1033,56
DA:1035,56
DA:1036,28
DA:1037,28
DA:1038,30
DA:1040,17
DA:1041,17
DA:1042,1
DA:1045,16
DA:1047,13
DA:1049,6
DA:1050,6
DA:1051,5
DA:1053,7
DA:1059,47
DA:1060,1
DA:1064,46
DA:1065,1
DA:1069,45
DA:1070,45
DA:1071,45
DA:1238,30
DA:1239,104
DA:1241,104
DA:1244,104
DA:1246,100
DA:1247,76
DA:1248,76
DA:1249,75
DA:1252,24
DA:1253,1
DA:1256,23
DA:1257,19
DA:1262,4
DA:1268,99
DA:1274,30
DA:1275,94
DA:1277,94
DA:1279,94
DA:1280,184
DA:1281,184
DA:1282,90
DA:1284,94
DA:1285,85
DA:1286,85
DA:1288,9
DA:1290,4
DA:1291,1
DA:1296,3
DA:1297,1
DA:1302,2
DA:1303,24
DA:1306,5
DA:1312,87
DA:1313,3
DA:1318,84
DA:1319,1
DA:1325,83
DA:1331,30
DA:1332,94
DA:1334,94
DA:1336,94
DA:1339,70
DA:1340,15
DA:1341,15
DA:1342,14
DA:1343,14
DA:1347,55
DA:1348,55
DA:1349,8
DA:1350,8
DA:1351,2
DA:1353,8
DA:1357,47
DA:1358,47
DA:1359,31
DA:1360,31
DA:1361,31
DA:1362,31
DA:1366,16
DA:1367,10
DA:1368,10
DA:1372,6
DA:1373,1
DA:1374,1
DA:1378,5
DA:1383,88
DA:1387,88
DA:1389,74
DA:1391,74
DA:1394,88
DA:1396,88
DA:1397,19
DA:1401,88
DA:1402,3
DA:1406,88
DA:1412,30
DA:1424,16
DA:1425,52
DA:1426,52
DA:1429,49
DA:1430,3
DA:1433,13
DA:1434,1
DA:1439,12
DA:1445,30
DA:1446,51
DA:1448,51
DA:1449,9
DA:1451,42
LF:517
LH:517
BRDA:28,0,0,22
BRDA:28,0,1,67
BRDA:31,1,0,3
BRDA:31,1,1,19
BRDA:31,2,0,22
BRDA:31,2,1,21
BRDA:45,3,0,2
BRDA:45,3,1,514
BRDA:48,4,0,348
BRDA:48,4,1,166
BRDA:50,5,0,2
BRDA:50,5,1,84
BRDA:55,6,0,2
BRDA:55,6,1,82
BRDA:101,7,0,254
BRDA:101,7,1,538
BRDA:103,8,0,2
BRDA:103,8,1,252
BRDA:110,9,0,78
BRDA:110,9,1,174
BRDA:110,10,0,252
BRDA:110,10,1,113
BRDA:125,11,0,217
BRDA:125,11,1,35
BRDA:125,12,0,252
BRDA:125,12,1,252
BRDA:127,13,0,96
BRDA:127,13,1,121
BRDA:128,14,0,2
BRDA:128,14,1,94
BRDA:134,15,0,1
BRDA:134,15,1,214
BRDA:145,16,0,210
BRDA:145,16,1,39
BRDA:146,17,0,200
BRDA:146,17,1,49
BRDA:149,18,0,15
BRDA:149,18,1,523
BRDA:152,19,0,4
BRDA:152,19,1,11
BRDA:155,20,0,10
BRDA:155,20,1,1
BRDA:165,21,0,328
BRDA:165,21,1,195
BRDA:167,22,0,12
BRDA:167,22,1,316
BRDA:167,23,0,328
BRDA:167,23,1,327
BRDA:175,24,0,6
BRDA:175,24,1,189
BRDA:176,25,0,3
BRDA:176,25,1,3
BRDA:179,26,0,52
BRDA:179,26,1,137
BRDA:185,27,0,4
BRDA:185,27,1,133
BRDA:191,28,0,114
BRDA:191,28,1,19
BRDA:230,29,0,21
BRDA:230,29,1,339
BRDA:230,30,0,360
BRDA:230,30,1,308
BRDA:235,31,0,100
BRDA:235,31,1,260
BRDA:235,32,0,360
BRDA:235,32,1,110
BRDA:236,33,0,1
BRDA:236,33,1,99
BRDA:239,34,0,15
BRDA:239,34,1,84
BRDA:248,35,0,52
BRDA:248,35,1,307
BRDA:297,36,0,9
BRDA:297,36,1,21
BRDA:307,37,0,1
BRDA:307,37,1,20
BRDA:315,38,0,19
BRDA:315,38,1,1
BRDA:318,39,0,5
BRDA:318,39,1,14
BRDA:318,40,0,4
BRDA:318,40,1,1
BRDA:325,41,0,17
BRDA:325,41,1,3
BRDA:328,42,0,2
BRDA:328,42,1,15
BRDA:329,43,0,1
BRDA:329,43,1,1
BRDA:335,44,0,1
BRDA:335,44,1,19
BRDA:335,45,0,20
BRDA:335,45,1,18
BRDA:335,45,2,19
BRDA:340,46,0,1
BRDA:340,46,1,18
BRDA:357,47,0,2
BRDA:357,47,1,2695
BRDA:362,48,0,12
BRDA:362,48,1,2683
BRDA:362,49,0,2695
BRDA:362,49,1,2689
BRDA:362,49,2,2683
BRDA:375,50,0,1
BRDA:375,50,1,13
BRDA:379,51,0,10
BRDA:379,51,1,3
BRDA:381,52,0,1
BRDA:381,52,1,9
BRDA:388,53,0,1
BRDA:388,53,1,8
BRDA:419,54,0,36
BRDA:419,54,1,69
BRDA:425,55,0,4
BRDA:425,55,1,32
BRDA:427,56,0,1
BRDA:427,56,1,31
BRDA:431,57,0,1
BRDA:431,57,1,68
BRDA:436,58,0,14
BRDA:436,58,1,54
BRDA:440,59,0,8
BRDA:440,59,1,6
BRDA:440,60,0,14
BRDA:440,60,1,11
BRDA:440,60,2,6
BRDA:440,60,3,6
BRDA:442,61,0,3
BRDA:442,61,1,5
BRDA:442,62,0,8
BRDA:442,62,1,4
BRDA:452,63,0,5
BRDA:452,63,1,1
BRDA:454,64,0,2
BRDA:454,64,1,3
BRDA:454,65,0,5
BRDA:454,65,1,5
BRDA:470,66,0,6
BRDA:470,66,1,9
BRDA:470,66,2,5
BRDA:470,66,3,12
BRDA:470,66,4,14
BRDA:470,66,5,8
BRDA:503,67,0,2
BRDA:503,67,1,29
BRDA:503,68,0,31
BRDA:503,68,1,13
BRDA:510,69,0,1
BRDA:510,69,1,28
BRDA:511,70,0,18
BRDA:511,70,1,11
BRDA:512,71,0,5
BRDA:512,71,1,24
BRDA:518,72,0,3
BRDA:518,72,1,26
BRDA:524,73,0,3
BRDA:524,73,1,23
BRDA:532,74,0,182
BRDA:532,74,1,130
BRDA:546,75,0,2
BRDA:546,75,1,157
BRDA:579,76,0,178
BRDA:579,76,1,130
BRDA:587,77,0,35
BRDA:587,77,1,273
BRDA:594,78,0,12
BRDA:594,78,1,296
BRDA:600,79,0,101
BRDA:600,79,1,207
BRDA:604,80,0,25
BRDA:604,80,1,83
BRDA:607,81,0,79
BRDA:607,81,1,4
BRDA:619,82,0,12
BRDA:619,82,1,292
BRDA:620,83,0,10
BRDA:620,83,1,2
BRDA:623,84,0,1
BRDA:623,84,1,11
BRDA:638,85,0,35
BRDA:638,85,1,257
BRDA:643,86,0,1
BRDA:643,86,1,34
BRDA:649,87,0,1
BRDA:649,87,1,33
BRDA:666,88,0,178
BRDA:666,88,1,79
BRDA:669,89,0,2
BRDA:669,89,1,176
BRDA:669,90,0,178
BRDA:669,90,1,2
BRDA:670,91,0,175
BRDA:670,91,1,3
BRDA:672,92,0,1
BRDA:672,92,1,177
BRDA:678,93,0,1633
BRDA:678,93,1,18
BRDA:710,94,0,349
BRDA:710,94,1,347
BRDA:711,95,0,5
BRDA:711,95,1,49
BRDA:711,96,0,54
BRDA:711,96,1,51
BRDA:714,97,0,1
BRDA:714,97,1,4
BRDA:718,98,0,3
BRDA:718,98,1,46
BRDA:718,99,0,49
BRDA:718,99,1,47
BRDA:730,100,0,1
BRDA:730,100,1,266
BRDA:746,101,0,8
BRDA:746,101,1,2950
BRDA:753,102,0,2
BRDA:753,102,1,2948
BRDA:757,103,0,11
BRDA:757,103,1,2937
BRDA:757,104,0,2948
BRDA:757,104,1,2947
BRDA:770,105,0,3
BRDA:770,105,1,15
BRDA:774,106,0,10
BRDA:774,106,1,5
BRDA:776,107,0,1
BRDA:776,107,1,9
BRDA:783,108,0,2
BRDA:783,108,1,7
BRDA:788,109,0,1
BRDA:788,109,1,6
BRDA:818,110,0,7
BRDA:818,110,1,1555
BRDA:820,111,0,2
BRDA:820,111,1,5
BRDA:820,112,0,7
BRDA:820,112,1,5
BRDA:834,113,0,71
BRDA:834,113,1,1484
BRDA:839,114,0,3
BRDA:839,114,1,1481
BRDA:844,115,0,1
BRDA:844,115,1,1480
BRDA:844,116,0,1481
BRDA:844,116,1,756
BRDA:850,117,0,74
BRDA:850,117,1,1406
BRDA:852,118,0,1
BRDA:852,118,1,73
BRDA:857,119,0,21
BRDA:857,119,1,52
BRDA:868,120,0,72
BRDA:868,120,1,1334
BRDA:869,121,0,1
BRDA:869,121,1,71
BRDA:874,122,0,1
BRDA:874,122,1,70
BRDA:874,123,0,71
BRDA:874,123,1,70
BRDA:889,124,0,298
BRDA:889,124,1,1036
BRDA:898,125,0,104
BRDA:898,125,1,932
BRDA:907,126,0,253
BRDA:907,126,1,679
BRDA:931,127,0,203
BRDA:931,127,1,8
BRDA:946,128,0,2
BRDA:946,128,1,207
BRDA:952,129,0,2
BRDA:952,129,1,205
BRDA:973,130,0,296
BRDA:973,130,1,671
BRDA:975,131,0,3
BRDA:975,131,1,668
BRDA:978,132,0,5
BRDA:978,132,1,663
BRDA:981,133,0,662
BRDA:981,133,1,1
BRDA:993,134,0,239
BRDA:993,134,1,727
BRDA:994,135,0,1
BRDA:994,135,1,238
BRDA:1013,136,0,156
BRDA:1013,136,1,809
BRDA:1035,137,0,28
BRDA:1035,137,1,28
BRDA:1038,138,0,17
BRDA:1038,138,1,13
BRDA:1041,139,0,1
BRDA:1041,139,1,16
BRDA:1041,140,0,17
BRDA:1041,140,1,17
BRDA:1047,141,0,6
BRDA:1047,141,1,7
BRDA:1050,142,0,1
BRDA:1050,142,1,5
BRDA:1059,143,0,1
BRDA:1059,143,1,46
BRDA:1059,144,0,47
BRDA:1059,144,1,5
BRDA:1064,145,0,1
BRDA:1064,145,1,45
BRDA:1064,146,0,46
BRDA:1064,146,1,4
BRDA:1069,147,0,42
BRDA:1069,147,1,3
BRDA:1070,148,0,31
BRDA:1070,148,1,14
BRDA:1246,149,0,76
BRDA:1246,149,1,24
BRDA:1248,150,0,1
BRDA:1248,150,1,75
BRDA:1252,151,0,1
BRDA:1252,151,1,23
BRDA:1256,152,0,19
BRDA:1256,152,1,4
BRDA:1281,153,0,90
BRDA:1281,153,1,94
BRDA:1284,154,0,85
BRDA:1284,154,1,9
BRDA:1288,155,0,4
BRDA:1288,155,1,5
BRDA:1290,156,0,1
BRDA:1290,156,1,3
BRDA:1296,157,0,1
BRDA:1296,157,1,2
BRDA:1303,158,0,9
BRDA:1303,158,1,15
BRDA:1312,159,0,3
BRDA:1312,159,1,84
BRDA:1318,160,0,1
BRDA:1318,160,1,83
BRDA:1339,161,0,15
BRDA:1339,161,1,55
BRDA:1341,162,0,1
BRDA:1341,162,1,14
BRDA:1348,163,0,8
BRDA:1348,163,1,47
BRDA:1350,164,0,2
BRDA:1350,164,1,6
BRDA:1358,165,0,31
BRDA:1358,165,1,16
BRDA:1360,166,0,18
BRDA:1360,166,1,13
BRDA:1361,167,0,12
BRDA:1361,167,1,19
BRDA:1366,168,0,10
BRDA:1366,168,1,6
BRDA:1372,169,0,1
BRDA:1372,169,1,5
BRDA:1383,170,0,57
BRDA:1383,170,1,31
BRDA:1387,171,0,74
BRDA:1387,171,1,14
BRDA:1389,172,0,29
BRDA:1389,172,1,45
BRDA:1391,173,0,45
BRDA:1391,173,1,29
BRDA:1394,174,0,86
BRDA:1394,174,1,2
BRDA:1396,175,0,19
BRDA:1396,175,1,69
BRDA:1401,176,0,3
BRDA:1401,176,1,85
BRDA:1401,177,0,88
BRDA:1401,177,1,29
BRDA:1426,178,0,2
BRDA:1426,178,1,50
BRDA:1426,179,0,48
BRDA:1426,179,1,2
BRDA:1429,180,0,3
BRDA:1429,180,1,13
BRDA:1429,181,0,49
BRDA:1429,181,1,49
BRDA:1429,181,2,48
BRDA:1429,181,3,48
BRDA:1433,182,0,1
BRDA:1433,182,1,12
BRDA:1448,183,0,9
BRDA:1448,183,1,42
BRDA:1448,184,0,51
BRDA:1448,184,1,47
BRDA:1451,185,0,42
BRDA:1451,185,1,1
BRF:382
BRH:382
end_of_record
TN:
SF:src/conductor/validation/mod-suffix-validation.ts
FN:19,mathSuffixExtension
FNF:1
FNH:1
FNDA:29884,mathSuffixExtension
DA:1,25
DA:3,25
DA:4,25
DA:19,25
DA:20,29884
DA:22,29884
DA:23,29884
DA:24,728
DA:25,1
DA:29,727
DA:30,727
DA:31,12
DA:34,727
DA:35,727
DA:37,727
DA:38,727
DA:40,727
DA:42,727
DA:45,29883
LF:19
LH:19
BRDA:23,0,0,728
BRDA:23,0,1,29156
BRDA:24,1,0,1
BRDA:24,1,1,727
BRDA:30,2,0,12
BRDA:30,2,1,715
BRDA:35,3,0,569
BRDA:35,3,1,158
BRDA:38,4,0,159
BRDA:38,4,1,568
BRF:10
BRH:10
end_of_record
